<?xml version="1.0" encoding="UTF-8"?>
<testsuites tests="126" failures="0" disabled="4" errors="0" time="19.149" timestamp="2026-02-11T19:33:34.998" name="AllTests">
  <testsuite name="BasicTest" tests="16" failures="0" disabled="0" skipped="0" errors="0" time="0.012" timestamp="2026-02-11T19:33:34.998">
    <testcase name="TestOpenCVInitialization" file="/Users/azumag/work/obs-stabilizer/tests/test_basic.cpp" line="14" status="run" result="completed" time="0.001" timestamp="2026-02-11T19:33:34.998" classname="BasicTest" />
    <testcase name="TestFrameGeneration" file="/Users/azumag/work/obs-stabilizer/tests/test_basic.cpp" line="24" status="run" result="completed" time="0." timestamp="2026-02-11T19:33:34.999" classname="BasicTest" />
    <testcase name="TestMotionFrameGeneration" file="/Users/azumag/work/obs-stabilizer/tests/test_basic.cpp" line="31" status="run" result="completed" time="0.001" timestamp="2026-02-11T19:33:34.999" classname="BasicTest" />
    <testcase name="TestSequenceGeneration" file="/Users/azumag/work/obs-stabilizer/tests/test_basic.cpp" line="38" status="run" result="completed" time="0.001" timestamp="2026-02-11T19:33:35.001" classname="BasicTest" />
    <testcase name="TestDifferentVideoFormats" file="/Users/azumag/work/obs-stabilizer/tests/test_basic.cpp" line="54" status="run" result="completed" time="0." timestamp="2026-02-11T19:33:35.002" classname="BasicTest" />
    <testcase name="TestFrameWithFeatures" file="/Users/azumag/work/obs-stabilizer/tests/test_basic.cpp" line="59" status="run" result="completed" time="0." timestamp="2026-02-11T19:33:35.003" classname="BasicTest" />
    <testcase name="TestComprehensiveTestData" file="/Users/azumag/work/obs-stabilizer/tests/test_basic.cpp" line="66" status="run" result="completed" time="0.006" timestamp="2026-02-11T19:33:35.003" classname="BasicTest" />
    <testcase name="TestHorizontalMotionFrame" file="/Users/azumag/work/obs-stabilizer/tests/test_basic.cpp" line="77" status="run" result="completed" time="0." timestamp="2026-02-11T19:33:35.009" classname="BasicTest" />
    <testcase name="TestVerticalMotionFrame" file="/Users/azumag/work/obs-stabilizer/tests/test_basic.cpp" line="87" status="run" result="completed" time="0." timestamp="2026-02-11T19:33:35.009" classname="BasicTest" />
    <testcase name="TestRotationFrame" file="/Users/azumag/work/obs-stabilizer/tests/test_basic.cpp" line="97" status="run" result="completed" time="0." timestamp="2026-02-11T19:33:35.010" classname="BasicTest" />
    <testcase name="TestZoomFrame" file="/Users/azumag/work/obs-stabilizer/tests/test_basic.cpp" line="108" status="run" result="completed" time="0." timestamp="2026-02-11T19:33:35.010" classname="BasicTest" />
    <testcase name="TestResolutionConstants" file="/Users/azumag/work/obs-stabilizer/tests/test_basic.cpp" line="119" status="run" result="completed" time="0." timestamp="2026-02-11T19:33:35.010" classname="BasicTest" />
    <testcase name="TestFrameCountConstants" file="/Users/azumag/work/obs-stabilizer/tests/test_basic.cpp" line="126" status="run" result="completed" time="0." timestamp="2026-02-11T19:33:35.010" classname="BasicTest" />
    <testcase name="TestMotionConstants" file="/Users/azumag/work/obs-stabilizer/tests/test_basic.cpp" line="133" status="run" result="completed" time="0." timestamp="2026-02-11T19:33:35.010" classname="BasicTest" />
    <testcase name="TestFeatureConstants" file="/Users/azumag/work/obs-stabilizer/tests/test_basic.cpp" line="143" status="run" result="completed" time="0." timestamp="2026-02-11T19:33:35.010" classname="BasicTest" />
    <testcase name="TestProcessingConstants" file="/Users/azumag/work/obs-stabilizer/tests/test_basic.cpp" line="151" status="run" result="completed" time="0." timestamp="2026-02-11T19:33:35.010" classname="BasicTest" />
  </testsuite>
  <testsuite name="StabilizerCoreTest" tests="28" failures="0" disabled="0" skipped="0" errors="0" time="0.144" timestamp="2026-02-11T19:33:35.010">
    <testcase name="BasicFunctionality" file="/Users/azumag/work/obs-stabilizer/tests/test_stabilizer_core.cpp" line="32" status="run" result="completed" time="0." timestamp="2026-02-11T19:33:35.010" classname="StabilizerCoreTest" />
    <testcase name="InitializationWithDifferentResolutions" file="/Users/azumag/work/obs-stabilizer/tests/test_stabilizer_core.cpp" line="44" status="run" result="completed" time="0." timestamp="2026-02-11T19:33:35.011" classname="StabilizerCoreTest" />
    <testcase name="ProcessSingleFrame" file="/Users/azumag/work/obs-stabilizer/tests/test_stabilizer_core.cpp" line="59" status="run" result="completed" time="0.003" timestamp="2026-02-11T19:33:35.011" classname="StabilizerCoreTest" />
    <testcase name="ProcessMultipleFrames" file="/Users/azumag/work/obs-stabilizer/tests/test_stabilizer_core.cpp" line="75" status="run" result="completed" time="0.011" timestamp="2026-02-11T19:33:35.014" classname="StabilizerCoreTest" />
    <testcase name="ProcessHorizontalMotion" file="/Users/azumag/work/obs-stabilizer/tests/test_stabilizer_core.cpp" line="93" status="run" result="completed" time="0.024" timestamp="2026-02-11T19:33:35.026" classname="StabilizerCoreTest" />
    <testcase name="ProcessVerticalMotion" file="/Users/azumag/work/obs-stabilizer/tests/test_stabilizer_core.cpp" line="110" status="run" result="completed" time="0.024" timestamp="2026-02-11T19:33:35.051" classname="StabilizerCoreTest" />
    <testcase name="ProcessRotation" file="/Users/azumag/work/obs-stabilizer/tests/test_stabilizer_core.cpp" line="128" status="run" result="completed" time="0.026" timestamp="2026-02-11T19:33:35.075" classname="StabilizerCoreTest" />
    <testcase name="ProcessZoom" file="/Users/azumag/work/obs-stabilizer/tests/test_stabilizer_core.cpp" line="146" status="run" result="completed" time="0.025" timestamp="2026-02-11T19:33:35.102" classname="StabilizerCoreTest" />
    <testcase name="ParameterValidation" file="/Users/azumag/work/obs-stabilizer/tests/test_stabilizer_core.cpp" line="164" status="run" result="completed" time="0." timestamp="2026-02-11T19:33:35.128" classname="StabilizerCoreTest" />
    <testcase name="UpdateParameters" file="/Users/azumag/work/obs-stabilizer/tests/test_stabilizer_core.cpp" line="194" status="run" result="completed" time="0." timestamp="2026-02-11T19:33:35.128" classname="StabilizerCoreTest" />
    <testcase name="ResetState" file="/Users/azumag/work/obs-stabilizer/tests/test_stabilizer_core.cpp" line="209" status="run" result="completed" time="0.002" timestamp="2026-02-11T19:33:35.128" classname="StabilizerCoreTest" />
    <testcase name="PerformanceMetrics" file="/Users/azumag/work/obs-stabilizer/tests/test_stabilizer_core.cpp" line="224" status="run" result="completed" time="0.01" timestamp="2026-02-11T19:33:35.130" classname="StabilizerCoreTest" />
    <testcase name="PresetConfigurations" file="/Users/azumag/work/obs-stabilizer/tests/test_stabilizer_core.cpp" line="243" status="run" result="completed" time="0." timestamp="2026-02-11T19:33:35.140" classname="StabilizerCoreTest" />
    <testcase name="ErrorHandling" file="/Users/azumag/work/obs-stabilizer/tests/test_stabilizer_core.cpp" line="260" status="run" result="completed" time="0." timestamp="2026-02-11T19:33:35.140" classname="StabilizerCoreTest" />
    <testcase name="DifferentFeatureCounts" file="/Users/azumag/work/obs-stabilizer/tests/test_stabilizer_core.cpp" line="272" status="run" result="completed" time="0.002" timestamp="2026-02-11T19:33:35.140" classname="StabilizerCoreTest" />
    <testcase name="DifferentSmoothingWindows" file="/Users/azumag/work/obs-stabilizer/tests/test_stabilizer_core.cpp" line="288" status="run" result="completed" time="0.002" timestamp="2026-02-11T19:33:35.143" classname="StabilizerCoreTest" />
    <testcase name="EdgeModePadding" file="/Users/azumag/work/obs-stabilizer/tests/test_stabilizer_core.cpp" line="304" status="run" result="completed" time="0.001" timestamp="2026-02-11T19:33:35.145" classname="StabilizerCoreTest" />
    <testcase name="EdgeModeCrop" file="/Users/azumag/work/obs-stabilizer/tests/test_stabilizer_core.cpp" line="317" status="run" result="completed" time="0.001" timestamp="2026-02-11T19:33:35.146" classname="StabilizerCoreTest" />
    <testcase name="EdgeModeScale" file="/Users/azumag/work/obs-stabilizer/tests/test_stabilizer_core.cpp" line="331" status="run" result="completed" time="0.001" timestamp="2026-02-11T19:33:35.148" classname="StabilizerCoreTest" />
    <testcase name="DetectContentBounds" file="/Users/azumag/work/obs-stabilizer/tests/test_stabilizer_core.cpp" line="344" status="run" result="completed" time="0." timestamp="2026-02-11T19:33:35.149" classname="StabilizerCoreTest" />
    <testcase name="DetectContentBoundsFullFrame" file="/Users/azumag/work/obs-stabilizer/tests/test_stabilizer_core.cpp" line="360" status="run" result="completed" time="0." timestamp="2026-02-11T19:33:35.150" classname="StabilizerCoreTest" />
    <testcase name="DetectContentBoundsExtremeBorder" file="/Users/azumag/work/obs-stabilizer/tests/test_stabilizer_core.cpp" line="374" status="run" result="completed" time="0." timestamp="2026-02-11T19:33:35.151" classname="StabilizerCoreTest" />
    <testcase name="DetectContentBoundsMinFrameSize" file="/Users/azumag/work/obs-stabilizer/tests/test_stabilizer_core.cpp" line="390" status="run" result="completed" time="0." timestamp="2026-02-11T19:33:35.151" classname="StabilizerCoreTest" />
    <testcase name="DetectContentBoundsUltraWideAspect" file="/Users/azumag/work/obs-stabilizer/tests/test_stabilizer_core.cpp" line="404" status="run" result="completed" time="0." timestamp="2026-02-11T19:33:35.151" classname="StabilizerCoreTest" />
    <testcase name="DetectContentBoundsSquareAspect" file="/Users/azumag/work/obs-stabilizer/tests/test_stabilizer_core.cpp" line="419" status="run" result="completed" time="0." timestamp="2026-02-11T19:33:35.152" classname="StabilizerCoreTest" />
    <testcase name="DetectContentBoundsAllBlack" file="/Users/azumag/work/obs-stabilizer/tests/test_stabilizer_core.cpp" line="434" status="run" result="completed" time="0." timestamp="2026-02-11T19:33:35.152" classname="StabilizerCoreTest" />
    <testcase name="EdgeModeWithMinimalBorders" file="/Users/azumag/work/obs-stabilizer/tests/test_stabilizer_core.cpp" line="448" status="run" result="completed" time="0.001" timestamp="2026-02-11T19:33:35.152" classname="StabilizerCoreTest" />
    <testcase name="EdgeModeWithLargeBorders" file="/Users/azumag/work/obs-stabilizer/tests/test_stabilizer_core.cpp" line="463" status="run" result="completed" time="0.001" timestamp="2026-02-11T19:33:35.154" classname="StabilizerCoreTest" />
  </testsuite>
  <testsuite name="FeatureDetectorTest" tests="11" failures="0" disabled="0" skipped="0" errors="0" time="0.001" timestamp="2026-02-11T19:33:35.155">
    <testcase name="SetBlockSize_ActuallyChangesValue" file="/Users/azumag/work/obs-stabilizer/tests/test_feature_detection.cpp" line="22" status="run" result="completed" time="0." timestamp="2026-02-11T19:33:35.155" classname="FeatureDetectorTest" />
    <testcase name="SetKsize_ActuallyChangesValue" file="/Users/azumag/work/obs-stabilizer/tests/test_feature_detection.cpp" line="42" status="run" result="completed" time="0." timestamp="2026-02-11T19:33:35.155" classname="FeatureDetectorTest" />
    <testcase name="SetBlockSize_BoundaryValues" file="/Users/azumag/work/obs-stabilizer/tests/test_feature_detection.cpp" line="56" status="run" result="completed" time="0." timestamp="2026-02-11T19:33:35.155" classname="FeatureDetectorTest" />
    <testcase name="SetBlockSize_ClampsToRange" file="/Users/azumag/work/obs-stabilizer/tests/test_feature_detection.cpp" line="68" status="run" result="completed" time="0." timestamp="2026-02-11T19:33:35.155" classname="FeatureDetectorTest" />
    <testcase name="SetKsize_BoundaryValues" file="/Users/azumag/work/obs-stabilizer/tests/test_feature_detection.cpp" line="95" status="run" result="completed" time="0." timestamp="2026-02-11T19:33:35.155" classname="FeatureDetectorTest" />
    <testcase name="SetKsize_ClampsToRange" file="/Users/azumag/work/obs-stabilizer/tests/test_feature_detection.cpp" line="106" status="run" result="completed" time="0." timestamp="2026-02-11T19:33:35.156" classname="FeatureDetectorTest" />
    <testcase name="SetQualityLevel_Works" file="/Users/azumag/work/obs-stabilizer/tests/test_feature_detection.cpp" line="133" status="run" result="completed" time="0." timestamp="2026-02-11T19:33:35.156" classname="FeatureDetectorTest" />
    <testcase name="SetMinDistance_Works" file="/Users/azumag/work/obs-stabilizer/tests/test_feature_detection.cpp" line="141" status="run" result="completed" time="0." timestamp="2026-02-11T19:33:35.156" classname="FeatureDetectorTest" />
    <testcase name="DetectFeatures_WithCustomSettings" file="/Users/azumag/work/obs-stabilizer/tests/test_feature_detection.cpp" line="149" status="run" result="completed" time="0." timestamp="2026-02-11T19:33:35.156" classname="FeatureDetectorTest" />
    <testcase name="IsAvailable" file="/Users/azumag/work/obs-stabilizer/tests/test_feature_detection.cpp" line="162" status="run" result="completed" time="0." timestamp="2026-02-11T19:33:35.156" classname="FeatureDetectorTest" />
    <testcase name="SettersRegressionTest" file="/Users/azumag/work/obs-stabilizer/tests/test_feature_detection.cpp" line="168" status="run" result="completed" time="0." timestamp="2026-02-11T19:33:35.156" classname="FeatureDetectorTest" />
  </testsuite>
  <testsuite name="EdgeCaseTest" tests="22" failures="0" disabled="0" skipped="0" errors="0" time="0.014" timestamp="2026-02-11T19:33:35.156">
    <testcase name="EmptyFrameHandling" file="/Users/azumag/work/obs-stabilizer/tests/test_edge_cases.cpp" line="37" status="run" result="completed" time="0." timestamp="2026-02-11T19:33:35.156" classname="EdgeCaseTest" />
    <testcase name="NullFramePointerHandling" file="/Users/azumag/work/obs-stabilizer/tests/test_edge_cases.cpp" line="48" status="run" result="completed" time="0." timestamp="2026-02-11T19:33:35.156" classname="EdgeCaseTest" />
    <testcase name="ZeroWidthFrame" file="/Users/azumag/work/obs-stabilizer/tests/test_edge_cases.cpp" line="60" status="run" result="completed" time="0." timestamp="2026-02-11T19:33:35.156" classname="EdgeCaseTest" />
    <testcase name="ZeroHeightFrame" file="/Users/azumag/work/obs-stabilizer/tests/test_edge_cases.cpp" line="67" status="run" result="completed" time="0." timestamp="2026-02-11T19:33:35.156" classname="EdgeCaseTest" />
    <testcase name="VerySmallFrame" file="/Users/azumag/work/obs-stabilizer/tests/test_edge_cases.cpp" line="74" status="run" result="completed" time="0." timestamp="2026-02-11T19:33:35.156" classname="EdgeCaseTest" />
    <testcase name="VeryLargeFrame" file="/Users/azumag/work/obs-stabilizer/tests/test_edge_cases.cpp" line="81" status="run" result="completed" time="0." timestamp="2026-02-11T19:33:35.156" classname="EdgeCaseTest" />
    <testcase name="SingleChannelFrame" file="/Users/azumag/work/obs-stabilizer/tests/test_edge_cases.cpp" line="92" status="run" result="completed" time="0.001" timestamp="2026-02-11T19:33:35.156" classname="EdgeCaseTest" />
    <testcase name="TwoChannelFrame" file="/Users/azumag/work/obs-stabilizer/tests/test_edge_cases.cpp" line="103" status="run" result="completed" time="0." timestamp="2026-02-11T19:33:35.158" classname="EdgeCaseTest" />
    <testcase name="SixteenBitDepthFrame" file="/Users/azumag/work/obs-stabilizer/tests/test_edge_cases.cpp" line="114" status="run" result="completed" time="0." timestamp="2026-02-11T19:33:35.158" classname="EdgeCaseTest" />
    <testcase name="MinimumValidFrameSize" file="/Users/azumag/work/obs-stabilizer/tests/test_edge_cases.cpp" line="129" status="run" result="completed" time="0." timestamp="2026-02-11T19:33:35.158" classname="EdgeCaseTest" />
    <testcase name="SmoothingRadiusBoundary" file="/Users/azumag/work/obs-stabilizer/tests/test_edge_cases.cpp" line="141" status="run" result="completed" time="0." timestamp="2026-02-11T19:33:35.158" classname="EdgeCaseTest" />
    <testcase name="FeatureCountBoundary" file="/Users/azumag/work/obs-stabilizer/tests/test_edge_cases.cpp" line="163" status="run" result="completed" time="0." timestamp="2026-02-11T19:33:35.158" classname="EdgeCaseTest" />
    <testcase name="QualityLevelBoundary" file="/Users/azumag/work/obs-stabilizer/tests/test_edge_cases.cpp" line="180" status="run" result="completed" time="0." timestamp="2026-02-11T19:33:35.158" classname="EdgeCaseTest" />
    <testcase name="ResetDuringProcessing" file="/Users/azumag/work/obs-stabilizer/tests/test_edge_cases.cpp" line="206" status="run" result="completed" time="0.006" timestamp="2026-02-11T19:33:35.158" classname="EdgeCaseTest" />
    <testcase name="ReinitializeWithDifferentParams" file="/Users/azumag/work/obs-stabilizer/tests/test_edge_cases.cpp" line="230" status="run" result="completed" time="0.003" timestamp="2026-02-11T19:33:35.164" classname="EdgeCaseTest" />
    <testcase name="AllBlackFrame" file="/Users/azumag/work/obs-stabilizer/tests/test_edge_cases.cpp" line="256" status="run" result="completed" time="0.001" timestamp="2026-02-11T19:33:35.168" classname="EdgeCaseTest" />
    <testcase name="AllWhiteFrame" file="/Users/azumag/work/obs-stabilizer/tests/test_edge_cases.cpp" line="268" status="run" result="completed" time="0.001" timestamp="2026-02-11T19:33:35.169" classname="EdgeCaseTest" />
    <testcase name="FrameUtilsEmptyMatValidation" file="/Users/azumag/work/obs-stabilizer/tests/test_edge_cases.cpp" line="284" status="run" result="completed" time="0." timestamp="2026-02-11T19:33:35.170" classname="EdgeCaseTest" />
    <testcase name="FrameUtilsInvalidDimensions" file="/Users/azumag/work/obs-stabilizer/tests/test_edge_cases.cpp" line="289" status="run" result="completed" time="0." timestamp="2026-02-11T19:33:35.170" classname="EdgeCaseTest" />
    <testcase name="FrameUtilsInvalidChannels" file="/Users/azumag/work/obs-stabilizer/tests/test_edge_cases.cpp" line="308" status="run" result="completed" time="0." timestamp="2026-02-11T19:33:35.171" classname="EdgeCaseTest" />
    <testcase name="ColorConversionGrayscale" file="/Users/azumag/work/obs-stabilizer/tests/test_edge_cases.cpp" line="313" status="run" result="completed" time="0." timestamp="2026-02-11T19:33:35.171" classname="EdgeCaseTest" />
    <testcase name="ColorConversionEmptyFrame" file="/Users/azumag/work/obs-stabilizer/tests/test_edge_cases.cpp" line="320" status="run" result="completed" time="0." timestamp="2026-02-11T19:33:35.171" classname="EdgeCaseTest" />
  </testsuite>
  <testsuite name="IntegrationTest" tests="14" failures="0" disabled="0" skipped="0" errors="0" time="0.972" timestamp="2026-02-11T19:33:35.171">
    <testcase name="ProcessLongSequence" file="/Users/azumag/work/obs-stabilizer/tests/test_integration.cpp" line="36" status="run" result="completed" time="0.544" timestamp="2026-02-11T19:33:35.171" classname="IntegrationTest" />
    <testcase name="ContinuousMotionSequence" file="/Users/azumag/work/obs-stabilizer/tests/test_integration.cpp" line="56" status="run" result="completed" time="0.011" timestamp="2026-02-11T19:33:35.715" classname="IntegrationTest" />
    <testcase name="ResolutionChangeDuringStream" file="/Users/azumag/work/obs-stabilizer/tests/test_integration.cpp" line="80" status="run" result="completed" time="0.041" timestamp="2026-02-11T19:33:35.726" classname="IntegrationTest" />
    <testcase name="MultipleReinitializations" file="/Users/azumag/work/obs-stabilizer/tests/test_integration.cpp" line="112" status="run" result="completed" time="0.025" timestamp="2026-02-11T19:33:35.768" classname="IntegrationTest" />
    <testcase name="UpdateParametersDuringStream" file="/Users/azumag/work/obs-stabilizer/tests/test_integration.cpp" line="137" status="run" result="completed" time="0.016" timestamp="2026-02-11T19:33:35.794" classname="IntegrationTest" />
    <testcase name="MixedMotionSequence" file="/Users/azumag/work/obs-stabilizer/tests/test_integration.cpp" line="180" status="run" result="completed" time="0.021" timestamp="2026-02-11T19:33:35.810" classname="IntegrationTest" />
    <testcase name="PerformanceMetricsTracking" file="/Users/azumag/work/obs-stabilizer/tests/test_integration.cpp" line="216" status="run" result="completed" time="0.027" timestamp="2026-02-11T19:33:35.832" classname="IntegrationTest" />
    <testcase name="DisabledStabilizerPerformance" file="/Users/azumag/work/obs-stabilizer/tests/test_integration.cpp" line="234" status="run" result="completed" time="0.026" timestamp="2026-02-11T19:33:35.859" classname="IntegrationTest" />
    <testcase name="TransformHistoryManagement" file="/Users/azumag/work/obs-stabilizer/tests/test_integration.cpp" line="272" status="run" result="completed" time="0.01" timestamp="2026-02-11T19:33:35.885" classname="IntegrationTest" />
    <testcase name="GamingPresetIntegration" file="/Users/azumag/work/obs-stabilizer/tests/test_integration.cpp" line="293" status="run" result="completed" time="0.015" timestamp="2026-02-11T19:33:35.896" classname="IntegrationTest" />
    <testcase name="StreamingPresetIntegration" file="/Users/azumag/work/obs-stabilizer/tests/test_integration.cpp" line="307" status="run" result="completed" time="0.11" timestamp="2026-02-11T19:33:35.911" classname="IntegrationTest" />
    <testcase name="RecordingPresetIntegration" file="/Users/azumag/work/obs-stabilizer/tests/test_integration.cpp" line="321" status="run" result="completed" time="0.11" timestamp="2026-02-11T19:33:36.022" classname="IntegrationTest" />
    <testcase name="RecoverFromInvalidFrame" file="/Users/azumag/work/obs-stabilizer/tests/test_integration.cpp" line="339" status="run" result="completed" time="0.005" timestamp="2026-02-11T19:33:36.133" classname="IntegrationTest" />
    <testcase name="RecoverFromBadInitialization" file="/Users/azumag/work/obs-stabilizer/tests/test_integration.cpp" line="368" status="run" result="completed" time="0.005" timestamp="2026-02-11T19:33:36.138" classname="IntegrationTest" />
  </testsuite>
  <testsuite name="MemoryLeakTest" tests="13" failures="0" disabled="0" skipped="0" errors="0" time="12.419" timestamp="2026-02-11T19:33:36.143">
    <testcase name="LongDurationProcessing" file="/Users/azumag/work/obs-stabilizer/tests/test_memory_leaks.cpp" line="80" status="run" result="completed" time="0.743" timestamp="2026-02-11T19:33:36.143" classname="MemoryLeakTest" />
    <testcase name="ContinuousReinitialization" file="/Users/azumag/work/obs-stabilizer/tests/test_memory_leaks.cpp" line="114" status="run" result="completed" time="0.5" timestamp="2026-02-11T19:33:36.887" classname="MemoryLeakTest" />
    <testcase name="MultipleInstancesSimultaneously" file="/Users/azumag/work/obs-stabilizer/tests/test_memory_leaks.cpp" line="142" status="run" result="completed" time="0.615" timestamp="2026-02-11T19:33:37.388" classname="MemoryLeakTest" />
    <testcase name="ParameterUpdateMemory" file="/Users/azumag/work/obs-stabilizer/tests/test_memory_leaks.cpp" line="180" status="run" result="completed" time="0.063" timestamp="2026-02-11T19:33:38.003" classname="MemoryLeakTest" />
    <testcase name="ResetDuringProcessing" file="/Users/azumag/work/obs-stabilizer/tests/test_memory_leaks.cpp" line="210" status="run" result="completed" time="0.261" timestamp="2026-02-11T19:33:38.067" classname="MemoryLeakTest" />
    <testcase name="LargeFrameProcessing" file="/Users/azumag/work/obs-stabilizer/tests/test_memory_leaks.cpp" line="241" status="run" result="completed" time="0.538" timestamp="2026-02-11T19:33:38.328" classname="MemoryLeakTest" />
    <testcase name="TransformBufferManagement" file="/Users/azumag/work/obs-stabilizer/tests/test_memory_leaks.cpp" line="266" status="run" result="completed" time="0.261" timestamp="2026-02-11T19:33:38.866" classname="MemoryLeakTest" />
    <testcase name="FeatureTrackingMemory" file="/Users/azumag/work/obs-stabilizer/tests/test_memory_leaks.cpp" line="295" status="run" result="completed" time="3.218" timestamp="2026-02-11T19:33:39.128" classname="MemoryLeakTest" />
    <testcase name="EmptyFrameHandlingMemory" file="/Users/azumag/work/obs-stabilizer/tests/test_memory_leaks.cpp" line="320" status="run" result="completed" time="0." timestamp="2026-02-11T19:33:42.347" classname="MemoryLeakTest" />
    <testcase name="InvalidFrameHandlingMemory" file="/Users/azumag/work/obs-stabilizer/tests/test_memory_leaks.cpp" line="338" status="run" result="completed" time="0." timestamp="2026-02-11T19:33:42.347" classname="MemoryLeakTest" />
    <testcase name="StressTestMemory" file="/Users/azumag/work/obs-stabilizer/tests/test_memory_leaks.cpp" line="360" status="run" result="completed" time="6.075" timestamp="2026-02-11T19:33:42.347" classname="MemoryLeakTest" />
    <testcase name="FrameUtilsColorConversionMemory" file="/Users/azumag/work/obs-stabilizer/tests/test_memory_leaks.cpp" line="390" status="run" result="completed" time="0.121" timestamp="2026-02-11T19:33:48.423" classname="MemoryLeakTest" />
    <testcase name="FrameUtilsValidationMemory" file="/Users/azumag/work/obs-stabilizer/tests/test_memory_leaks.cpp" line="409" status="run" result="completed" time="0.017" timestamp="2026-02-11T19:33:48.545" classname="MemoryLeakTest" />
  </testsuite>
  <testsuite name="PerformanceThresholdTest" tests="12" failures="0" disabled="3" skipped="0" errors="0" time="3.514" timestamp="2026-02-11T19:33:48.563">
    <testcase name="CPUUsageWithinThreshold" file="/Users/azumag/work/obs-stabilizer/tests/test_performance_thresholds.cpp" line="302" status="run" result="completed" time="0.071" timestamp="2026-02-11T19:33:48.563" classname="PerformanceThresholdTest" />
    <testcase name="DISABLED_CPUUsageScalesWithResolution" file="/Users/azumag/work/obs-stabilizer/tests/test_performance_thresholds.cpp" line="353" status="notrun" result="suppressed" time="0." timestamp="1970-01-01T09:00:00.000" classname="PerformanceThresholdTest" />
    <testcase name="DISABLED_CPUUsageWithMultipleSources" file="/Users/azumag/work/obs-stabilizer/tests/test_performance_thresholds.cpp" line="407" status="notrun" result="suppressed" time="0." timestamp="1970-01-01T09:00:00.000" classname="PerformanceThresholdTest" />
    <testcase name="ProcessingDelayWithinThreshold_HD_30fps" file="/Users/azumag/work/obs-stabilizer/tests/test_performance_thresholds.cpp" line="460" status="run" result="completed" time="0.445" timestamp="2026-02-11T19:33:48.634" classname="PerformanceThresholdTest" />
    <testcase name="ProcessingDelayWithinThreshold_VGA_30fps" file="/Users/azumag/work/obs-stabilizer/tests/test_performance_thresholds.cpp" line="494" status="run" result="completed" time="0.053" timestamp="2026-02-11T19:33:49.080" classname="PerformanceThresholdTest" />
    <testcase name="ProcessingDelayWithDifferentMotionTypes" file="/Users/azumag/work/obs-stabilizer/tests/test_performance_thresholds.cpp" line="520" status="run" result="completed" time="0.96" timestamp="2026-02-11T19:33:49.133" classname="PerformanceThresholdTest" />
    <testcase name="ProcessingDelayWithDifferentSmoothing" file="/Users/azumag/work/obs-stabilizer/tests/test_performance_thresholds.cpp" line="553" status="run" result="completed" time="0.557" timestamp="2026-02-11T19:33:50.094" classname="PerformanceThresholdTest" />
    <testcase name="ProcessingDelayWithDifferentFeatureCounts" file="/Users/azumag/work/obs-stabilizer/tests/test_performance_thresholds.cpp" line="594" status="run" result="completed" time="0.557" timestamp="2026-02-11T19:33:50.651" classname="PerformanceThresholdTest" />
    <testcase name="DISABLED_ProcessingDelayConsistency" file="/Users/azumag/work/obs-stabilizer/tests/test_performance_thresholds.cpp" line="630" status="notrun" result="suppressed" time="0." timestamp="1970-01-01T09:00:00.000" classname="PerformanceThresholdTest" />
    <testcase name="GamingPresetPerformance" file="/Users/azumag/work/obs-stabilizer/tests/test_performance_thresholds.cpp" line="669" status="run" result="completed" time="0.053" timestamp="2026-02-11T19:33:51.209" classname="PerformanceThresholdTest" />
    <testcase name="StreamingPresetPerformance" file="/Users/azumag/work/obs-stabilizer/tests/test_performance_thresholds.cpp" line="691" status="run" result="completed" time="0.41" timestamp="2026-02-11T19:33:51.263" classname="PerformanceThresholdTest" />
    <testcase name="RecordingPresetPerformance" file="/Users/azumag/work/obs-stabilizer/tests/test_performance_thresholds.cpp" line="713" status="run" result="completed" time="0.403" timestamp="2026-02-11T19:33:51.673" classname="PerformanceThresholdTest" />
  </testsuite>
  <testsuite name="MultiSourceTest" tests="10" failures="0" disabled="1" skipped="0" errors="0" time="2.07" timestamp="2026-02-11T19:33:52.077">
    <testcase name="TwoSources" file="/Users/azumag/work/obs-stabilizer/tests/test_multi_source.cpp" line="145" status="run" result="completed" time="0.054" timestamp="2026-02-11T19:33:52.077" classname="MultiSourceTest" />
    <testcase name="FiveSources" file="/Users/azumag/work/obs-stabilizer/tests/test_multi_source.cpp" line="182" status="run" result="completed" time="0.133" timestamp="2026-02-11T19:33:52.131" classname="MultiSourceTest" />
    <testcase name="TenSources" file="/Users/azumag/work/obs-stabilizer/tests/test_multi_source.cpp" line="222" status="run" result="completed" time="0.157" timestamp="2026-02-11T19:33:52.264" classname="MultiSourceTest" />
    <testcase name="MixedResolutionSources" file="/Users/azumag/work/obs-stabilizer/tests/test_multi_source.cpp" line="267" status="run" result="completed" time="0.203" timestamp="2026-02-11T19:33:52.422" classname="MultiSourceTest" />
    <testcase name="DifferentParametersPerSource" file="/Users/azumag/work/obs-stabilizer/tests/test_multi_source.cpp" line="316" status="run" result="completed" time="0.063" timestamp="2026-02-11T19:33:52.625" classname="MultiSourceTest" />
    <testcase name="DynamicAddRemoveSources" file="/Users/azumag/work/obs-stabilizer/tests/test_multi_source.cpp" line="358" status="run" result="completed" time="0.115" timestamp="2026-02-11T19:33:52.689" classname="MultiSourceTest" />
    <testcase name="MemoryUsageWithMultipleSources" file="/Users/azumag/work/obs-stabilizer/tests/test_multi_source.cpp" line="428" status="run" result="completed" time="0.969" timestamp="2026-02-11T19:33:52.805" classname="MultiSourceTest" />
    <testcase name="DISABLED_RapidStartStopMultipleSources" file="/Users/azumag/work/obs-stabilizer/tests/test_multi_source.cpp" line="481" status="notrun" result="suppressed" time="0." timestamp="1970-01-01T09:00:00.000" classname="MultiSourceTest" />
    <testcase name="LongRunningMultipleSources" file="/Users/azumag/work/obs-stabilizer/tests/test_multi_source.cpp" line="520" status="run" result="completed" time="0.321" timestamp="2026-02-11T19:33:53.774" classname="MultiSourceTest" />
    <testcase name="IsolatedSourceFailure" file="/Users/azumag/work/obs-stabilizer/tests/test_multi_source.cpp" line="563" status="run" result="completed" time="0.051" timestamp="2026-02-11T19:33:54.096" classname="MultiSourceTest" />
  </testsuite>
</testsuites>
