<?xml version="1.0" encoding="UTF-8"?>
<testsuites tests="178" failures="0" disabled="4" errors="0" time="42.402" timestamp="2026-02-16T18:43:58.307" name="AllTests">
  <testsuite name="BasicTest" tests="19" failures="0" disabled="0" skipped="0" errors="0" time="0.012" timestamp="2026-02-16T18:43:58.307">
    <testcase name="TestOpenCVInitialization" file="/Users/azumag/work/obs-stabilizer/tests/test_basic.cpp" line="19" status="run" result="completed" time="0." timestamp="2026-02-16T18:43:58.307" classname="BasicTest" />
    <testcase name="TestFrameGeneration" file="/Users/azumag/work/obs-stabilizer/tests/test_basic.cpp" line="29" status="run" result="completed" time="0." timestamp="2026-02-16T18:43:58.307" classname="BasicTest" />
    <testcase name="TestMotionFrameGeneration" file="/Users/azumag/work/obs-stabilizer/tests/test_basic.cpp" line="36" status="run" result="completed" time="0.001" timestamp="2026-02-16T18:43:58.307" classname="BasicTest" />
    <testcase name="TestSequenceGeneration" file="/Users/azumag/work/obs-stabilizer/tests/test_basic.cpp" line="43" status="run" result="completed" time="0.001" timestamp="2026-02-16T18:43:58.308" classname="BasicTest" />
    <testcase name="TestDifferentVideoFormats" file="/Users/azumag/work/obs-stabilizer/tests/test_basic.cpp" line="59" status="run" result="completed" time="0." timestamp="2026-02-16T18:43:58.310" classname="BasicTest" />
    <testcase name="TestFrameWithFeatures" file="/Users/azumag/work/obs-stabilizer/tests/test_basic.cpp" line="64" status="run" result="completed" time="0." timestamp="2026-02-16T18:43:58.310" classname="BasicTest" />
    <testcase name="TestComprehensiveTestData" file="/Users/azumag/work/obs-stabilizer/tests/test_basic.cpp" line="71" status="run" result="completed" time="0.007" timestamp="2026-02-16T18:43:58.310" classname="BasicTest" />
    <testcase name="TestHorizontalMotionFrame" file="/Users/azumag/work/obs-stabilizer/tests/test_basic.cpp" line="82" status="run" result="completed" time="0." timestamp="2026-02-16T18:43:58.318" classname="BasicTest" />
    <testcase name="TestVerticalMotionFrame" file="/Users/azumag/work/obs-stabilizer/tests/test_basic.cpp" line="92" status="run" result="completed" time="0." timestamp="2026-02-16T18:43:58.318" classname="BasicTest" />
    <testcase name="TestRotationFrame" file="/Users/azumag/work/obs-stabilizer/tests/test_basic.cpp" line="102" status="run" result="completed" time="0." timestamp="2026-02-16T18:43:58.319" classname="BasicTest" />
    <testcase name="TestZoomFrame" file="/Users/azumag/work/obs-stabilizer/tests/test_basic.cpp" line="113" status="run" result="completed" time="0." timestamp="2026-02-16T18:43:58.319" classname="BasicTest" />
    <testcase name="TestResolutionConstants" file="/Users/azumag/work/obs-stabilizer/tests/test_basic.cpp" line="124" status="run" result="completed" time="0." timestamp="2026-02-16T18:43:58.320" classname="BasicTest" />
    <testcase name="TestFrameCountConstants" file="/Users/azumag/work/obs-stabilizer/tests/test_basic.cpp" line="131" status="run" result="completed" time="0." timestamp="2026-02-16T18:43:58.320" classname="BasicTest" />
    <testcase name="TestMotionConstants" file="/Users/azumag/work/obs-stabilizer/tests/test_basic.cpp" line="138" status="run" result="completed" time="0." timestamp="2026-02-16T18:43:58.320" classname="BasicTest" />
    <testcase name="TestFeatureConstants" file="/Users/azumag/work/obs-stabilizer/tests/test_basic.cpp" line="148" status="run" result="completed" time="0." timestamp="2026-02-16T18:43:58.320" classname="BasicTest" />
    <testcase name="TestProcessingConstants" file="/Users/azumag/work/obs-stabilizer/tests/test_basic.cpp" line="156" status="run" result="completed" time="0." timestamp="2026-02-16T18:43:58.320" classname="BasicTest" />
    <testcase name="TestFrameDimensionValidation" file="/Users/azumag/work/obs-stabilizer/tests/test_basic.cpp" line="165" status="run" result="completed" time="0." timestamp="2026-02-16T18:43:58.320" classname="BasicTest" />
    <testcase name="TestOverflowProtectionLargeFrame" file="/Users/azumag/work/obs-stabilizer/tests/test_basic.cpp" line="175" status="run" result="completed" time="0." timestamp="2026-02-16T18:43:58.320" classname="BasicTest" />
    <testcase name="TestOverflowProtectionZeroDimension" file="/Users/azumag/work/obs-stabilizer/tests/test_basic.cpp" line="189" status="run" result="completed" time="0." timestamp="2026-02-16T18:43:58.320" classname="BasicTest" />
  </testsuite>
  <testsuite name="StabilizerCoreTest" tests="28" failures="0" disabled="0" skipped="0" errors="0" time="0.261" timestamp="2026-02-16T18:43:58.320">
    <testcase name="BasicFunctionality" file="/Users/azumag/work/obs-stabilizer/tests/test_stabilizer_core.cpp" line="32" status="run" result="completed" time="0." timestamp="2026-02-16T18:43:58.320" classname="StabilizerCoreTest" />
    <testcase name="InitializationWithDifferentResolutions" file="/Users/azumag/work/obs-stabilizer/tests/test_stabilizer_core.cpp" line="44" status="run" result="completed" time="0." timestamp="2026-02-16T18:43:58.320" classname="StabilizerCoreTest" />
    <testcase name="ProcessSingleFrame" file="/Users/azumag/work/obs-stabilizer/tests/test_stabilizer_core.cpp" line="59" status="run" result="completed" time="0.001" timestamp="2026-02-16T18:43:58.320" classname="StabilizerCoreTest" />
    <testcase name="ProcessMultipleFrames" file="/Users/azumag/work/obs-stabilizer/tests/test_stabilizer_core.cpp" line="75" status="run" result="completed" time="0.028" timestamp="2026-02-16T18:43:58.321" classname="StabilizerCoreTest" />
    <testcase name="ProcessHorizontalMotion" file="/Users/azumag/work/obs-stabilizer/tests/test_stabilizer_core.cpp" line="93" status="run" result="completed" time="0.046" timestamp="2026-02-16T18:43:58.350" classname="StabilizerCoreTest" />
    <testcase name="ProcessVerticalMotion" file="/Users/azumag/work/obs-stabilizer/tests/test_stabilizer_core.cpp" line="110" status="run" result="completed" time="0.046" timestamp="2026-02-16T18:43:58.396" classname="StabilizerCoreTest" />
    <testcase name="ProcessRotation" file="/Users/azumag/work/obs-stabilizer/tests/test_stabilizer_core.cpp" line="128" status="run" result="completed" time="0.046" timestamp="2026-02-16T18:43:58.442" classname="StabilizerCoreTest" />
    <testcase name="ProcessZoom" file="/Users/azumag/work/obs-stabilizer/tests/test_stabilizer_core.cpp" line="146" status="run" result="completed" time="0.044" timestamp="2026-02-16T18:43:58.489" classname="StabilizerCoreTest" />
    <testcase name="ParameterValidation" file="/Users/azumag/work/obs-stabilizer/tests/test_stabilizer_core.cpp" line="164" status="run" result="completed" time="0." timestamp="2026-02-16T18:43:58.533" classname="StabilizerCoreTest" />
    <testcase name="UpdateParameters" file="/Users/azumag/work/obs-stabilizer/tests/test_stabilizer_core.cpp" line="194" status="run" result="completed" time="0." timestamp="2026-02-16T18:43:58.533" classname="StabilizerCoreTest" />
    <testcase name="ResetState" file="/Users/azumag/work/obs-stabilizer/tests/test_stabilizer_core.cpp" line="209" status="run" result="completed" time="0.001" timestamp="2026-02-16T18:43:58.533" classname="StabilizerCoreTest" />
    <testcase name="PerformanceMetrics" file="/Users/azumag/work/obs-stabilizer/tests/test_stabilizer_core.cpp" line="224" status="run" result="completed" time="0.028" timestamp="2026-02-16T18:43:58.535" classname="StabilizerCoreTest" />
    <testcase name="PresetConfigurations" file="/Users/azumag/work/obs-stabilizer/tests/test_stabilizer_core.cpp" line="243" status="run" result="completed" time="0." timestamp="2026-02-16T18:43:58.563" classname="StabilizerCoreTest" />
    <testcase name="ErrorHandling" file="/Users/azumag/work/obs-stabilizer/tests/test_stabilizer_core.cpp" line="260" status="run" result="completed" time="0." timestamp="2026-02-16T18:43:58.563" classname="StabilizerCoreTest" />
    <testcase name="DifferentFeatureCounts" file="/Users/azumag/work/obs-stabilizer/tests/test_stabilizer_core.cpp" line="272" status="run" result="completed" time="0.002" timestamp="2026-02-16T18:43:58.563" classname="StabilizerCoreTest" />
    <testcase name="DifferentSmoothingWindows" file="/Users/azumag/work/obs-stabilizer/tests/test_stabilizer_core.cpp" line="288" status="run" result="completed" time="0.002" timestamp="2026-02-16T18:43:58.566" classname="StabilizerCoreTest" />
    <testcase name="EdgeModePadding" file="/Users/azumag/work/obs-stabilizer/tests/test_stabilizer_core.cpp" line="304" status="run" result="completed" time="0.001" timestamp="2026-02-16T18:43:58.569" classname="StabilizerCoreTest" />
    <testcase name="EdgeModeCrop" file="/Users/azumag/work/obs-stabilizer/tests/test_stabilizer_core.cpp" line="317" status="run" result="completed" time="0.001" timestamp="2026-02-16T18:43:58.570" classname="StabilizerCoreTest" />
    <testcase name="EdgeModeScale" file="/Users/azumag/work/obs-stabilizer/tests/test_stabilizer_core.cpp" line="331" status="run" result="completed" time="0.001" timestamp="2026-02-16T18:43:58.572" classname="StabilizerCoreTest" />
    <testcase name="DetectContentBounds" file="/Users/azumag/work/obs-stabilizer/tests/test_stabilizer_core.cpp" line="344" status="run" result="completed" time="0.001" timestamp="2026-02-16T18:43:58.573" classname="StabilizerCoreTest" />
    <testcase name="DetectContentBoundsFullFrame" file="/Users/azumag/work/obs-stabilizer/tests/test_stabilizer_core.cpp" line="360" status="run" result="completed" time="0.001" timestamp="2026-02-16T18:43:58.574" classname="StabilizerCoreTest" />
    <testcase name="DetectContentBoundsExtremeBorder" file="/Users/azumag/work/obs-stabilizer/tests/test_stabilizer_core.cpp" line="374" status="run" result="completed" time="0." timestamp="2026-02-16T18:43:58.576" classname="StabilizerCoreTest" />
    <testcase name="DetectContentBoundsMinFrameSize" file="/Users/azumag/work/obs-stabilizer/tests/test_stabilizer_core.cpp" line="390" status="run" result="completed" time="0." timestamp="2026-02-16T18:43:58.576" classname="StabilizerCoreTest" />
    <testcase name="DetectContentBoundsUltraWideAspect" file="/Users/azumag/work/obs-stabilizer/tests/test_stabilizer_core.cpp" line="404" status="run" result="completed" time="0.001" timestamp="2026-02-16T18:43:58.576" classname="StabilizerCoreTest" />
    <testcase name="DetectContentBoundsSquareAspect" file="/Users/azumag/work/obs-stabilizer/tests/test_stabilizer_core.cpp" line="419" status="run" result="completed" time="0." timestamp="2026-02-16T18:43:58.577" classname="StabilizerCoreTest" />
    <testcase name="DetectContentBoundsAllBlack" file="/Users/azumag/work/obs-stabilizer/tests/test_stabilizer_core.cpp" line="434" status="run" result="completed" time="0." timestamp="2026-02-16T18:43:58.578" classname="StabilizerCoreTest" />
    <testcase name="EdgeModeWithMinimalBorders" file="/Users/azumag/work/obs-stabilizer/tests/test_stabilizer_core.cpp" line="448" status="run" result="completed" time="0.001" timestamp="2026-02-16T18:43:58.578" classname="StabilizerCoreTest" />
    <testcase name="EdgeModeWithLargeBorders" file="/Users/azumag/work/obs-stabilizer/tests/test_stabilizer_core.cpp" line="463" status="run" result="completed" time="0.001" timestamp="2026-02-16T18:43:58.580" classname="StabilizerCoreTest" />
  </testsuite>
  <testsuite name="EdgeCaseTest" tests="56" failures="0" disabled="0" skipped="0" errors="0" time="0.277" timestamp="2026-02-16T18:43:58.581">
    <testcase name="EmptyFrameHandling" file="/Users/azumag/work/obs-stabilizer/tests/test_edge_cases.cpp" line="37" status="run" result="completed" time="0." timestamp="2026-02-16T18:43:58.581" classname="EdgeCaseTest" />
    <testcase name="NullFramePointerHandling" file="/Users/azumag/work/obs-stabilizer/tests/test_edge_cases.cpp" line="48" status="run" result="completed" time="0." timestamp="2026-02-16T18:43:58.581" classname="EdgeCaseTest" />
    <testcase name="ZeroWidthFrame" file="/Users/azumag/work/obs-stabilizer/tests/test_edge_cases.cpp" line="60" status="run" result="completed" time="0." timestamp="2026-02-16T18:43:58.581" classname="EdgeCaseTest" />
    <testcase name="ZeroHeightFrame" file="/Users/azumag/work/obs-stabilizer/tests/test_edge_cases.cpp" line="67" status="run" result="completed" time="0." timestamp="2026-02-16T18:43:58.581" classname="EdgeCaseTest" />
    <testcase name="VerySmallFrame" file="/Users/azumag/work/obs-stabilizer/tests/test_edge_cases.cpp" line="74" status="run" result="completed" time="0." timestamp="2026-02-16T18:43:58.581" classname="EdgeCaseTest" />
    <testcase name="VeryLargeFrame" file="/Users/azumag/work/obs-stabilizer/tests/test_edge_cases.cpp" line="81" status="run" result="completed" time="0." timestamp="2026-02-16T18:43:58.581" classname="EdgeCaseTest" />
    <testcase name="SingleChannelFrame" file="/Users/azumag/work/obs-stabilizer/tests/test_edge_cases.cpp" line="92" status="run" result="completed" time="0.001" timestamp="2026-02-16T18:43:58.581" classname="EdgeCaseTest" />
    <testcase name="TwoChannelFrame" file="/Users/azumag/work/obs-stabilizer/tests/test_edge_cases.cpp" line="103" status="run" result="completed" time="0." timestamp="2026-02-16T18:43:58.582" classname="EdgeCaseTest" />
    <testcase name="SixteenBitDepthFrame" file="/Users/azumag/work/obs-stabilizer/tests/test_edge_cases.cpp" line="114" status="run" result="completed" time="0." timestamp="2026-02-16T18:43:58.582" classname="EdgeCaseTest" />
    <testcase name="MinimumValidFrameSize" file="/Users/azumag/work/obs-stabilizer/tests/test_edge_cases.cpp" line="129" status="run" result="completed" time="0." timestamp="2026-02-16T18:43:58.582" classname="EdgeCaseTest" />
    <testcase name="SmoothingRadiusBoundary" file="/Users/azumag/work/obs-stabilizer/tests/test_edge_cases.cpp" line="141" status="run" result="completed" time="0." timestamp="2026-02-16T18:43:58.582" classname="EdgeCaseTest" />
    <testcase name="FeatureCountBoundary" file="/Users/azumag/work/obs-stabilizer/tests/test_edge_cases.cpp" line="163" status="run" result="completed" time="0." timestamp="2026-02-16T18:43:58.582" classname="EdgeCaseTest" />
    <testcase name="QualityLevelBoundary" file="/Users/azumag/work/obs-stabilizer/tests/test_edge_cases.cpp" line="180" status="run" result="completed" time="0." timestamp="2026-02-16T18:43:58.582" classname="EdgeCaseTest" />
    <testcase name="ResetDuringProcessing" file="/Users/azumag/work/obs-stabilizer/tests/test_edge_cases.cpp" line="206" status="run" result="completed" time="0.015" timestamp="2026-02-16T18:43:58.582" classname="EdgeCaseTest" />
    <testcase name="ReinitializeWithDifferentParams" file="/Users/azumag/work/obs-stabilizer/tests/test_edge_cases.cpp" line="230" status="run" result="completed" time="0.008" timestamp="2026-02-16T18:43:58.598" classname="EdgeCaseTest" />
    <testcase name="AllBlackFrame" file="/Users/azumag/work/obs-stabilizer/tests/test_edge_cases.cpp" line="256" status="run" result="completed" time="0.001" timestamp="2026-02-16T18:43:58.606" classname="EdgeCaseTest" />
    <testcase name="AllWhiteFrame" file="/Users/azumag/work/obs-stabilizer/tests/test_edge_cases.cpp" line="268" status="run" result="completed" time="0.001" timestamp="2026-02-16T18:43:58.607" classname="EdgeCaseTest" />
    <testcase name="FrameUtilsEmptyMatValidation" file="/Users/azumag/work/obs-stabilizer/tests/test_edge_cases.cpp" line="284" status="run" result="completed" time="0." timestamp="2026-02-16T18:43:58.608" classname="EdgeCaseTest" />
    <testcase name="FrameUtilsInvalidDimensions" file="/Users/azumag/work/obs-stabilizer/tests/test_edge_cases.cpp" line="289" status="run" result="completed" time="0.002" timestamp="2026-02-16T18:43:58.608" classname="EdgeCaseTest" />
    <testcase name="FrameUtilsInvalidChannels" file="/Users/azumag/work/obs-stabilizer/tests/test_edge_cases.cpp" line="308" status="run" result="completed" time="0." timestamp="2026-02-16T18:43:58.610" classname="EdgeCaseTest" />
    <testcase name="ColorConversionGrayscale" file="/Users/azumag/work/obs-stabilizer/tests/test_edge_cases.cpp" line="313" status="run" result="completed" time="0." timestamp="2026-02-16T18:43:58.610" classname="EdgeCaseTest" />
    <testcase name="ColorConversionEmptyFrame" file="/Users/azumag/work/obs-stabilizer/tests/test_edge_cases.cpp" line="320" status="run" result="completed" time="0." timestamp="2026-02-16T18:43:58.610" classname="EdgeCaseTest" />
    <testcase name="InitializeWithZeroWidth" file="/Users/azumag/work/obs-stabilizer/tests/test_edge_cases.cpp" line="330" status="run" result="completed" time="0." timestamp="2026-02-16T18:43:58.610" classname="EdgeCaseTest" />
    <testcase name="InitializeWithZeroHeight" file="/Users/azumag/work/obs-stabilizer/tests/test_edge_cases.cpp" line="336" status="run" result="completed" time="0." timestamp="2026-02-16T18:43:58.610" classname="EdgeCaseTest" />
    <testcase name="InitializeWithTooSmallDimensions" file="/Users/azumag/work/obs-stabilizer/tests/test_edge_cases.cpp" line="342" status="run" result="completed" time="0." timestamp="2026-02-16T18:43:58.610" classname="EdgeCaseTest" />
    <testcase name="InitializeWithMinimumValidDimensions" file="/Users/azumag/work/obs-stabilizer/tests/test_edge_cases.cpp" line="349" status="run" result="completed" time="0." timestamp="2026-02-16T18:43:58.610" classname="EdgeCaseTest" />
    <testcase name="ProcessFrame32BitFloatDepth" file="/Users/azumag/work/obs-stabilizer/tests/test_edge_cases.cpp" line="355" status="run" result="completed" time="0." timestamp="2026-02-16T18:43:58.610" classname="EdgeCaseTest" />
    <testcase name="ProcessFrame64BitFloatDepth" file="/Users/azumag/work/obs-stabilizer/tests/test_edge_cases.cpp" line="366" status="run" result="completed" time="0." timestamp="2026-02-16T18:43:58.610" classname="EdgeCaseTest" />
    <testcase name="ProcessFrame3Channels" file="/Users/azumag/work/obs-stabilizer/tests/test_edge_cases.cpp" line="377" status="run" result="completed" time="0.001" timestamp="2026-02-16T18:43:58.610" classname="EdgeCaseTest" />
    <testcase name="ProcessFrame5Channels" file="/Users/azumag/work/obs-stabilizer/tests/test_edge_cases.cpp" line="389" status="run" result="completed" time="0.001" timestamp="2026-02-16T18:43:58.612" classname="EdgeCaseTest" />
    <testcase name="ProcessFrameWithExtremeMaxCorrection" file="/Users/azumag/work/obs-stabilizer/tests/test_edge_cases.cpp" line="402" status="run" result="completed" time="0.012" timestamp="2026-02-16T18:43:58.613" classname="EdgeCaseTest" />
    <testcase name="ProcessFrameWithZeroFeatureCount" file="/Users/azumag/work/obs-stabilizer/tests/test_edge_cases.cpp" line="416" status="run" result="completed" time="0.001" timestamp="2026-02-16T18:43:58.626" classname="EdgeCaseTest" />
    <testcase name="ProcessFrameWithNegativeSmoothingRadius" file="/Users/azumag/work/obs-stabilizer/tests/test_edge_cases.cpp" line="428" status="run" result="completed" time="0.012" timestamp="2026-02-16T18:43:58.627" classname="EdgeCaseTest" />
    <testcase name="ProcessFrameWithVeryLargeSmoothingRadius" file="/Users/azumag/work/obs-stabilizer/tests/test_edge_cases.cpp" line="441" status="run" result="completed" time="0.019" timestamp="2026-02-16T18:43:58.640" classname="EdgeCaseTest" />
    <testcase name="ProcessFrameSequenceWithTrackingFailures" file="/Users/azumag/work/obs-stabilizer/tests/test_edge_cases.cpp" line="458" status="run" result="completed" time="0.013" timestamp="2026-02-16T18:43:58.659" classname="EdgeCaseTest" />
    <testcase name="ProcessAllBlackFrameSequence" file="/Users/azumag/work/obs-stabilizer/tests/test_edge_cases.cpp" line="476" status="run" result="completed" time="0.012" timestamp="2026-02-16T18:43:58.672" classname="EdgeCaseTest" />
    <testcase name="ProcessAllWhiteFrameSequence" file="/Users/azumag/work/obs-stabilizer/tests/test_edge_cases.cpp" line="487" status="run" result="completed" time="0.012" timestamp="2026-02-16T18:43:58.685" classname="EdgeCaseTest" />
    <testcase name="ProcessAlternatingBlackWhiteFrames" file="/Users/azumag/work/obs-stabilizer/tests/test_edge_cases.cpp" line="498" status="run" result="completed" time="0.012" timestamp="2026-02-16T18:43:58.698" classname="EdgeCaseTest" />
    <testcase name="ResetAfterTrackingFailures" file="/Users/azumag/work/obs-stabilizer/tests/test_edge_cases.cpp" line="515" status="run" result="completed" time="0.007" timestamp="2026-02-16T18:43:58.710" classname="EdgeCaseTest" />
    <testcase name="EdgeModePadding" file="/Users/azumag/work/obs-stabilizer/tests/test_edge_cases.cpp" line="536" status="run" result="completed" time="0.012" timestamp="2026-02-16T18:43:58.718" classname="EdgeCaseTest" />
    <testcase name="EdgeModeCrop" file="/Users/azumag/work/obs-stabilizer/tests/test_edge_cases.cpp" line="549" status="run" result="completed" time="0.017" timestamp="2026-02-16T18:43:58.731" classname="EdgeCaseTest" />
    <testcase name="EdgeModeScale" file="/Users/azumag/work/obs-stabilizer/tests/test_edge_cases.cpp" line="561" status="run" result="completed" time="0.029" timestamp="2026-02-16T18:43:58.749" classname="EdgeCaseTest" />
    <testcase name="EdgeModeCropWithBlackBorders" file="/Users/azumag/work/obs-stabilizer/tests/test_edge_cases.cpp" line="574" status="run" result="completed" time="0.001" timestamp="2026-02-16T18:43:58.779" classname="EdgeCaseTest" />
    <testcase name="EdgeModeScaleWithBlackBorders" file="/Users/azumag/work/obs-stabilizer/tests/test_edge_cases.cpp" line="587" status="run" result="completed" time="0.001" timestamp="2026-02-16T18:43:58.780" classname="EdgeCaseTest" />
    <testcase name="DetectContentBoundsSquareFrame" file="/Users/azumag/work/obs-stabilizer/tests/test_edge_cases.cpp" line="600" status="run" result="completed" time="0." timestamp="2026-02-16T18:43:58.781" classname="EdgeCaseTest" />
    <testcase name="DetectContentBoundsUltrawideFrame" file="/Users/azumag/work/obs-stabilizer/tests/test_edge_cases.cpp" line="612" status="run" result="completed" time="0.003" timestamp="2026-02-16T18:43:58.782" classname="EdgeCaseTest" />
    <testcase name="DetectContentBoundsMinimumFrame" file="/Users/azumag/work/obs-stabilizer/tests/test_edge_cases.cpp" line="624" status="run" result="completed" time="0." timestamp="2026-02-16T18:43:58.785" classname="EdgeCaseTest" />
    <testcase name="DetectContentBoundsAllBlack" file="/Users/azumag/work/obs-stabilizer/tests/test_edge_cases.cpp" line="636" status="run" result="completed" time="0." timestamp="2026-02-16T18:43:58.785" classname="EdgeCaseTest" />
    <testcase name="DetectContentBoundsAllWhite" file="/Users/azumag/work/obs-stabilizer/tests/test_edge_cases.cpp" line="648" status="run" result="completed" time="0.001" timestamp="2026-02-16T18:43:58.786" classname="EdgeCaseTest" />
    <testcase name="PresetGaming" file="/Users/azumag/work/obs-stabilizer/tests/test_edge_cases.cpp" line="664" status="run" result="completed" time="0.012" timestamp="2026-02-16T18:43:58.787" classname="EdgeCaseTest" />
    <testcase name="PresetStreaming" file="/Users/azumag/work/obs-stabilizer/tests/test_edge_cases.cpp" line="675" status="run" result="completed" time="0.017" timestamp="2026-02-16T18:43:58.800" classname="EdgeCaseTest" />
    <testcase name="PresetRecording" file="/Users/azumag/work/obs-stabilizer/tests/test_edge_cases.cpp" line="686" status="run" result="completed" time="0.028" timestamp="2026-02-16T18:43:58.817" classname="EdgeCaseTest" />
    <testcase name="PerformanceMetricsAfterProcessing" file="/Users/azumag/work/obs-stabilizer/tests/test_edge_cases.cpp" line="701" status="run" result="completed" time="0.013" timestamp="2026-02-16T18:43:58.845" classname="EdgeCaseTest" />
    <testcase name="IsReadyAfterInitialization" file="/Users/azumag/work/obs-stabilizer/tests/test_edge_cases.cpp" line="715" status="run" result="completed" time="0." timestamp="2026-02-16T18:43:58.858" classname="EdgeCaseTest" />
    <testcase name="IsReadyBeforeInitialization" file="/Users/azumag/work/obs-stabilizer/tests/test_edge_cases.cpp" line="722" status="run" result="completed" time="0." timestamp="2026-02-16T18:43:58.858" classname="EdgeCaseTest" />
    <testcase name="GetLastErrorAfterError" file="/Users/azumag/work/obs-stabilizer/tests/test_edge_cases.cpp" line="726" status="run" result="completed" time="0." timestamp="2026-02-16T18:43:58.858" classname="EdgeCaseTest" />
  </testsuite>
  <testsuite name="IntegrationTest" tests="14" failures="0" disabled="0" skipped="0" errors="0" time="1.357" timestamp="2026-02-16T18:43:58.858">
    <testcase name="ProcessLongSequence" file="/Users/azumag/work/obs-stabilizer/tests/test_integration.cpp" line="36" status="run" result="completed" time="0.506" timestamp="2026-02-16T18:43:58.858" classname="IntegrationTest" />
    <testcase name="ContinuousMotionSequence" file="/Users/azumag/work/obs-stabilizer/tests/test_integration.cpp" line="56" status="run" result="completed" time="0.043" timestamp="2026-02-16T18:43:59.365" classname="IntegrationTest" />
    <testcase name="ResolutionChangeDuringStream" file="/Users/azumag/work/obs-stabilizer/tests/test_integration.cpp" line="80" status="run" result="completed" time="0.057" timestamp="2026-02-16T18:43:59.408" classname="IntegrationTest" />
    <testcase name="MultipleReinitializations" file="/Users/azumag/work/obs-stabilizer/tests/test_integration.cpp" line="112" status="run" result="completed" time="0.065" timestamp="2026-02-16T18:43:59.466" classname="IntegrationTest" />
    <testcase name="UpdateParametersDuringStream" file="/Users/azumag/work/obs-stabilizer/tests/test_integration.cpp" line="137" status="run" result="completed" time="0.039" timestamp="2026-02-16T18:43:59.531" classname="IntegrationTest" />
    <testcase name="MixedMotionSequence" file="/Users/azumag/work/obs-stabilizer/tests/test_integration.cpp" line="180" status="run" result="completed" time="0.076" timestamp="2026-02-16T18:43:59.571" classname="IntegrationTest" />
    <testcase name="PerformanceMetricsTracking" file="/Users/azumag/work/obs-stabilizer/tests/test_integration.cpp" line="216" status="run" result="completed" time="0.064" timestamp="2026-02-16T18:43:59.647" classname="IntegrationTest" />
    <testcase name="DisabledStabilizerPerformance" file="/Users/azumag/work/obs-stabilizer/tests/test_integration.cpp" line="234" status="run" result="completed" time="0.062" timestamp="2026-02-16T18:43:59.711" classname="IntegrationTest" />
    <testcase name="TransformHistoryManagement" file="/Users/azumag/work/obs-stabilizer/tests/test_integration.cpp" line="272" status="run" result="completed" time="0.043" timestamp="2026-02-16T18:43:59.774" classname="IntegrationTest" />
    <testcase name="GamingPresetIntegration" file="/Users/azumag/work/obs-stabilizer/tests/test_integration.cpp" line="293" status="run" result="completed" time="0.065" timestamp="2026-02-16T18:43:59.817" classname="IntegrationTest" />
    <testcase name="StreamingPresetIntegration" file="/Users/azumag/work/obs-stabilizer/tests/test_integration.cpp" line="307" status="run" result="completed" time="0.12" timestamp="2026-02-16T18:43:59.883" classname="IntegrationTest" />
    <testcase name="RecordingPresetIntegration" file="/Users/azumag/work/obs-stabilizer/tests/test_integration.cpp" line="321" status="run" result="completed" time="0.185" timestamp="2026-02-16T18:44:00.004" classname="IntegrationTest" />
    <testcase name="RecoverFromInvalidFrame" file="/Users/azumag/work/obs-stabilizer/tests/test_integration.cpp" line="339" status="run" result="completed" time="0.013" timestamp="2026-02-16T18:44:00.189" classname="IntegrationTest" />
    <testcase name="RecoverFromBadInitialization" file="/Users/azumag/work/obs-stabilizer/tests/test_integration.cpp" line="368" status="run" result="completed" time="0.013" timestamp="2026-02-16T18:44:00.203" classname="IntegrationTest" />
  </testsuite>
  <testsuite name="MemoryLeakTest" tests="13" failures="0" disabled="0" skipped="0" errors="0" time="20.161" timestamp="2026-02-16T18:44:00.216">
    <testcase name="LongDurationProcessing" file="/Users/azumag/work/obs-stabilizer/tests/test_memory_leaks.cpp" line="80" status="run" result="completed" time="1.572" timestamp="2026-02-16T18:44:00.216" classname="MemoryLeakTest" />
    <testcase name="ContinuousReinitialization" file="/Users/azumag/work/obs-stabilizer/tests/test_memory_leaks.cpp" line="114" status="run" result="completed" time="1.309" timestamp="2026-02-16T18:44:01.788" classname="MemoryLeakTest" />
    <testcase name="MultipleInstancesSimultaneously" file="/Users/azumag/work/obs-stabilizer/tests/test_memory_leaks.cpp" line="142" status="run" result="completed" time="1.338" timestamp="2026-02-16T18:44:03.098" classname="MemoryLeakTest" />
    <testcase name="ParameterUpdateMemory" file="/Users/azumag/work/obs-stabilizer/tests/test_memory_leaks.cpp" line="180" status="run" result="completed" time="0.137" timestamp="2026-02-16T18:44:04.437" classname="MemoryLeakTest" />
    <testcase name="ResetDuringProcessing" file="/Users/azumag/work/obs-stabilizer/tests/test_memory_leaks.cpp" line="210" status="run" result="completed" time="0.635" timestamp="2026-02-16T18:44:04.574" classname="MemoryLeakTest" />
    <testcase name="LargeFrameProcessing" file="/Users/azumag/work/obs-stabilizer/tests/test_memory_leaks.cpp" line="241" status="run" result="completed" time="0.504" timestamp="2026-02-16T18:44:05.210" classname="MemoryLeakTest" />
    <testcase name="TransformBufferManagement" file="/Users/azumag/work/obs-stabilizer/tests/test_memory_leaks.cpp" line="266" status="run" result="completed" time="1.09" timestamp="2026-02-16T18:44:05.715" classname="MemoryLeakTest" />
    <testcase name="FeatureTrackingMemory" file="/Users/azumag/work/obs-stabilizer/tests/test_memory_leaks.cpp" line="295" status="run" result="completed" time="6.73" timestamp="2026-02-16T18:44:06.806" classname="MemoryLeakTest" />
    <testcase name="EmptyFrameHandlingMemory" file="/Users/azumag/work/obs-stabilizer/tests/test_memory_leaks.cpp" line="320" status="run" result="completed" time="0." timestamp="2026-02-16T18:44:13.536" classname="MemoryLeakTest" />
    <testcase name="InvalidFrameHandlingMemory" file="/Users/azumag/work/obs-stabilizer/tests/test_memory_leaks.cpp" line="338" status="run" result="completed" time="0." timestamp="2026-02-16T18:44:13.536" classname="MemoryLeakTest" />
    <testcase name="StressTestMemory" file="/Users/azumag/work/obs-stabilizer/tests/test_memory_leaks.cpp" line="360" status="run" result="completed" time="6.689" timestamp="2026-02-16T18:44:13.536" classname="MemoryLeakTest" />
    <testcase name="FrameUtilsColorConversionMemory" file="/Users/azumag/work/obs-stabilizer/tests/test_memory_leaks.cpp" line="390" status="run" result="completed" time="0.131" timestamp="2026-02-16T18:44:20.226" classname="MemoryLeakTest" />
    <testcase name="FrameUtilsValidationMemory" file="/Users/azumag/work/obs-stabilizer/tests/test_memory_leaks.cpp" line="409" status="run" result="completed" time="0.019" timestamp="2026-02-16T18:44:20.358" classname="MemoryLeakTest" />
  </testsuite>
  <testsuite name="VisualStabilizationTest" tests="12" failures="0" disabled="0" skipped="0" errors="0" time="5.586" timestamp="2026-02-16T18:44:20.377">
    <testcase name="ShakeReductionForCameraShake" file="/Users/azumag/work/obs-stabilizer/tests/test_visual_quality.cpp" line="246" status="run" result="completed" time="0.315" timestamp="2026-02-16T18:44:20.377" classname="VisualStabilizationTest" />
    <testcase name="ShakeReductionForHandTremor" file="/Users/azumag/work/obs-stabilizer/tests/test_visual_quality.cpp" line="275" status="run" result="completed" time="0.334" timestamp="2026-02-16T18:44:20.692" classname="VisualStabilizationTest" />
    <testcase name="StrongSmoothingReducesMoreShake" file="/Users/azumag/work/obs-stabilizer/tests/test_visual_quality.cpp" line="311" status="run" result="completed" time="0.583" timestamp="2026-02-16T18:44:21.027" classname="VisualStabilizationTest" />
    <testcase name="ShakeVarianceReduction" file="/Users/azumag/work/obs-stabilizer/tests/test_visual_quality.cpp" line="342" status="run" result="completed" time="0.313" timestamp="2026-02-16T18:44:21.610" classname="VisualStabilizationTest" />
    <testcase name="EdgeMovementReduction" file="/Users/azumag/work/obs-stabilizer/tests/test_visual_quality.cpp" line="399" status="run" result="completed" time="0.179" timestamp="2026-02-16T18:44:21.924" classname="VisualStabilizationTest" />
    <testcase name="PanMotionPreserved" file="/Users/azumag/work/obs-stabilizer/tests/test_visual_quality.cpp" line="456" status="run" result="completed" time="0.313" timestamp="2026-02-16T18:44:22.103" classname="VisualStabilizationTest" />
    <testcase name="StaticSceneRemainsStable" file="/Users/azumag/work/obs-stabilizer/tests/test_visual_quality.cpp" line="480" status="run" result="completed" time="0.25" timestamp="2026-02-16T18:44:22.416" classname="VisualStabilizationTest" />
    <testcase name="ZoomMotionHandling" file="/Users/azumag/work/obs-stabilizer/tests/test_visual_quality.cpp" line="509" status="run" result="completed" time="0.32" timestamp="2026-02-16T18:44:22.667" classname="VisualStabilizationTest" />
    <testcase name="MoreFeaturesImprovesQuality" file="/Users/azumag/work/obs-stabilizer/tests/test_visual_quality.cpp" line="539" status="run" result="completed" time="0.586" timestamp="2026-02-16T18:44:22.987" classname="VisualStabilizationTest" />
    <testcase name="MixedMotionQuality" file="/Users/azumag/work/obs-stabilizer/tests/test_visual_quality.cpp" line="575" status="run" result="completed" time="0.24" timestamp="2026-02-16T18:44:23.574" classname="VisualStabilizationTest" />
    <testcase name="GamingScenarioShakeReduction" file="/Users/azumag/work/obs-stabilizer/tests/test_visual_quality.cpp" line="618" status="run" result="completed" time="0.321" timestamp="2026-02-16T18:44:23.814" classname="VisualStabilizationTest" />
    <testcase name="StreamingScenarioShakeReduction" file="/Users/azumag/work/obs-stabilizer/tests/test_visual_quality.cpp" line="641" status="run" result="completed" time="1.828" timestamp="2026-02-16T18:44:24.136" classname="VisualStabilizationTest" />
  </testsuite>
  <testsuite name="PerformanceThresholdTest" tests="13" failures="0" disabled="3" skipped="0" errors="0" time="9.662" timestamp="2026-02-16T18:44:25.964">
    <testcase name="CPUUsageWithinThreshold" file="/Users/azumag/work/obs-stabilizer/tests/test_performance_thresholds.cpp" line="305" status="run" result="completed" time="0.245" timestamp="2026-02-16T18:44:25.964" classname="PerformanceThresholdTest" />
    <testcase name="DISABLED_CPUUsageScalesWithResolution" file="/Users/azumag/work/obs-stabilizer/tests/test_performance_thresholds.cpp" line="361" status="notrun" result="suppressed" time="0." timestamp="1970-01-01T09:00:00.000" classname="PerformanceThresholdTest" />
    <testcase name="DISABLED_CPUUsageWithMultipleSources" file="/Users/azumag/work/obs-stabilizer/tests/test_performance_thresholds.cpp" line="415" status="notrun" result="suppressed" time="0." timestamp="1970-01-01T09:00:00.000" classname="PerformanceThresholdTest" />
    <testcase name="ProcessingDelayWithinThreshold_HD_30fps" file="/Users/azumag/work/obs-stabilizer/tests/test_performance_thresholds.cpp" line="468" status="run" result="completed" time="1.11" timestamp="2026-02-16T18:44:26.209" classname="PerformanceThresholdTest" />
    <testcase name="ProcessingDelayWithinThreshold_VGA_30fps" file="/Users/azumag/work/obs-stabilizer/tests/test_performance_thresholds.cpp" line="505" status="run" result="completed" time="0.22" timestamp="2026-02-16T18:44:27.320" classname="PerformanceThresholdTest" />
    <testcase name="ProcessingDelayWithinThreshold_HD_720p_60fps" file="/Users/azumag/work/obs-stabilizer/tests/test_performance_thresholds.cpp" line="531" status="run" result="completed" time="0.578" timestamp="2026-02-16T18:44:27.541" classname="PerformanceThresholdTest" />
    <testcase name="ProcessingDelayWithDifferentMotionTypes" file="/Users/azumag/work/obs-stabilizer/tests/test_performance_thresholds.cpp" line="566" status="run" result="completed" time="2.344" timestamp="2026-02-16T18:44:28.120" classname="PerformanceThresholdTest" />
    <testcase name="ProcessingDelayWithDifferentSmoothing" file="/Users/azumag/work/obs-stabilizer/tests/test_performance_thresholds.cpp" line="599" status="run" result="completed" time="1.557" timestamp="2026-02-16T18:44:30.464" classname="PerformanceThresholdTest" />
    <testcase name="ProcessingDelayWithDifferentFeatureCounts" file="/Users/azumag/work/obs-stabilizer/tests/test_performance_thresholds.cpp" line="640" status="run" result="completed" time="1.53" timestamp="2026-02-16T18:44:32.022" classname="PerformanceThresholdTest" />
    <testcase name="DISABLED_ProcessingDelayConsistency" file="/Users/azumag/work/obs-stabilizer/tests/test_performance_thresholds.cpp" line="676" status="notrun" result="suppressed" time="0." timestamp="1970-01-01T09:00:00.000" classname="PerformanceThresholdTest" />
    <testcase name="GamingPresetPerformance" file="/Users/azumag/work/obs-stabilizer/tests/test_performance_thresholds.cpp" line="715" status="run" result="completed" time="0.22" timestamp="2026-02-16T18:44:33.553" classname="PerformanceThresholdTest" />
    <testcase name="StreamingPresetPerformance" file="/Users/azumag/work/obs-stabilizer/tests/test_performance_thresholds.cpp" line="737" status="run" result="completed" time="1.161" timestamp="2026-02-16T18:44:33.773" classname="PerformanceThresholdTest" />
    <testcase name="RecordingPresetPerformance" file="/Users/azumag/work/obs-stabilizer/tests/test_performance_thresholds.cpp" line="759" status="run" result="completed" time="0.692" timestamp="2026-02-16T18:44:34.935" classname="PerformanceThresholdTest" />
  </testsuite>
  <testsuite name="MultiSourceTest" tests="10" failures="0" disabled="1" skipped="0" errors="0" time="5.078" timestamp="2026-02-16T18:44:35.627">
    <testcase name="TwoSources" file="/Users/azumag/work/obs-stabilizer/tests/test_multi_source.cpp" line="145" status="run" result="completed" time="0.22" timestamp="2026-02-16T18:44:35.627" classname="MultiSourceTest" />
    <testcase name="FiveSources" file="/Users/azumag/work/obs-stabilizer/tests/test_multi_source.cpp" line="182" status="run" result="completed" time="0.546" timestamp="2026-02-16T18:44:35.847" classname="MultiSourceTest" />
    <testcase name="TenSources" file="/Users/azumag/work/obs-stabilizer/tests/test_multi_source.cpp" line="222" status="run" result="completed" time="0.548" timestamp="2026-02-16T18:44:36.393" classname="MultiSourceTest" />
    <testcase name="MixedResolutionSources" file="/Users/azumag/work/obs-stabilizer/tests/test_multi_source.cpp" line="267" status="run" result="completed" time="0.606" timestamp="2026-02-16T18:44:36.942" classname="MultiSourceTest" />
    <testcase name="DifferentParametersPerSource" file="/Users/azumag/work/obs-stabilizer/tests/test_multi_source.cpp" line="316" status="run" result="completed" time="0.313" timestamp="2026-02-16T18:44:37.548" classname="MultiSourceTest" />
    <testcase name="DynamicAddRemoveSources" file="/Users/azumag/work/obs-stabilizer/tests/test_multi_source.cpp" line="358" status="run" result="completed" time="0.315" timestamp="2026-02-16T18:44:37.861" classname="MultiSourceTest" />
    <testcase name="MemoryUsageWithMultipleSources" file="/Users/azumag/work/obs-stabilizer/tests/test_multi_source.cpp" line="428" status="run" result="completed" time="1.016" timestamp="2026-02-16T18:44:38.177" classname="MultiSourceTest" />
    <testcase name="DISABLED_RapidStartStopMultipleSources" file="/Users/azumag/work/obs-stabilizer/tests/test_multi_source.cpp" line="481" status="notrun" result="suppressed" time="0." timestamp="1970-01-01T09:00:00.000" classname="MultiSourceTest" />
    <testcase name="LongRunningMultipleSources" file="/Users/azumag/work/obs-stabilizer/tests/test_multi_source.cpp" line="520" status="run" result="completed" time="1.341" timestamp="2026-02-16T18:44:39.193" classname="MultiSourceTest" />
    <testcase name="IsolatedSourceFailure" file="/Users/azumag/work/obs-stabilizer/tests/test_multi_source.cpp" line="563" status="run" result="completed" time="0.17" timestamp="2026-02-16T18:44:40.535" classname="MultiSourceTest" />
  </testsuite>
  <testsuite name="PresetManagerTest" tests="13" failures="0" disabled="0" skipped="0" errors="0" time="0.004" timestamp="2026-02-16T18:44:40.705">
    <testcase name="SaveBasicPreset" file="/Users/azumag/work/obs-stabilizer/tests/test_preset_manager.cpp" line="88" status="run" result="completed" time="0.002" timestamp="2026-02-16T18:44:40.705" classname="PresetManagerTest" />
    <testcase name="SavePresetWithEmptyName" file="/Users/azumag/work/obs-stabilizer/tests/test_preset_manager.cpp" line="101" status="run" result="completed" time="0." timestamp="2026-02-16T18:44:40.707" classname="PresetManagerTest" />
    <testcase name="SavePresetWithSpecialCharacters" file="/Users/azumag/work/obs-stabilizer/tests/test_preset_manager.cpp" line="112" status="run" result="completed" time="0." timestamp="2026-02-16T18:44:40.707" classname="PresetManagerTest" />
    <testcase name="LoadSavedPreset" file="/Users/azumag/work/obs-stabilizer/tests/test_preset_manager.cpp" line="131" status="run" result="completed" time="0." timestamp="2026-02-16T18:44:40.708" classname="PresetManagerTest" />
    <testcase name="LoadNonExistentPreset" file="/Users/azumag/work/obs-stabilizer/tests/test_preset_manager.cpp" line="155" status="run" result="completed" time="0." timestamp="2026-02-16T18:44:40.708" classname="PresetManagerTest" />
    <testcase name="DeleteExistingPreset" file="/Users/azumag/work/obs-stabilizer/tests/test_preset_manager.cpp" line="170" status="run" result="completed" time="0." timestamp="2026-02-16T18:44:40.708" classname="PresetManagerTest" />
    <testcase name="DeleteNonExistentPreset" file="/Users/azumag/work/obs-stabilizer/tests/test_preset_manager.cpp" line="186" status="run" result="completed" time="0." timestamp="2026-02-16T18:44:40.708" classname="PresetManagerTest" />
    <testcase name="ListPresetsWhenEmpty" file="/Users/azumag/work/obs-stabilizer/tests/test_preset_manager.cpp" line="200" status="run" result="completed" time="0." timestamp="2026-02-16T18:44:40.708" classname="PresetManagerTest" />
    <testcase name="ListMultiplePresets" file="/Users/azumag/work/obs-stabilizer/tests/test_preset_manager.cpp" line="213" status="run" result="completed" time="0." timestamp="2026-02-16T18:44:40.708" classname="PresetManagerTest" />
    <testcase name="PresetExistsForExistingPreset" file="/Users/azumag/work/obs-stabilizer/tests/test_preset_manager.cpp" line="245" status="run" result="completed" time="0." timestamp="2026-02-16T18:44:40.709" classname="PresetManagerTest" />
    <testcase name="PresetExistsForNonExistentPreset" file="/Users/azumag/work/obs-stabilizer/tests/test_preset_manager.cpp" line="258" status="run" result="completed" time="0." timestamp="2026-02-16T18:44:40.709" classname="PresetManagerTest" />
    <testcase name="SaveModifyReloadPreset" file="/Users/azumag/work/obs-stabilizer/tests/test_preset_manager.cpp" line="272" status="run" result="completed" time="0." timestamp="2026-02-16T18:44:40.709" classname="PresetManagerTest" />
    <testcase name="OverwriteExistingPreset" file="/Users/azumag/work/obs-stabilizer/tests/test_preset_manager.cpp" line="296" status="run" result="completed" time="0." timestamp="2026-02-16T18:44:40.709" classname="PresetManagerTest" />
  </testsuite>
</testsuites>
