<?xml version="1.0" encoding="UTF-8"?>
<testsuites tests="174" failures="0" disabled="4" errors="0" time="40.696" timestamp="2026-02-16T03:56:43.696" name="AllTests">
  <testsuite name="BasicTest" tests="16" failures="0" disabled="0" skipped="0" errors="0" time="0.014" timestamp="2026-02-16T03:56:43.696">
    <testcase name="TestOpenCVInitialization" file="/Users/azumag/work/obs-stabilizer/tests/test_basic.cpp" line="14" status="run" result="completed" time="0.001" timestamp="2026-02-16T03:56:43.696" classname="BasicTest" />
    <testcase name="TestFrameGeneration" file="/Users/azumag/work/obs-stabilizer/tests/test_basic.cpp" line="24" status="run" result="completed" time="0." timestamp="2026-02-16T03:56:43.697" classname="BasicTest" />
    <testcase name="TestMotionFrameGeneration" file="/Users/azumag/work/obs-stabilizer/tests/test_basic.cpp" line="31" status="run" result="completed" time="0.003" timestamp="2026-02-16T03:56:43.697" classname="BasicTest" />
    <testcase name="TestSequenceGeneration" file="/Users/azumag/work/obs-stabilizer/tests/test_basic.cpp" line="38" status="run" result="completed" time="0.001" timestamp="2026-02-16T03:56:43.700" classname="BasicTest" />
    <testcase name="TestDifferentVideoFormats" file="/Users/azumag/work/obs-stabilizer/tests/test_basic.cpp" line="54" status="run" result="completed" time="0." timestamp="2026-02-16T03:56:43.702" classname="BasicTest" />
    <testcase name="TestFrameWithFeatures" file="/Users/azumag/work/obs-stabilizer/tests/test_basic.cpp" line="59" status="run" result="completed" time="0." timestamp="2026-02-16T03:56:43.702" classname="BasicTest" />
    <testcase name="TestComprehensiveTestData" file="/Users/azumag/work/obs-stabilizer/tests/test_basic.cpp" line="66" status="run" result="completed" time="0.006" timestamp="2026-02-16T03:56:43.702" classname="BasicTest" />
    <testcase name="TestHorizontalMotionFrame" file="/Users/azumag/work/obs-stabilizer/tests/test_basic.cpp" line="77" status="run" result="completed" time="0." timestamp="2026-02-16T03:56:43.708" classname="BasicTest" />
    <testcase name="TestVerticalMotionFrame" file="/Users/azumag/work/obs-stabilizer/tests/test_basic.cpp" line="87" status="run" result="completed" time="0." timestamp="2026-02-16T03:56:43.708" classname="BasicTest" />
    <testcase name="TestRotationFrame" file="/Users/azumag/work/obs-stabilizer/tests/test_basic.cpp" line="97" status="run" result="completed" time="0." timestamp="2026-02-16T03:56:43.709" classname="BasicTest" />
    <testcase name="TestZoomFrame" file="/Users/azumag/work/obs-stabilizer/tests/test_basic.cpp" line="108" status="run" result="completed" time="0." timestamp="2026-02-16T03:56:43.709" classname="BasicTest" />
    <testcase name="TestResolutionConstants" file="/Users/azumag/work/obs-stabilizer/tests/test_basic.cpp" line="119" status="run" result="completed" time="0." timestamp="2026-02-16T03:56:43.710" classname="BasicTest" />
    <testcase name="TestFrameCountConstants" file="/Users/azumag/work/obs-stabilizer/tests/test_basic.cpp" line="126" status="run" result="completed" time="0." timestamp="2026-02-16T03:56:43.710" classname="BasicTest" />
    <testcase name="TestMotionConstants" file="/Users/azumag/work/obs-stabilizer/tests/test_basic.cpp" line="133" status="run" result="completed" time="0." timestamp="2026-02-16T03:56:43.710" classname="BasicTest" />
    <testcase name="TestFeatureConstants" file="/Users/azumag/work/obs-stabilizer/tests/test_basic.cpp" line="143" status="run" result="completed" time="0." timestamp="2026-02-16T03:56:43.710" classname="BasicTest" />
    <testcase name="TestProcessingConstants" file="/Users/azumag/work/obs-stabilizer/tests/test_basic.cpp" line="151" status="run" result="completed" time="0." timestamp="2026-02-16T03:56:43.710" classname="BasicTest" />
  </testsuite>
  <testsuite name="StabilizerCoreTest" tests="28" failures="0" disabled="0" skipped="0" errors="0" time="0.251" timestamp="2026-02-16T03:56:43.710">
    <testcase name="BasicFunctionality" file="/Users/azumag/work/obs-stabilizer/tests/test_stabilizer_core.cpp" line="32" status="run" result="completed" time="0." timestamp="2026-02-16T03:56:43.710" classname="StabilizerCoreTest" />
    <testcase name="InitializationWithDifferentResolutions" file="/Users/azumag/work/obs-stabilizer/tests/test_stabilizer_core.cpp" line="44" status="run" result="completed" time="0." timestamp="2026-02-16T03:56:43.710" classname="StabilizerCoreTest" />
    <testcase name="ProcessSingleFrame" file="/Users/azumag/work/obs-stabilizer/tests/test_stabilizer_core.cpp" line="59" status="run" result="completed" time="0.005" timestamp="2026-02-16T03:56:43.710" classname="StabilizerCoreTest" />
    <testcase name="ProcessMultipleFrames" file="/Users/azumag/work/obs-stabilizer/tests/test_stabilizer_core.cpp" line="75" status="run" result="completed" time="0.029" timestamp="2026-02-16T03:56:43.715" classname="StabilizerCoreTest" />
    <testcase name="ProcessHorizontalMotion" file="/Users/azumag/work/obs-stabilizer/tests/test_stabilizer_core.cpp" line="93" status="run" result="completed" time="0.044" timestamp="2026-02-16T03:56:43.744" classname="StabilizerCoreTest" />
    <testcase name="ProcessVerticalMotion" file="/Users/azumag/work/obs-stabilizer/tests/test_stabilizer_core.cpp" line="110" status="run" result="completed" time="0.043" timestamp="2026-02-16T03:56:43.789" classname="StabilizerCoreTest" />
    <testcase name="ProcessRotation" file="/Users/azumag/work/obs-stabilizer/tests/test_stabilizer_core.cpp" line="128" status="run" result="completed" time="0.043" timestamp="2026-02-16T03:56:43.832" classname="StabilizerCoreTest" />
    <testcase name="ProcessZoom" file="/Users/azumag/work/obs-stabilizer/tests/test_stabilizer_core.cpp" line="146" status="run" result="completed" time="0.042" timestamp="2026-02-16T03:56:43.876" classname="StabilizerCoreTest" />
    <testcase name="ParameterValidation" file="/Users/azumag/work/obs-stabilizer/tests/test_stabilizer_core.cpp" line="164" status="run" result="completed" time="0." timestamp="2026-02-16T03:56:43.919" classname="StabilizerCoreTest" />
    <testcase name="UpdateParameters" file="/Users/azumag/work/obs-stabilizer/tests/test_stabilizer_core.cpp" line="194" status="run" result="completed" time="0." timestamp="2026-02-16T03:56:43.919" classname="StabilizerCoreTest" />
    <testcase name="ResetState" file="/Users/azumag/work/obs-stabilizer/tests/test_stabilizer_core.cpp" line="209" status="run" result="completed" time="0.001" timestamp="2026-02-16T03:56:43.919" classname="StabilizerCoreTest" />
    <testcase name="PerformanceMetrics" file="/Users/azumag/work/obs-stabilizer/tests/test_stabilizer_core.cpp" line="224" status="run" result="completed" time="0.025" timestamp="2026-02-16T03:56:43.920" classname="StabilizerCoreTest" />
    <testcase name="PresetConfigurations" file="/Users/azumag/work/obs-stabilizer/tests/test_stabilizer_core.cpp" line="243" status="run" result="completed" time="0." timestamp="2026-02-16T03:56:43.946" classname="StabilizerCoreTest" />
    <testcase name="ErrorHandling" file="/Users/azumag/work/obs-stabilizer/tests/test_stabilizer_core.cpp" line="260" status="run" result="completed" time="0." timestamp="2026-02-16T03:56:43.946" classname="StabilizerCoreTest" />
    <testcase name="DifferentFeatureCounts" file="/Users/azumag/work/obs-stabilizer/tests/test_stabilizer_core.cpp" line="272" status="run" result="completed" time="0.002" timestamp="2026-02-16T03:56:43.946" classname="StabilizerCoreTest" />
    <testcase name="DifferentSmoothingWindows" file="/Users/azumag/work/obs-stabilizer/tests/test_stabilizer_core.cpp" line="288" status="run" result="completed" time="0.002" timestamp="2026-02-16T03:56:43.948" classname="StabilizerCoreTest" />
    <testcase name="EdgeModePadding" file="/Users/azumag/work/obs-stabilizer/tests/test_stabilizer_core.cpp" line="304" status="run" result="completed" time="0.001" timestamp="2026-02-16T03:56:43.951" classname="StabilizerCoreTest" />
    <testcase name="EdgeModeCrop" file="/Users/azumag/work/obs-stabilizer/tests/test_stabilizer_core.cpp" line="317" status="run" result="completed" time="0.001" timestamp="2026-02-16T03:56:43.952" classname="StabilizerCoreTest" />
    <testcase name="EdgeModeScale" file="/Users/azumag/work/obs-stabilizer/tests/test_stabilizer_core.cpp" line="331" status="run" result="completed" time="0.001" timestamp="2026-02-16T03:56:43.954" classname="StabilizerCoreTest" />
    <testcase name="DetectContentBounds" file="/Users/azumag/work/obs-stabilizer/tests/test_stabilizer_core.cpp" line="344" status="run" result="completed" time="0.001" timestamp="2026-02-16T03:56:43.955" classname="StabilizerCoreTest" />
    <testcase name="DetectContentBoundsFullFrame" file="/Users/azumag/work/obs-stabilizer/tests/test_stabilizer_core.cpp" line="360" status="run" result="completed" time="0." timestamp="2026-02-16T03:56:43.956" classname="StabilizerCoreTest" />
    <testcase name="DetectContentBoundsExtremeBorder" file="/Users/azumag/work/obs-stabilizer/tests/test_stabilizer_core.cpp" line="374" status="run" result="completed" time="0." timestamp="2026-02-16T03:56:43.957" classname="StabilizerCoreTest" />
    <testcase name="DetectContentBoundsMinFrameSize" file="/Users/azumag/work/obs-stabilizer/tests/test_stabilizer_core.cpp" line="390" status="run" result="completed" time="0." timestamp="2026-02-16T03:56:43.958" classname="StabilizerCoreTest" />
    <testcase name="DetectContentBoundsUltraWideAspect" file="/Users/azumag/work/obs-stabilizer/tests/test_stabilizer_core.cpp" line="404" status="run" result="completed" time="0." timestamp="2026-02-16T03:56:43.958" classname="StabilizerCoreTest" />
    <testcase name="DetectContentBoundsSquareAspect" file="/Users/azumag/work/obs-stabilizer/tests/test_stabilizer_core.cpp" line="419" status="run" result="completed" time="0." timestamp="2026-02-16T03:56:43.958" classname="StabilizerCoreTest" />
    <testcase name="DetectContentBoundsAllBlack" file="/Users/azumag/work/obs-stabilizer/tests/test_stabilizer_core.cpp" line="434" status="run" result="completed" time="0." timestamp="2026-02-16T03:56:43.959" classname="StabilizerCoreTest" />
    <testcase name="EdgeModeWithMinimalBorders" file="/Users/azumag/work/obs-stabilizer/tests/test_stabilizer_core.cpp" line="448" status="run" result="completed" time="0.001" timestamp="2026-02-16T03:56:43.959" classname="StabilizerCoreTest" />
    <testcase name="EdgeModeWithLargeBorders" file="/Users/azumag/work/obs-stabilizer/tests/test_stabilizer_core.cpp" line="463" status="run" result="completed" time="0.001" timestamp="2026-02-16T03:56:43.960" classname="StabilizerCoreTest" />
  </testsuite>
  <testsuite name="EdgeCaseTest" tests="56" failures="0" disabled="0" skipped="0" errors="0" time="0.265" timestamp="2026-02-16T03:56:43.962">
    <testcase name="EmptyFrameHandling" file="/Users/azumag/work/obs-stabilizer/tests/test_edge_cases.cpp" line="37" status="run" result="completed" time="0." timestamp="2026-02-16T03:56:43.962" classname="EdgeCaseTest" />
    <testcase name="NullFramePointerHandling" file="/Users/azumag/work/obs-stabilizer/tests/test_edge_cases.cpp" line="48" status="run" result="completed" time="0." timestamp="2026-02-16T03:56:43.962" classname="EdgeCaseTest" />
    <testcase name="ZeroWidthFrame" file="/Users/azumag/work/obs-stabilizer/tests/test_edge_cases.cpp" line="60" status="run" result="completed" time="0." timestamp="2026-02-16T03:56:43.962" classname="EdgeCaseTest" />
    <testcase name="ZeroHeightFrame" file="/Users/azumag/work/obs-stabilizer/tests/test_edge_cases.cpp" line="67" status="run" result="completed" time="0." timestamp="2026-02-16T03:56:43.962" classname="EdgeCaseTest" />
    <testcase name="VerySmallFrame" file="/Users/azumag/work/obs-stabilizer/tests/test_edge_cases.cpp" line="74" status="run" result="completed" time="0." timestamp="2026-02-16T03:56:43.962" classname="EdgeCaseTest" />
    <testcase name="VeryLargeFrame" file="/Users/azumag/work/obs-stabilizer/tests/test_edge_cases.cpp" line="81" status="run" result="completed" time="0." timestamp="2026-02-16T03:56:43.962" classname="EdgeCaseTest" />
    <testcase name="SingleChannelFrame" file="/Users/azumag/work/obs-stabilizer/tests/test_edge_cases.cpp" line="92" status="run" result="completed" time="0.001" timestamp="2026-02-16T03:56:43.962" classname="EdgeCaseTest" />
    <testcase name="TwoChannelFrame" file="/Users/azumag/work/obs-stabilizer/tests/test_edge_cases.cpp" line="103" status="run" result="completed" time="0." timestamp="2026-02-16T03:56:43.963" classname="EdgeCaseTest" />
    <testcase name="SixteenBitDepthFrame" file="/Users/azumag/work/obs-stabilizer/tests/test_edge_cases.cpp" line="114" status="run" result="completed" time="0." timestamp="2026-02-16T03:56:43.963" classname="EdgeCaseTest" />
    <testcase name="MinimumValidFrameSize" file="/Users/azumag/work/obs-stabilizer/tests/test_edge_cases.cpp" line="129" status="run" result="completed" time="0." timestamp="2026-02-16T03:56:43.963" classname="EdgeCaseTest" />
    <testcase name="SmoothingRadiusBoundary" file="/Users/azumag/work/obs-stabilizer/tests/test_edge_cases.cpp" line="141" status="run" result="completed" time="0." timestamp="2026-02-16T03:56:43.963" classname="EdgeCaseTest" />
    <testcase name="FeatureCountBoundary" file="/Users/azumag/work/obs-stabilizer/tests/test_edge_cases.cpp" line="163" status="run" result="completed" time="0." timestamp="2026-02-16T03:56:43.963" classname="EdgeCaseTest" />
    <testcase name="QualityLevelBoundary" file="/Users/azumag/work/obs-stabilizer/tests/test_edge_cases.cpp" line="180" status="run" result="completed" time="0." timestamp="2026-02-16T03:56:43.963" classname="EdgeCaseTest" />
    <testcase name="ResetDuringProcessing" file="/Users/azumag/work/obs-stabilizer/tests/test_edge_cases.cpp" line="206" status="run" result="completed" time="0.014" timestamp="2026-02-16T03:56:43.963" classname="EdgeCaseTest" />
    <testcase name="ReinitializeWithDifferentParams" file="/Users/azumag/work/obs-stabilizer/tests/test_edge_cases.cpp" line="230" status="run" result="completed" time="0.007" timestamp="2026-02-16T03:56:43.977" classname="EdgeCaseTest" />
    <testcase name="AllBlackFrame" file="/Users/azumag/work/obs-stabilizer/tests/test_edge_cases.cpp" line="256" status="run" result="completed" time="0.001" timestamp="2026-02-16T03:56:43.985" classname="EdgeCaseTest" />
    <testcase name="AllWhiteFrame" file="/Users/azumag/work/obs-stabilizer/tests/test_edge_cases.cpp" line="268" status="run" result="completed" time="0.001" timestamp="2026-02-16T03:56:43.987" classname="EdgeCaseTest" />
    <testcase name="FrameUtilsEmptyMatValidation" file="/Users/azumag/work/obs-stabilizer/tests/test_edge_cases.cpp" line="284" status="run" result="completed" time="0." timestamp="2026-02-16T03:56:43.988" classname="EdgeCaseTest" />
    <testcase name="FrameUtilsInvalidDimensions" file="/Users/azumag/work/obs-stabilizer/tests/test_edge_cases.cpp" line="289" status="run" result="completed" time="0." timestamp="2026-02-16T03:56:43.988" classname="EdgeCaseTest" />
    <testcase name="FrameUtilsInvalidChannels" file="/Users/azumag/work/obs-stabilizer/tests/test_edge_cases.cpp" line="308" status="run" result="completed" time="0." timestamp="2026-02-16T03:56:43.989" classname="EdgeCaseTest" />
    <testcase name="ColorConversionGrayscale" file="/Users/azumag/work/obs-stabilizer/tests/test_edge_cases.cpp" line="313" status="run" result="completed" time="0." timestamp="2026-02-16T03:56:43.989" classname="EdgeCaseTest" />
    <testcase name="ColorConversionEmptyFrame" file="/Users/azumag/work/obs-stabilizer/tests/test_edge_cases.cpp" line="320" status="run" result="completed" time="0." timestamp="2026-02-16T03:56:43.989" classname="EdgeCaseTest" />
    <testcase name="InitializeWithZeroWidth" file="/Users/azumag/work/obs-stabilizer/tests/test_edge_cases.cpp" line="330" status="run" result="completed" time="0." timestamp="2026-02-16T03:56:43.989" classname="EdgeCaseTest" />
    <testcase name="InitializeWithZeroHeight" file="/Users/azumag/work/obs-stabilizer/tests/test_edge_cases.cpp" line="336" status="run" result="completed" time="0." timestamp="2026-02-16T03:56:43.989" classname="EdgeCaseTest" />
    <testcase name="InitializeWithTooSmallDimensions" file="/Users/azumag/work/obs-stabilizer/tests/test_edge_cases.cpp" line="342" status="run" result="completed" time="0." timestamp="2026-02-16T03:56:43.989" classname="EdgeCaseTest" />
    <testcase name="InitializeWithMinimumValidDimensions" file="/Users/azumag/work/obs-stabilizer/tests/test_edge_cases.cpp" line="349" status="run" result="completed" time="0." timestamp="2026-02-16T03:56:43.989" classname="EdgeCaseTest" />
    <testcase name="ProcessFrame32BitFloatDepth" file="/Users/azumag/work/obs-stabilizer/tests/test_edge_cases.cpp" line="355" status="run" result="completed" time="0." timestamp="2026-02-16T03:56:43.989" classname="EdgeCaseTest" />
    <testcase name="ProcessFrame64BitFloatDepth" file="/Users/azumag/work/obs-stabilizer/tests/test_edge_cases.cpp" line="366" status="run" result="completed" time="0." timestamp="2026-02-16T03:56:43.989" classname="EdgeCaseTest" />
    <testcase name="ProcessFrame3Channels" file="/Users/azumag/work/obs-stabilizer/tests/test_edge_cases.cpp" line="377" status="run" result="completed" time="0.001" timestamp="2026-02-16T03:56:43.989" classname="EdgeCaseTest" />
    <testcase name="ProcessFrame5Channels" file="/Users/azumag/work/obs-stabilizer/tests/test_edge_cases.cpp" line="389" status="run" result="completed" time="0.001" timestamp="2026-02-16T03:56:43.990" classname="EdgeCaseTest" />
    <testcase name="ProcessFrameWithExtremeMaxCorrection" file="/Users/azumag/work/obs-stabilizer/tests/test_edge_cases.cpp" line="402" status="run" result="completed" time="0.013" timestamp="2026-02-16T03:56:43.991" classname="EdgeCaseTest" />
    <testcase name="ProcessFrameWithZeroFeatureCount" file="/Users/azumag/work/obs-stabilizer/tests/test_edge_cases.cpp" line="416" status="run" result="completed" time="0.001" timestamp="2026-02-16T03:56:44.005" classname="EdgeCaseTest" />
    <testcase name="ProcessFrameWithNegativeSmoothingRadius" file="/Users/azumag/work/obs-stabilizer/tests/test_edge_cases.cpp" line="428" status="run" result="completed" time="0.013" timestamp="2026-02-16T03:56:44.006" classname="EdgeCaseTest" />
    <testcase name="ProcessFrameWithVeryLargeSmoothingRadius" file="/Users/azumag/work/obs-stabilizer/tests/test_edge_cases.cpp" line="441" status="run" result="completed" time="0.019" timestamp="2026-02-16T03:56:44.019" classname="EdgeCaseTest" />
    <testcase name="ProcessFrameSequenceWithTrackingFailures" file="/Users/azumag/work/obs-stabilizer/tests/test_edge_cases.cpp" line="458" status="run" result="completed" time="0.013" timestamp="2026-02-16T03:56:44.038" classname="EdgeCaseTest" />
    <testcase name="ProcessAllBlackFrameSequence" file="/Users/azumag/work/obs-stabilizer/tests/test_edge_cases.cpp" line="476" status="run" result="completed" time="0.012" timestamp="2026-02-16T03:56:44.052" classname="EdgeCaseTest" />
    <testcase name="ProcessAllWhiteFrameSequence" file="/Users/azumag/work/obs-stabilizer/tests/test_edge_cases.cpp" line="487" status="run" result="completed" time="0.012" timestamp="2026-02-16T03:56:44.064" classname="EdgeCaseTest" />
    <testcase name="ProcessAlternatingBlackWhiteFrames" file="/Users/azumag/work/obs-stabilizer/tests/test_edge_cases.cpp" line="498" status="run" result="completed" time="0.012" timestamp="2026-02-16T03:56:44.077" classname="EdgeCaseTest" />
    <testcase name="ResetAfterTrackingFailures" file="/Users/azumag/work/obs-stabilizer/tests/test_edge_cases.cpp" line="515" status="run" result="completed" time="0.007" timestamp="2026-02-16T03:56:44.090" classname="EdgeCaseTest" />
    <testcase name="EdgeModePadding" file="/Users/azumag/work/obs-stabilizer/tests/test_edge_cases.cpp" line="536" status="run" result="completed" time="0.012" timestamp="2026-02-16T03:56:44.098" classname="EdgeCaseTest" />
    <testcase name="EdgeModeCrop" file="/Users/azumag/work/obs-stabilizer/tests/test_edge_cases.cpp" line="549" status="run" result="completed" time="0.015" timestamp="2026-02-16T03:56:44.111" classname="EdgeCaseTest" />
    <testcase name="EdgeModeScale" file="/Users/azumag/work/obs-stabilizer/tests/test_edge_cases.cpp" line="561" status="run" result="completed" time="0.027" timestamp="2026-02-16T03:56:44.126" classname="EdgeCaseTest" />
    <testcase name="EdgeModeCropWithBlackBorders" file="/Users/azumag/work/obs-stabilizer/tests/test_edge_cases.cpp" line="574" status="run" result="completed" time="0.001" timestamp="2026-02-16T03:56:44.154" classname="EdgeCaseTest" />
    <testcase name="EdgeModeScaleWithBlackBorders" file="/Users/azumag/work/obs-stabilizer/tests/test_edge_cases.cpp" line="587" status="run" result="completed" time="0.001" timestamp="2026-02-16T03:56:44.155" classname="EdgeCaseTest" />
    <testcase name="DetectContentBoundsSquareFrame" file="/Users/azumag/work/obs-stabilizer/tests/test_edge_cases.cpp" line="600" status="run" result="completed" time="0." timestamp="2026-02-16T03:56:44.156" classname="EdgeCaseTest" />
    <testcase name="DetectContentBoundsUltrawideFrame" file="/Users/azumag/work/obs-stabilizer/tests/test_edge_cases.cpp" line="612" status="run" result="completed" time="0.001" timestamp="2026-02-16T03:56:44.157" classname="EdgeCaseTest" />
    <testcase name="DetectContentBoundsMinimumFrame" file="/Users/azumag/work/obs-stabilizer/tests/test_edge_cases.cpp" line="624" status="run" result="completed" time="0." timestamp="2026-02-16T03:56:44.158" classname="EdgeCaseTest" />
    <testcase name="DetectContentBoundsAllBlack" file="/Users/azumag/work/obs-stabilizer/tests/test_edge_cases.cpp" line="636" status="run" result="completed" time="0." timestamp="2026-02-16T03:56:44.158" classname="EdgeCaseTest" />
    <testcase name="DetectContentBoundsAllWhite" file="/Users/azumag/work/obs-stabilizer/tests/test_edge_cases.cpp" line="648" status="run" result="completed" time="0." timestamp="2026-02-16T03:56:44.159" classname="EdgeCaseTest" />
    <testcase name="PresetGaming" file="/Users/azumag/work/obs-stabilizer/tests/test_edge_cases.cpp" line="664" status="run" result="completed" time="0.012" timestamp="2026-02-16T03:56:44.159" classname="EdgeCaseTest" />
    <testcase name="PresetStreaming" file="/Users/azumag/work/obs-stabilizer/tests/test_edge_cases.cpp" line="675" status="run" result="completed" time="0.015" timestamp="2026-02-16T03:56:44.172" classname="EdgeCaseTest" />
    <testcase name="PresetRecording" file="/Users/azumag/work/obs-stabilizer/tests/test_edge_cases.cpp" line="686" status="run" result="completed" time="0.026" timestamp="2026-02-16T03:56:44.187" classname="EdgeCaseTest" />
    <testcase name="PerformanceMetricsAfterProcessing" file="/Users/azumag/work/obs-stabilizer/tests/test_edge_cases.cpp" line="701" status="run" result="completed" time="0.013" timestamp="2026-02-16T03:56:44.214" classname="EdgeCaseTest" />
    <testcase name="IsReadyAfterInitialization" file="/Users/azumag/work/obs-stabilizer/tests/test_edge_cases.cpp" line="715" status="run" result="completed" time="0." timestamp="2026-02-16T03:56:44.227" classname="EdgeCaseTest" />
    <testcase name="IsReadyBeforeInitialization" file="/Users/azumag/work/obs-stabilizer/tests/test_edge_cases.cpp" line="722" status="run" result="completed" time="0." timestamp="2026-02-16T03:56:44.227" classname="EdgeCaseTest" />
    <testcase name="GetLastErrorAfterError" file="/Users/azumag/work/obs-stabilizer/tests/test_edge_cases.cpp" line="726" status="run" result="completed" time="0." timestamp="2026-02-16T03:56:44.227" classname="EdgeCaseTest" />
  </testsuite>
  <testsuite name="IntegrationTest" tests="14" failures="0" disabled="0" skipped="0" errors="0" time="1.295" timestamp="2026-02-16T03:56:44.227">
    <testcase name="ProcessLongSequence" file="/Users/azumag/work/obs-stabilizer/tests/test_integration.cpp" line="36" status="run" result="completed" time="0.482" timestamp="2026-02-16T03:56:44.227" classname="IntegrationTest" />
    <testcase name="ContinuousMotionSequence" file="/Users/azumag/work/obs-stabilizer/tests/test_integration.cpp" line="56" status="run" result="completed" time="0.043" timestamp="2026-02-16T03:56:44.710" classname="IntegrationTest" />
    <testcase name="ResolutionChangeDuringStream" file="/Users/azumag/work/obs-stabilizer/tests/test_integration.cpp" line="80" status="run" result="completed" time="0.063" timestamp="2026-02-16T03:56:44.754" classname="IntegrationTest" />
    <testcase name="MultipleReinitializations" file="/Users/azumag/work/obs-stabilizer/tests/test_integration.cpp" line="112" status="run" result="completed" time="0.065" timestamp="2026-02-16T03:56:44.817" classname="IntegrationTest" />
    <testcase name="UpdateParametersDuringStream" file="/Users/azumag/work/obs-stabilizer/tests/test_integration.cpp" line="137" status="run" result="completed" time="0.039" timestamp="2026-02-16T03:56:44.883" classname="IntegrationTest" />
    <testcase name="MixedMotionSequence" file="/Users/azumag/work/obs-stabilizer/tests/test_integration.cpp" line="180" status="run" result="completed" time="0.077" timestamp="2026-02-16T03:56:44.922" classname="IntegrationTest" />
    <testcase name="PerformanceMetricsTracking" file="/Users/azumag/work/obs-stabilizer/tests/test_integration.cpp" line="216" status="run" result="completed" time="0.065" timestamp="2026-02-16T03:56:45.000" classname="IntegrationTest" />
    <testcase name="DisabledStabilizerPerformance" file="/Users/azumag/work/obs-stabilizer/tests/test_integration.cpp" line="234" status="run" result="completed" time="0.063" timestamp="2026-02-16T03:56:45.065" classname="IntegrationTest" />
    <testcase name="TransformHistoryManagement" file="/Users/azumag/work/obs-stabilizer/tests/test_integration.cpp" line="272" status="run" result="completed" time="0.043" timestamp="2026-02-16T03:56:45.128" classname="IntegrationTest" />
    <testcase name="GamingPresetIntegration" file="/Users/azumag/work/obs-stabilizer/tests/test_integration.cpp" line="293" status="run" result="completed" time="0.065" timestamp="2026-02-16T03:56:45.171" classname="IntegrationTest" />
    <testcase name="StreamingPresetIntegration" file="/Users/azumag/work/obs-stabilizer/tests/test_integration.cpp" line="307" status="run" result="completed" time="0.119" timestamp="2026-02-16T03:56:45.237" classname="IntegrationTest" />
    <testcase name="RecordingPresetIntegration" file="/Users/azumag/work/obs-stabilizer/tests/test_integration.cpp" line="321" status="run" result="completed" time="0.138" timestamp="2026-02-16T03:56:45.357" classname="IntegrationTest" />
    <testcase name="RecoverFromInvalidFrame" file="/Users/azumag/work/obs-stabilizer/tests/test_integration.cpp" line="339" status="run" result="completed" time="0.013" timestamp="2026-02-16T03:56:45.496" classname="IntegrationTest" />
    <testcase name="RecoverFromBadInitialization" file="/Users/azumag/work/obs-stabilizer/tests/test_integration.cpp" line="368" status="run" result="completed" time="0.013" timestamp="2026-02-16T03:56:45.509" classname="IntegrationTest" />
  </testsuite>
  <testsuite name="MemoryLeakTest" tests="13" failures="0" disabled="0" skipped="0" errors="0" time="19.282" timestamp="2026-02-16T03:56:45.522">
    <testcase name="LongDurationProcessing" file="/Users/azumag/work/obs-stabilizer/tests/test_memory_leaks.cpp" line="80" status="run" result="completed" time="1.401" timestamp="2026-02-16T03:56:45.522" classname="MemoryLeakTest" />
    <testcase name="ContinuousReinitialization" file="/Users/azumag/work/obs-stabilizer/tests/test_memory_leaks.cpp" line="114" status="run" result="completed" time="1.297" timestamp="2026-02-16T03:56:46.923" classname="MemoryLeakTest" />
    <testcase name="MultipleInstancesSimultaneously" file="/Users/azumag/work/obs-stabilizer/tests/test_memory_leaks.cpp" line="142" status="run" result="completed" time="1.352" timestamp="2026-02-16T03:56:48.221" classname="MemoryLeakTest" />
    <testcase name="ParameterUpdateMemory" file="/Users/azumag/work/obs-stabilizer/tests/test_memory_leaks.cpp" line="180" status="run" result="completed" time="0.137" timestamp="2026-02-16T03:56:49.573" classname="MemoryLeakTest" />
    <testcase name="ResetDuringProcessing" file="/Users/azumag/work/obs-stabilizer/tests/test_memory_leaks.cpp" line="210" status="run" result="completed" time="0.634" timestamp="2026-02-16T03:56:49.711" classname="MemoryLeakTest" />
    <testcase name="LargeFrameProcessing" file="/Users/azumag/work/obs-stabilizer/tests/test_memory_leaks.cpp" line="241" status="run" result="completed" time="0.433" timestamp="2026-02-16T03:56:50.346" classname="MemoryLeakTest" />
    <testcase name="TransformBufferManagement" file="/Users/azumag/work/obs-stabilizer/tests/test_memory_leaks.cpp" line="266" status="run" result="completed" time="1.104" timestamp="2026-02-16T03:56:50.779" classname="MemoryLeakTest" />
    <testcase name="FeatureTrackingMemory" file="/Users/azumag/work/obs-stabilizer/tests/test_memory_leaks.cpp" line="295" status="run" result="completed" time="6.517" timestamp="2026-02-16T03:56:51.883" classname="MemoryLeakTest" />
    <testcase name="EmptyFrameHandlingMemory" file="/Users/azumag/work/obs-stabilizer/tests/test_memory_leaks.cpp" line="320" status="run" result="completed" time="0." timestamp="2026-02-16T03:56:58.401" classname="MemoryLeakTest" />
    <testcase name="InvalidFrameHandlingMemory" file="/Users/azumag/work/obs-stabilizer/tests/test_memory_leaks.cpp" line="338" status="run" result="completed" time="0." timestamp="2026-02-16T03:56:58.401" classname="MemoryLeakTest" />
    <testcase name="StressTestMemory" file="/Users/azumag/work/obs-stabilizer/tests/test_memory_leaks.cpp" line="360" status="run" result="completed" time="6.248" timestamp="2026-02-16T03:56:58.401" classname="MemoryLeakTest" />
    <testcase name="FrameUtilsColorConversionMemory" file="/Users/azumag/work/obs-stabilizer/tests/test_memory_leaks.cpp" line="390" status="run" result="completed" time="0.134" timestamp="2026-02-16T03:57:04.650" classname="MemoryLeakTest" />
    <testcase name="FrameUtilsValidationMemory" file="/Users/azumag/work/obs-stabilizer/tests/test_memory_leaks.cpp" line="409" status="run" result="completed" time="0.02" timestamp="2026-02-16T03:57:04.784" classname="MemoryLeakTest" />
  </testsuite>
  <testsuite name="VisualStabilizationTest" tests="12" failures="0" disabled="0" skipped="0" errors="0" time="5.506" timestamp="2026-02-16T03:57:04.805">
    <testcase name="ShakeReductionForCameraShake" file="/Users/azumag/work/obs-stabilizer/tests/test_visual_quality.cpp" line="246" status="run" result="completed" time="0.308" timestamp="2026-02-16T03:57:04.805" classname="VisualStabilizationTest" />
    <testcase name="ShakeReductionForHandTremor" file="/Users/azumag/work/obs-stabilizer/tests/test_visual_quality.cpp" line="275" status="run" result="completed" time="0.315" timestamp="2026-02-16T03:57:05.113" classname="VisualStabilizationTest" />
    <testcase name="StrongSmoothingReducesMoreShake" file="/Users/azumag/work/obs-stabilizer/tests/test_visual_quality.cpp" line="310" status="run" result="completed" time="0.572" timestamp="2026-02-16T03:57:05.429" classname="VisualStabilizationTest" />
    <testcase name="ShakeVarianceReduction" file="/Users/azumag/work/obs-stabilizer/tests/test_visual_quality.cpp" line="341" status="run" result="completed" time="0.333" timestamp="2026-02-16T03:57:06.001" classname="VisualStabilizationTest" />
    <testcase name="EdgeMovementReduction" file="/Users/azumag/work/obs-stabilizer/tests/test_visual_quality.cpp" line="398" status="run" result="completed" time="0.179" timestamp="2026-02-16T03:57:06.335" classname="VisualStabilizationTest" />
    <testcase name="PanMotionPreserved" file="/Users/azumag/work/obs-stabilizer/tests/test_visual_quality.cpp" line="455" status="run" result="completed" time="0.307" timestamp="2026-02-16T03:57:06.515" classname="VisualStabilizationTest" />
    <testcase name="StaticSceneRemainsStable" file="/Users/azumag/work/obs-stabilizer/tests/test_visual_quality.cpp" line="479" status="run" result="completed" time="0.246" timestamp="2026-02-16T03:57:06.823" classname="VisualStabilizationTest" />
    <testcase name="ZoomMotionHandling" file="/Users/azumag/work/obs-stabilizer/tests/test_visual_quality.cpp" line="508" status="run" result="completed" time="0.311" timestamp="2026-02-16T03:57:07.069" classname="VisualStabilizationTest" />
    <testcase name="MoreFeaturesImprovesQuality" file="/Users/azumag/work/obs-stabilizer/tests/test_visual_quality.cpp" line="532" status="run" result="completed" time="0.568" timestamp="2026-02-16T03:57:07.381" classname="VisualStabilizationTest" />
    <testcase name="MixedMotionQuality" file="/Users/azumag/work/obs-stabilizer/tests/test_visual_quality.cpp" line="560" status="run" result="completed" time="0.23" timestamp="2026-02-16T03:57:07.950" classname="VisualStabilizationTest" />
    <testcase name="GamingScenarioShakeReduction" file="/Users/azumag/work/obs-stabilizer/tests/test_visual_quality.cpp" line="603" status="run" result="completed" time="0.313" timestamp="2026-02-16T03:57:08.180" classname="VisualStabilizationTest" />
    <testcase name="StreamingScenarioShakeReduction" file="/Users/azumag/work/obs-stabilizer/tests/test_visual_quality.cpp" line="626" status="run" result="completed" time="1.818" timestamp="2026-02-16T03:57:08.494" classname="VisualStabilizationTest" />
  </testsuite>
  <testsuite name="PerformanceThresholdTest" tests="12" failures="0" disabled="3" skipped="0" errors="0" time="8.998" timestamp="2026-02-16T03:57:10.312">
    <testcase name="CPUUsageWithinThreshold" file="/Users/azumag/work/obs-stabilizer/tests/test_performance_thresholds.cpp" line="305" status="run" result="completed" time="0.247" timestamp="2026-02-16T03:57:10.312" classname="PerformanceThresholdTest" />
    <testcase name="DISABLED_CPUUsageScalesWithResolution" file="/Users/azumag/work/obs-stabilizer/tests/test_performance_thresholds.cpp" line="356" status="notrun" result="suppressed" time="0." timestamp="1970-01-01T09:00:00.000" classname="PerformanceThresholdTest" />
    <testcase name="DISABLED_CPUUsageWithMultipleSources" file="/Users/azumag/work/obs-stabilizer/tests/test_performance_thresholds.cpp" line="410" status="notrun" result="suppressed" time="0." timestamp="1970-01-01T09:00:00.000" classname="PerformanceThresholdTest" />
    <testcase name="ProcessingDelayWithinThreshold_HD_30fps" file="/Users/azumag/work/obs-stabilizer/tests/test_performance_thresholds.cpp" line="463" status="run" result="completed" time="1.184" timestamp="2026-02-16T03:57:10.559" classname="PerformanceThresholdTest" />
    <testcase name="ProcessingDelayWithinThreshold_VGA_30fps" file="/Users/azumag/work/obs-stabilizer/tests/test_performance_thresholds.cpp" line="501" status="run" result="completed" time="0.242" timestamp="2026-02-16T03:57:11.744" classname="PerformanceThresholdTest" />
    <testcase name="ProcessingDelayWithDifferentMotionTypes" file="/Users/azumag/work/obs-stabilizer/tests/test_performance_thresholds.cpp" line="527" status="run" result="completed" time="2.382" timestamp="2026-02-16T03:57:11.987" classname="PerformanceThresholdTest" />
    <testcase name="ProcessingDelayWithDifferentSmoothing" file="/Users/azumag/work/obs-stabilizer/tests/test_performance_thresholds.cpp" line="560" status="run" result="completed" time="1.56" timestamp="2026-02-16T03:57:14.370" classname="PerformanceThresholdTest" />
    <testcase name="ProcessingDelayWithDifferentFeatureCounts" file="/Users/azumag/work/obs-stabilizer/tests/test_performance_thresholds.cpp" line="601" status="run" result="completed" time="1.543" timestamp="2026-02-16T03:57:15.930" classname="PerformanceThresholdTest" />
    <testcase name="DISABLED_ProcessingDelayConsistency" file="/Users/azumag/work/obs-stabilizer/tests/test_performance_thresholds.cpp" line="637" status="notrun" result="suppressed" time="0." timestamp="1970-01-01T09:00:00.000" classname="PerformanceThresholdTest" />
    <testcase name="GamingPresetPerformance" file="/Users/azumag/work/obs-stabilizer/tests/test_performance_thresholds.cpp" line="676" status="run" result="completed" time="0.22" timestamp="2026-02-16T03:57:17.473" classname="PerformanceThresholdTest" />
    <testcase name="StreamingPresetPerformance" file="/Users/azumag/work/obs-stabilizer/tests/test_performance_thresholds.cpp" line="698" status="run" result="completed" time="1.124" timestamp="2026-02-16T03:57:17.694" classname="PerformanceThresholdTest" />
    <testcase name="RecordingPresetPerformance" file="/Users/azumag/work/obs-stabilizer/tests/test_performance_thresholds.cpp" line="720" status="run" result="completed" time="0.491" timestamp="2026-02-16T03:57:18.819" classname="PerformanceThresholdTest" />
  </testsuite>
  <testsuite name="MultiSourceTest" tests="10" failures="0" disabled="1" skipped="0" errors="0" time="5.078" timestamp="2026-02-16T03:57:19.311">
    <testcase name="TwoSources" file="/Users/azumag/work/obs-stabilizer/tests/test_multi_source.cpp" line="145" status="run" result="completed" time="0.225" timestamp="2026-02-16T03:57:19.311" classname="MultiSourceTest" />
    <testcase name="FiveSources" file="/Users/azumag/work/obs-stabilizer/tests/test_multi_source.cpp" line="182" status="run" result="completed" time="0.562" timestamp="2026-02-16T03:57:19.536" classname="MultiSourceTest" />
    <testcase name="TenSources" file="/Users/azumag/work/obs-stabilizer/tests/test_multi_source.cpp" line="222" status="run" result="completed" time="0.552" timestamp="2026-02-16T03:57:20.098" classname="MultiSourceTest" />
    <testcase name="MixedResolutionSources" file="/Users/azumag/work/obs-stabilizer/tests/test_multi_source.cpp" line="267" status="run" result="completed" time="0.609" timestamp="2026-02-16T03:57:20.650" classname="MultiSourceTest" />
    <testcase name="DifferentParametersPerSource" file="/Users/azumag/work/obs-stabilizer/tests/test_multi_source.cpp" line="316" status="run" result="completed" time="0.304" timestamp="2026-02-16T03:57:21.260" classname="MultiSourceTest" />
    <testcase name="DynamicAddRemoveSources" file="/Users/azumag/work/obs-stabilizer/tests/test_multi_source.cpp" line="358" status="run" result="completed" time="0.315" timestamp="2026-02-16T03:57:21.564" classname="MultiSourceTest" />
    <testcase name="MemoryUsageWithMultipleSources" file="/Users/azumag/work/obs-stabilizer/tests/test_multi_source.cpp" line="428" status="run" result="completed" time="0.99" timestamp="2026-02-16T03:57:21.880" classname="MultiSourceTest" />
    <testcase name="DISABLED_RapidStartStopMultipleSources" file="/Users/azumag/work/obs-stabilizer/tests/test_multi_source.cpp" line="481" status="notrun" result="suppressed" time="0." timestamp="1970-01-01T09:00:00.000" classname="MultiSourceTest" />
    <testcase name="LongRunningMultipleSources" file="/Users/azumag/work/obs-stabilizer/tests/test_multi_source.cpp" line="520" status="run" result="completed" time="1.356" timestamp="2026-02-16T03:57:22.870" classname="MultiSourceTest" />
    <testcase name="IsolatedSourceFailure" file="/Users/azumag/work/obs-stabilizer/tests/test_multi_source.cpp" line="563" status="run" result="completed" time="0.162" timestamp="2026-02-16T03:57:24.227" classname="MultiSourceTest" />
  </testsuite>
  <testsuite name="PresetManagerTest" tests="13" failures="0" disabled="0" skipped="0" errors="0" time="0.002" timestamp="2026-02-16T03:57:24.389">
    <testcase name="SaveBasicPreset" file="/Users/azumag/work/obs-stabilizer/tests/test_preset_manager.cpp" line="88" status="run" result="completed" time="0." timestamp="2026-02-16T03:57:24.389" classname="PresetManagerTest" />
    <testcase name="SavePresetWithEmptyName" file="/Users/azumag/work/obs-stabilizer/tests/test_preset_manager.cpp" line="101" status="run" result="completed" time="0." timestamp="2026-02-16T03:57:24.390" classname="PresetManagerTest" />
    <testcase name="SavePresetWithSpecialCharacters" file="/Users/azumag/work/obs-stabilizer/tests/test_preset_manager.cpp" line="112" status="run" result="completed" time="0." timestamp="2026-02-16T03:57:24.390" classname="PresetManagerTest" />
    <testcase name="LoadSavedPreset" file="/Users/azumag/work/obs-stabilizer/tests/test_preset_manager.cpp" line="131" status="run" result="completed" time="0." timestamp="2026-02-16T03:57:24.390" classname="PresetManagerTest" />
    <testcase name="LoadNonExistentPreset" file="/Users/azumag/work/obs-stabilizer/tests/test_preset_manager.cpp" line="155" status="run" result="completed" time="0." timestamp="2026-02-16T03:57:24.391" classname="PresetManagerTest" />
    <testcase name="DeleteExistingPreset" file="/Users/azumag/work/obs-stabilizer/tests/test_preset_manager.cpp" line="170" status="run" result="completed" time="0." timestamp="2026-02-16T03:57:24.391" classname="PresetManagerTest" />
    <testcase name="DeleteNonExistentPreset" file="/Users/azumag/work/obs-stabilizer/tests/test_preset_manager.cpp" line="186" status="run" result="completed" time="0." timestamp="2026-02-16T03:57:24.391" classname="PresetManagerTest" />
    <testcase name="ListPresetsWhenEmpty" file="/Users/azumag/work/obs-stabilizer/tests/test_preset_manager.cpp" line="200" status="run" result="completed" time="0." timestamp="2026-02-16T03:57:24.391" classname="PresetManagerTest" />
    <testcase name="ListMultiplePresets" file="/Users/azumag/work/obs-stabilizer/tests/test_preset_manager.cpp" line="213" status="run" result="completed" time="0." timestamp="2026-02-16T03:57:24.391" classname="PresetManagerTest" />
    <testcase name="PresetExistsForExistingPreset" file="/Users/azumag/work/obs-stabilizer/tests/test_preset_manager.cpp" line="245" status="run" result="completed" time="0." timestamp="2026-02-16T03:57:24.391" classname="PresetManagerTest" />
    <testcase name="PresetExistsForNonExistentPreset" file="/Users/azumag/work/obs-stabilizer/tests/test_preset_manager.cpp" line="258" status="run" result="completed" time="0." timestamp="2026-02-16T03:57:24.391" classname="PresetManagerTest" />
    <testcase name="SaveModifyReloadPreset" file="/Users/azumag/work/obs-stabilizer/tests/test_preset_manager.cpp" line="272" status="run" result="completed" time="0." timestamp="2026-02-16T03:57:24.391" classname="PresetManagerTest" />
    <testcase name="OverwriteExistingPreset" file="/Users/azumag/work/obs-stabilizer/tests/test_preset_manager.cpp" line="296" status="run" result="completed" time="0." timestamp="2026-02-16T03:57:24.392" classname="PresetManagerTest" />
  </testsuite>
</testsuites>
