<?xml version="1.0" encoding="UTF-8"?>
<testsuites tests="149" failures="0" disabled="4" errors="0" time="19.711" timestamp="2026-02-11T17:58:39.693" name="AllTests">
  <testsuite name="BasicTest" tests="16" failures="0" disabled="0" skipped="0" errors="0" time="0.017" timestamp="2026-02-11T17:58:39.693">
    <testcase name="TestOpenCVInitialization" file="/Users/azumag/work/obs-stabilizer/tests/test_basic.cpp" line="14" status="run" result="completed" time="0.001" timestamp="2026-02-11T17:58:39.693" classname="BasicTest" />
    <testcase name="TestFrameGeneration" file="/Users/azumag/work/obs-stabilizer/tests/test_basic.cpp" line="24" status="run" result="completed" time="0." timestamp="2026-02-11T17:58:39.695" classname="BasicTest" />
    <testcase name="TestMotionFrameGeneration" file="/Users/azumag/work/obs-stabilizer/tests/test_basic.cpp" line="31" status="run" result="completed" time="0.002" timestamp="2026-02-11T17:58:39.695" classname="BasicTest" />
    <testcase name="TestSequenceGeneration" file="/Users/azumag/work/obs-stabilizer/tests/test_basic.cpp" line="38" status="run" result="completed" time="0.001" timestamp="2026-02-11T17:58:39.697" classname="BasicTest" />
    <testcase name="TestDifferentVideoFormats" file="/Users/azumag/work/obs-stabilizer/tests/test_basic.cpp" line="54" status="run" result="completed" time="0." timestamp="2026-02-11T17:58:39.698" classname="BasicTest" />
    <testcase name="TestFrameWithFeatures" file="/Users/azumag/work/obs-stabilizer/tests/test_basic.cpp" line="59" status="run" result="completed" time="0." timestamp="2026-02-11T17:58:39.698" classname="BasicTest" />
    <testcase name="TestComprehensiveTestData" file="/Users/azumag/work/obs-stabilizer/tests/test_basic.cpp" line="66" status="run" result="completed" time="0.009" timestamp="2026-02-11T17:58:39.698" classname="BasicTest" />
    <testcase name="TestHorizontalMotionFrame" file="/Users/azumag/work/obs-stabilizer/tests/test_basic.cpp" line="77" status="run" result="completed" time="0." timestamp="2026-02-11T17:58:39.708" classname="BasicTest" />
    <testcase name="TestVerticalMotionFrame" file="/Users/azumag/work/obs-stabilizer/tests/test_basic.cpp" line="87" status="run" result="completed" time="0." timestamp="2026-02-11T17:58:39.709" classname="BasicTest" />
    <testcase name="TestRotationFrame" file="/Users/azumag/work/obs-stabilizer/tests/test_basic.cpp" line="97" status="run" result="completed" time="0." timestamp="2026-02-11T17:58:39.709" classname="BasicTest" />
    <testcase name="TestZoomFrame" file="/Users/azumag/work/obs-stabilizer/tests/test_basic.cpp" line="108" status="run" result="completed" time="0." timestamp="2026-02-11T17:58:39.710" classname="BasicTest" />
    <testcase name="TestResolutionConstants" file="/Users/azumag/work/obs-stabilizer/tests/test_basic.cpp" line="119" status="run" result="completed" time="0." timestamp="2026-02-11T17:58:39.711" classname="BasicTest" />
    <testcase name="TestFrameCountConstants" file="/Users/azumag/work/obs-stabilizer/tests/test_basic.cpp" line="126" status="run" result="completed" time="0." timestamp="2026-02-11T17:58:39.711" classname="BasicTest" />
    <testcase name="TestMotionConstants" file="/Users/azumag/work/obs-stabilizer/tests/test_basic.cpp" line="133" status="run" result="completed" time="0." timestamp="2026-02-11T17:58:39.711" classname="BasicTest" />
    <testcase name="TestFeatureConstants" file="/Users/azumag/work/obs-stabilizer/tests/test_basic.cpp" line="143" status="run" result="completed" time="0." timestamp="2026-02-11T17:58:39.711" classname="BasicTest" />
    <testcase name="TestProcessingConstants" file="/Users/azumag/work/obs-stabilizer/tests/test_basic.cpp" line="151" status="run" result="completed" time="0." timestamp="2026-02-11T17:58:39.711" classname="BasicTest" />
  </testsuite>
  <testsuite name="StabilizerCoreTest" tests="28" failures="0" disabled="0" skipped="0" errors="0" time="0.175" timestamp="2026-02-11T17:58:39.711">
    <testcase name="BasicFunctionality" file="/Users/azumag/work/obs-stabilizer/tests/test_stabilizer_core.cpp" line="32" status="run" result="completed" time="0." timestamp="2026-02-11T17:58:39.711" classname="StabilizerCoreTest" />
    <testcase name="InitializationWithDifferentResolutions" file="/Users/azumag/work/obs-stabilizer/tests/test_stabilizer_core.cpp" line="44" status="run" result="completed" time="0." timestamp="2026-02-11T17:58:39.711" classname="StabilizerCoreTest" />
    <testcase name="ProcessSingleFrame" file="/Users/azumag/work/obs-stabilizer/tests/test_stabilizer_core.cpp" line="59" status="run" result="completed" time="0.004" timestamp="2026-02-11T17:58:39.711" classname="StabilizerCoreTest" />
    <testcase name="ProcessMultipleFrames" file="/Users/azumag/work/obs-stabilizer/tests/test_stabilizer_core.cpp" line="75" status="run" result="completed" time="0.013" timestamp="2026-02-11T17:58:39.716" classname="StabilizerCoreTest" />
    <testcase name="ProcessHorizontalMotion" file="/Users/azumag/work/obs-stabilizer/tests/test_stabilizer_core.cpp" line="93" status="run" result="completed" time="0.03" timestamp="2026-02-11T17:58:39.729" classname="StabilizerCoreTest" />
    <testcase name="ProcessVerticalMotion" file="/Users/azumag/work/obs-stabilizer/tests/test_stabilizer_core.cpp" line="110" status="run" result="completed" time="0.029" timestamp="2026-02-11T17:58:39.759" classname="StabilizerCoreTest" />
    <testcase name="ProcessRotation" file="/Users/azumag/work/obs-stabilizer/tests/test_stabilizer_core.cpp" line="128" status="run" result="completed" time="0.032" timestamp="2026-02-11T17:58:39.789" classname="StabilizerCoreTest" />
    <testcase name="ProcessZoom" file="/Users/azumag/work/obs-stabilizer/tests/test_stabilizer_core.cpp" line="146" status="run" result="completed" time="0.03" timestamp="2026-02-11T17:58:39.821" classname="StabilizerCoreTest" />
    <testcase name="ParameterValidation" file="/Users/azumag/work/obs-stabilizer/tests/test_stabilizer_core.cpp" line="164" status="run" result="completed" time="0." timestamp="2026-02-11T17:58:39.851" classname="StabilizerCoreTest" />
    <testcase name="UpdateParameters" file="/Users/azumag/work/obs-stabilizer/tests/test_stabilizer_core.cpp" line="194" status="run" result="completed" time="0." timestamp="2026-02-11T17:58:39.851" classname="StabilizerCoreTest" />
    <testcase name="ResetState" file="/Users/azumag/work/obs-stabilizer/tests/test_stabilizer_core.cpp" line="209" status="run" result="completed" time="0.001" timestamp="2026-02-11T17:58:39.851" classname="StabilizerCoreTest" />
    <testcase name="PerformanceMetrics" file="/Users/azumag/work/obs-stabilizer/tests/test_stabilizer_core.cpp" line="224" status="run" result="completed" time="0.016" timestamp="2026-02-11T17:58:39.853" classname="StabilizerCoreTest" />
    <testcase name="PresetConfigurations" file="/Users/azumag/work/obs-stabilizer/tests/test_stabilizer_core.cpp" line="243" status="run" result="completed" time="0." timestamp="2026-02-11T17:58:39.870" classname="StabilizerCoreTest" />
    <testcase name="ErrorHandling" file="/Users/azumag/work/obs-stabilizer/tests/test_stabilizer_core.cpp" line="260" status="run" result="completed" time="0." timestamp="2026-02-11T17:58:39.870" classname="StabilizerCoreTest" />
    <testcase name="DifferentFeatureCounts" file="/Users/azumag/work/obs-stabilizer/tests/test_stabilizer_core.cpp" line="272" status="run" result="completed" time="0.002" timestamp="2026-02-11T17:58:39.870" classname="StabilizerCoreTest" />
    <testcase name="DifferentSmoothingWindows" file="/Users/azumag/work/obs-stabilizer/tests/test_stabilizer_core.cpp" line="288" status="run" result="completed" time="0.002" timestamp="2026-02-11T17:58:39.873" classname="StabilizerCoreTest" />
    <testcase name="EdgeModePadding" file="/Users/azumag/work/obs-stabilizer/tests/test_stabilizer_core.cpp" line="304" status="run" result="completed" time="0.001" timestamp="2026-02-11T17:58:39.876" classname="StabilizerCoreTest" />
    <testcase name="EdgeModeCrop" file="/Users/azumag/work/obs-stabilizer/tests/test_stabilizer_core.cpp" line="317" status="run" result="completed" time="0.001" timestamp="2026-02-11T17:58:39.877" classname="StabilizerCoreTest" />
    <testcase name="EdgeModeScale" file="/Users/azumag/work/obs-stabilizer/tests/test_stabilizer_core.cpp" line="331" status="run" result="completed" time="0.001" timestamp="2026-02-11T17:58:39.878" classname="StabilizerCoreTest" />
    <testcase name="DetectContentBounds" file="/Users/azumag/work/obs-stabilizer/tests/test_stabilizer_core.cpp" line="344" status="run" result="completed" time="0." timestamp="2026-02-11T17:58:39.880" classname="StabilizerCoreTest" />
    <testcase name="DetectContentBoundsFullFrame" file="/Users/azumag/work/obs-stabilizer/tests/test_stabilizer_core.cpp" line="360" status="run" result="completed" time="0." timestamp="2026-02-11T17:58:39.881" classname="StabilizerCoreTest" />
    <testcase name="DetectContentBoundsExtremeBorder" file="/Users/azumag/work/obs-stabilizer/tests/test_stabilizer_core.cpp" line="374" status="run" result="completed" time="0." timestamp="2026-02-11T17:58:39.882" classname="StabilizerCoreTest" />
    <testcase name="DetectContentBoundsMinFrameSize" file="/Users/azumag/work/obs-stabilizer/tests/test_stabilizer_core.cpp" line="390" status="run" result="completed" time="0." timestamp="2026-02-11T17:58:39.882" classname="StabilizerCoreTest" />
    <testcase name="DetectContentBoundsUltraWideAspect" file="/Users/azumag/work/obs-stabilizer/tests/test_stabilizer_core.cpp" line="404" status="run" result="completed" time="0." timestamp="2026-02-11T17:58:39.882" classname="StabilizerCoreTest" />
    <testcase name="DetectContentBoundsSquareAspect" file="/Users/azumag/work/obs-stabilizer/tests/test_stabilizer_core.cpp" line="419" status="run" result="completed" time="0." timestamp="2026-02-11T17:58:39.883" classname="StabilizerCoreTest" />
    <testcase name="DetectContentBoundsAllBlack" file="/Users/azumag/work/obs-stabilizer/tests/test_stabilizer_core.cpp" line="434" status="run" result="completed" time="0." timestamp="2026-02-11T17:58:39.883" classname="StabilizerCoreTest" />
    <testcase name="EdgeModeWithMinimalBorders" file="/Users/azumag/work/obs-stabilizer/tests/test_stabilizer_core.cpp" line="448" status="run" result="completed" time="0.001" timestamp="2026-02-11T17:58:39.884" classname="StabilizerCoreTest" />
    <testcase name="EdgeModeWithLargeBorders" file="/Users/azumag/work/obs-stabilizer/tests/test_stabilizer_core.cpp" line="463" status="run" result="completed" time="0.001" timestamp="2026-02-11T17:58:39.885" classname="StabilizerCoreTest" />
  </testsuite>
  <testsuite name="EdgeCaseTest" tests="56" failures="0" disabled="0" skipped="0" errors="0" time="0.133" timestamp="2026-02-11T17:58:39.887">
    <testcase name="EmptyFrameHandling" file="/Users/azumag/work/obs-stabilizer/tests/test_edge_cases.cpp" line="37" status="run" result="completed" time="0." timestamp="2026-02-11T17:58:39.887" classname="EdgeCaseTest" />
    <testcase name="NullFramePointerHandling" file="/Users/azumag/work/obs-stabilizer/tests/test_edge_cases.cpp" line="48" status="run" result="completed" time="0." timestamp="2026-02-11T17:58:39.887" classname="EdgeCaseTest" />
    <testcase name="ZeroWidthFrame" file="/Users/azumag/work/obs-stabilizer/tests/test_edge_cases.cpp" line="60" status="run" result="completed" time="0." timestamp="2026-02-11T17:58:39.887" classname="EdgeCaseTest" />
    <testcase name="ZeroHeightFrame" file="/Users/azumag/work/obs-stabilizer/tests/test_edge_cases.cpp" line="67" status="run" result="completed" time="0." timestamp="2026-02-11T17:58:39.887" classname="EdgeCaseTest" />
    <testcase name="VerySmallFrame" file="/Users/azumag/work/obs-stabilizer/tests/test_edge_cases.cpp" line="74" status="run" result="completed" time="0." timestamp="2026-02-11T17:58:39.887" classname="EdgeCaseTest" />
    <testcase name="VeryLargeFrame" file="/Users/azumag/work/obs-stabilizer/tests/test_edge_cases.cpp" line="81" status="run" result="completed" time="0." timestamp="2026-02-11T17:58:39.887" classname="EdgeCaseTest" />
    <testcase name="SingleChannelFrame" file="/Users/azumag/work/obs-stabilizer/tests/test_edge_cases.cpp" line="92" status="run" result="completed" time="0.001" timestamp="2026-02-11T17:58:39.887" classname="EdgeCaseTest" />
    <testcase name="TwoChannelFrame" file="/Users/azumag/work/obs-stabilizer/tests/test_edge_cases.cpp" line="103" status="run" result="completed" time="0." timestamp="2026-02-11T17:58:39.888" classname="EdgeCaseTest" />
    <testcase name="SixteenBitDepthFrame" file="/Users/azumag/work/obs-stabilizer/tests/test_edge_cases.cpp" line="114" status="run" result="completed" time="0." timestamp="2026-02-11T17:58:39.888" classname="EdgeCaseTest" />
    <testcase name="MinimumValidFrameSize" file="/Users/azumag/work/obs-stabilizer/tests/test_edge_cases.cpp" line="129" status="run" result="completed" time="0." timestamp="2026-02-11T17:58:39.888" classname="EdgeCaseTest" />
    <testcase name="SmoothingRadiusBoundary" file="/Users/azumag/work/obs-stabilizer/tests/test_edge_cases.cpp" line="141" status="run" result="completed" time="0." timestamp="2026-02-11T17:58:39.888" classname="EdgeCaseTest" />
    <testcase name="FeatureCountBoundary" file="/Users/azumag/work/obs-stabilizer/tests/test_edge_cases.cpp" line="163" status="run" result="completed" time="0." timestamp="2026-02-11T17:58:39.888" classname="EdgeCaseTest" />
    <testcase name="QualityLevelBoundary" file="/Users/azumag/work/obs-stabilizer/tests/test_edge_cases.cpp" line="180" status="run" result="completed" time="0." timestamp="2026-02-11T17:58:39.888" classname="EdgeCaseTest" />
    <testcase name="ResetDuringProcessing" file="/Users/azumag/work/obs-stabilizer/tests/test_edge_cases.cpp" line="206" status="run" result="completed" time="0.007" timestamp="2026-02-11T17:58:39.888" classname="EdgeCaseTest" />
    <testcase name="ReinitializeWithDifferentParams" file="/Users/azumag/work/obs-stabilizer/tests/test_edge_cases.cpp" line="230" status="run" result="completed" time="0.004" timestamp="2026-02-11T17:58:39.895" classname="EdgeCaseTest" />
    <testcase name="AllBlackFrame" file="/Users/azumag/work/obs-stabilizer/tests/test_edge_cases.cpp" line="256" status="run" result="completed" time="0.001" timestamp="2026-02-11T17:58:39.900" classname="EdgeCaseTest" />
    <testcase name="AllWhiteFrame" file="/Users/azumag/work/obs-stabilizer/tests/test_edge_cases.cpp" line="268" status="run" result="completed" time="0.001" timestamp="2026-02-11T17:58:39.901" classname="EdgeCaseTest" />
    <testcase name="FrameUtilsEmptyMatValidation" file="/Users/azumag/work/obs-stabilizer/tests/test_edge_cases.cpp" line="284" status="run" result="completed" time="0." timestamp="2026-02-11T17:58:39.903" classname="EdgeCaseTest" />
    <testcase name="FrameUtilsInvalidDimensions" file="/Users/azumag/work/obs-stabilizer/tests/test_edge_cases.cpp" line="289" status="run" result="completed" time="0." timestamp="2026-02-11T17:58:39.903" classname="EdgeCaseTest" />
    <testcase name="FrameUtilsInvalidChannels" file="/Users/azumag/work/obs-stabilizer/tests/test_edge_cases.cpp" line="308" status="run" result="completed" time="0." timestamp="2026-02-11T17:58:39.903" classname="EdgeCaseTest" />
    <testcase name="ColorConversionGrayscale" file="/Users/azumag/work/obs-stabilizer/tests/test_edge_cases.cpp" line="313" status="run" result="completed" time="0." timestamp="2026-02-11T17:58:39.903" classname="EdgeCaseTest" />
    <testcase name="ColorConversionEmptyFrame" file="/Users/azumag/work/obs-stabilizer/tests/test_edge_cases.cpp" line="320" status="run" result="completed" time="0." timestamp="2026-02-11T17:58:39.903" classname="EdgeCaseTest" />
    <testcase name="InitializeWithZeroWidth" file="/Users/azumag/work/obs-stabilizer/tests/test_edge_cases.cpp" line="330" status="run" result="completed" time="0." timestamp="2026-02-11T17:58:39.903" classname="EdgeCaseTest" />
    <testcase name="InitializeWithZeroHeight" file="/Users/azumag/work/obs-stabilizer/tests/test_edge_cases.cpp" line="336" status="run" result="completed" time="0." timestamp="2026-02-11T17:58:39.903" classname="EdgeCaseTest" />
    <testcase name="InitializeWithTooSmallDimensions" file="/Users/azumag/work/obs-stabilizer/tests/test_edge_cases.cpp" line="342" status="run" result="completed" time="0." timestamp="2026-02-11T17:58:39.903" classname="EdgeCaseTest" />
    <testcase name="InitializeWithMinimumValidDimensions" file="/Users/azumag/work/obs-stabilizer/tests/test_edge_cases.cpp" line="349" status="run" result="completed" time="0." timestamp="2026-02-11T17:58:39.903" classname="EdgeCaseTest" />
    <testcase name="ProcessFrame32BitFloatDepth" file="/Users/azumag/work/obs-stabilizer/tests/test_edge_cases.cpp" line="355" status="run" result="completed" time="0." timestamp="2026-02-11T17:58:39.903" classname="EdgeCaseTest" />
    <testcase name="ProcessFrame64BitFloatDepth" file="/Users/azumag/work/obs-stabilizer/tests/test_edge_cases.cpp" line="366" status="run" result="completed" time="0." timestamp="2026-02-11T17:58:39.903" classname="EdgeCaseTest" />
    <testcase name="ProcessFrame3Channels" file="/Users/azumag/work/obs-stabilizer/tests/test_edge_cases.cpp" line="377" status="run" result="completed" time="0.001" timestamp="2026-02-11T17:58:39.903" classname="EdgeCaseTest" />
    <testcase name="ProcessFrame5Channels" file="/Users/azumag/work/obs-stabilizer/tests/test_edge_cases.cpp" line="389" status="run" result="completed" time="0.001" timestamp="2026-02-11T17:58:39.905" classname="EdgeCaseTest" />
    <testcase name="ProcessFrameWithExtremeMaxCorrection" file="/Users/azumag/work/obs-stabilizer/tests/test_edge_cases.cpp" line="402" status="run" result="completed" time="0.005" timestamp="2026-02-11T17:58:39.906" classname="EdgeCaseTest" />
    <testcase name="ProcessFrameWithZeroFeatureCount" file="/Users/azumag/work/obs-stabilizer/tests/test_edge_cases.cpp" line="416" status="run" result="completed" time="0.001" timestamp="2026-02-11T17:58:39.912" classname="EdgeCaseTest" />
    <testcase name="ProcessFrameWithNegativeSmoothingRadius" file="/Users/azumag/work/obs-stabilizer/tests/test_edge_cases.cpp" line="428" status="run" result="completed" time="0.005" timestamp="2026-02-11T17:58:39.913" classname="EdgeCaseTest" />
    <testcase name="ProcessFrameWithVeryLargeSmoothingRadius" file="/Users/azumag/work/obs-stabilizer/tests/test_edge_cases.cpp" line="441" status="run" result="completed" time="0.008" timestamp="2026-02-11T17:58:39.918" classname="EdgeCaseTest" />
    <testcase name="ProcessFrameSequenceWithTrackingFailures" file="/Users/azumag/work/obs-stabilizer/tests/test_edge_cases.cpp" line="458" status="run" result="completed" time="0.005" timestamp="2026-02-11T17:58:39.926" classname="EdgeCaseTest" />
    <testcase name="ProcessAllBlackFrameSequence" file="/Users/azumag/work/obs-stabilizer/tests/test_edge_cases.cpp" line="476" status="run" result="completed" time="0.012" timestamp="2026-02-11T17:58:39.932" classname="EdgeCaseTest" />
    <testcase name="ProcessAllWhiteFrameSequence" file="/Users/azumag/work/obs-stabilizer/tests/test_edge_cases.cpp" line="487" status="run" result="completed" time="0.012" timestamp="2026-02-11T17:58:39.944" classname="EdgeCaseTest" />
    <testcase name="ProcessAlternatingBlackWhiteFrames" file="/Users/azumag/work/obs-stabilizer/tests/test_edge_cases.cpp" line="498" status="run" result="completed" time="0.012" timestamp="2026-02-11T17:58:39.957" classname="EdgeCaseTest" />
    <testcase name="ResetAfterTrackingFailures" file="/Users/azumag/work/obs-stabilizer/tests/test_edge_cases.cpp" line="515" status="run" result="completed" time="0.007" timestamp="2026-02-11T17:58:39.969" classname="EdgeCaseTest" />
    <testcase name="EdgeModePadding" file="/Users/azumag/work/obs-stabilizer/tests/test_edge_cases.cpp" line="536" status="run" result="completed" time="0.005" timestamp="2026-02-11T17:58:39.977" classname="EdgeCaseTest" />
    <testcase name="EdgeModeCrop" file="/Users/azumag/work/obs-stabilizer/tests/test_edge_cases.cpp" line="549" status="run" result="completed" time="0.005" timestamp="2026-02-11T17:58:39.982" classname="EdgeCaseTest" />
    <testcase name="EdgeModeScale" file="/Users/azumag/work/obs-stabilizer/tests/test_edge_cases.cpp" line="561" status="run" result="completed" time="0.005" timestamp="2026-02-11T17:58:39.988" classname="EdgeCaseTest" />
    <testcase name="EdgeModeCropWithBlackBorders" file="/Users/azumag/work/obs-stabilizer/tests/test_edge_cases.cpp" line="574" status="run" result="completed" time="0.001" timestamp="2026-02-11T17:58:39.993" classname="EdgeCaseTest" />
    <testcase name="EdgeModeScaleWithBlackBorders" file="/Users/azumag/work/obs-stabilizer/tests/test_edge_cases.cpp" line="587" status="run" result="completed" time="0.001" timestamp="2026-02-11T17:58:39.994" classname="EdgeCaseTest" />
    <testcase name="DetectContentBoundsSquareFrame" file="/Users/azumag/work/obs-stabilizer/tests/test_edge_cases.cpp" line="600" status="run" result="completed" time="0." timestamp="2026-02-11T17:58:39.995" classname="EdgeCaseTest" />
    <testcase name="DetectContentBoundsUltrawideFrame" file="/Users/azumag/work/obs-stabilizer/tests/test_edge_cases.cpp" line="612" status="run" result="completed" time="0.002" timestamp="2026-02-11T17:58:39.996" classname="EdgeCaseTest" />
    <testcase name="DetectContentBoundsMinimumFrame" file="/Users/azumag/work/obs-stabilizer/tests/test_edge_cases.cpp" line="624" status="run" result="completed" time="0." timestamp="2026-02-11T17:58:39.998" classname="EdgeCaseTest" />
    <testcase name="DetectContentBoundsAllBlack" file="/Users/azumag/work/obs-stabilizer/tests/test_edge_cases.cpp" line="636" status="run" result="completed" time="0." timestamp="2026-02-11T17:58:39.998" classname="EdgeCaseTest" />
    <testcase name="DetectContentBoundsAllWhite" file="/Users/azumag/work/obs-stabilizer/tests/test_edge_cases.cpp" line="648" status="run" result="completed" time="0." timestamp="2026-02-11T17:58:39.998" classname="EdgeCaseTest" />
    <testcase name="PresetGaming" file="/Users/azumag/work/obs-stabilizer/tests/test_edge_cases.cpp" line="664" status="run" result="completed" time="0.005" timestamp="2026-02-11T17:58:39.999" classname="EdgeCaseTest" />
    <testcase name="PresetStreaming" file="/Users/azumag/work/obs-stabilizer/tests/test_edge_cases.cpp" line="675" status="run" result="completed" time="0.005" timestamp="2026-02-11T17:58:40.004" classname="EdgeCaseTest" />
    <testcase name="PresetRecording" file="/Users/azumag/work/obs-stabilizer/tests/test_edge_cases.cpp" line="686" status="run" result="completed" time="0.005" timestamp="2026-02-11T17:58:40.010" classname="EdgeCaseTest" />
    <testcase name="PerformanceMetricsAfterProcessing" file="/Users/azumag/work/obs-stabilizer/tests/test_edge_cases.cpp" line="701" status="run" result="completed" time="0.005" timestamp="2026-02-11T17:58:40.015" classname="EdgeCaseTest" />
    <testcase name="IsReadyAfterInitialization" file="/Users/azumag/work/obs-stabilizer/tests/test_edge_cases.cpp" line="715" status="run" result="completed" time="0." timestamp="2026-02-11T17:58:40.020" classname="EdgeCaseTest" />
    <testcase name="IsReadyBeforeInitialization" file="/Users/azumag/work/obs-stabilizer/tests/test_edge_cases.cpp" line="722" status="run" result="completed" time="0." timestamp="2026-02-11T17:58:40.020" classname="EdgeCaseTest" />
    <testcase name="GetLastErrorAfterError" file="/Users/azumag/work/obs-stabilizer/tests/test_edge_cases.cpp" line="726" status="run" result="completed" time="0." timestamp="2026-02-11T17:58:40.020" classname="EdgeCaseTest" />
  </testsuite>
  <testsuite name="IntegrationTest" tests="14" failures="0" disabled="0" skipped="0" errors="0" time="1.039" timestamp="2026-02-11T17:58:40.020">
    <testcase name="ProcessLongSequence" file="/Users/azumag/work/obs-stabilizer/tests/test_integration.cpp" line="36" status="run" result="completed" time="0.595" timestamp="2026-02-11T17:58:40.020" classname="IntegrationTest" />
    <testcase name="ContinuousMotionSequence" file="/Users/azumag/work/obs-stabilizer/tests/test_integration.cpp" line="56" status="run" result="completed" time="0.011" timestamp="2026-02-11T17:58:40.616" classname="IntegrationTest" />
    <testcase name="ResolutionChangeDuringStream" file="/Users/azumag/work/obs-stabilizer/tests/test_integration.cpp" line="80" status="run" result="completed" time="0.045" timestamp="2026-02-11T17:58:40.627" classname="IntegrationTest" />
    <testcase name="MultipleReinitializations" file="/Users/azumag/work/obs-stabilizer/tests/test_integration.cpp" line="112" status="run" result="completed" time="0.026" timestamp="2026-02-11T17:58:40.673" classname="IntegrationTest" />
    <testcase name="UpdateParametersDuringStream" file="/Users/azumag/work/obs-stabilizer/tests/test_integration.cpp" line="137" status="run" result="completed" time="0.017" timestamp="2026-02-11T17:58:40.700" classname="IntegrationTest" />
    <testcase name="MixedMotionSequence" file="/Users/azumag/work/obs-stabilizer/tests/test_integration.cpp" line="180" status="run" result="completed" time="0.022" timestamp="2026-02-11T17:58:40.717" classname="IntegrationTest" />
    <testcase name="PerformanceMetricsTracking" file="/Users/azumag/work/obs-stabilizer/tests/test_integration.cpp" line="216" status="run" result="completed" time="0.03" timestamp="2026-02-11T17:58:40.740" classname="IntegrationTest" />
    <testcase name="DisabledStabilizerPerformance" file="/Users/azumag/work/obs-stabilizer/tests/test_integration.cpp" line="234" status="run" result="completed" time="0.027" timestamp="2026-02-11T17:58:40.770" classname="IntegrationTest" />
    <testcase name="TransformHistoryManagement" file="/Users/azumag/work/obs-stabilizer/tests/test_integration.cpp" line="272" status="run" result="completed" time="0.01" timestamp="2026-02-11T17:58:40.797" classname="IntegrationTest" />
    <testcase name="GamingPresetIntegration" file="/Users/azumag/work/obs-stabilizer/tests/test_integration.cpp" line="293" status="run" result="completed" time="0.016" timestamp="2026-02-11T17:58:40.808" classname="IntegrationTest" />
    <testcase name="StreamingPresetIntegration" file="/Users/azumag/work/obs-stabilizer/tests/test_integration.cpp" line="307" status="run" result="completed" time="0.113" timestamp="2026-02-11T17:58:40.824" classname="IntegrationTest" />
    <testcase name="RecordingPresetIntegration" file="/Users/azumag/work/obs-stabilizer/tests/test_integration.cpp" line="321" status="run" result="completed" time="0.11" timestamp="2026-02-11T17:58:40.938" classname="IntegrationTest" />
    <testcase name="RecoverFromInvalidFrame" file="/Users/azumag/work/obs-stabilizer/tests/test_integration.cpp" line="339" status="run" result="completed" time="0.005" timestamp="2026-02-11T17:58:41.049" classname="IntegrationTest" />
    <testcase name="RecoverFromBadInitialization" file="/Users/azumag/work/obs-stabilizer/tests/test_integration.cpp" line="368" status="run" result="completed" time="0.005" timestamp="2026-02-11T17:58:41.054" classname="IntegrationTest" />
  </testsuite>
  <testsuite name="MemoryLeakTest" tests="13" failures="0" disabled="0" skipped="0" errors="0" time="12.74" timestamp="2026-02-11T17:58:41.059">
    <testcase name="LongDurationProcessing" file="/Users/azumag/work/obs-stabilizer/tests/test_memory_leaks.cpp" line="80" status="run" result="completed" time="0.955" timestamp="2026-02-11T17:58:41.059" classname="MemoryLeakTest" />
    <testcase name="ContinuousReinitialization" file="/Users/azumag/work/obs-stabilizer/tests/test_memory_leaks.cpp" line="114" status="run" result="completed" time="0.529" timestamp="2026-02-11T17:58:42.014" classname="MemoryLeakTest" />
    <testcase name="MultipleInstancesSimultaneously" file="/Users/azumag/work/obs-stabilizer/tests/test_memory_leaks.cpp" line="142" status="run" result="completed" time="0.639" timestamp="2026-02-11T17:58:42.544" classname="MemoryLeakTest" />
    <testcase name="ParameterUpdateMemory" file="/Users/azumag/work/obs-stabilizer/tests/test_memory_leaks.cpp" line="180" status="run" result="completed" time="0.065" timestamp="2026-02-11T17:58:43.183" classname="MemoryLeakTest" />
    <testcase name="ResetDuringProcessing" file="/Users/azumag/work/obs-stabilizer/tests/test_memory_leaks.cpp" line="210" status="run" result="completed" time="0.287" timestamp="2026-02-11T17:58:43.248" classname="MemoryLeakTest" />
    <testcase name="LargeFrameProcessing" file="/Users/azumag/work/obs-stabilizer/tests/test_memory_leaks.cpp" line="241" status="run" result="completed" time="0.49" timestamp="2026-02-11T17:58:43.535" classname="MemoryLeakTest" />
    <testcase name="TransformBufferManagement" file="/Users/azumag/work/obs-stabilizer/tests/test_memory_leaks.cpp" line="266" status="run" result="completed" time="0.275" timestamp="2026-02-11T17:58:44.026" classname="MemoryLeakTest" />
    <testcase name="FeatureTrackingMemory" file="/Users/azumag/work/obs-stabilizer/tests/test_memory_leaks.cpp" line="295" status="run" result="completed" time="3.312" timestamp="2026-02-11T17:58:44.301" classname="MemoryLeakTest" />
    <testcase name="EmptyFrameHandlingMemory" file="/Users/azumag/work/obs-stabilizer/tests/test_memory_leaks.cpp" line="320" status="run" result="completed" time="0." timestamp="2026-02-11T17:58:47.614" classname="MemoryLeakTest" />
    <testcase name="InvalidFrameHandlingMemory" file="/Users/azumag/work/obs-stabilizer/tests/test_memory_leaks.cpp" line="338" status="run" result="completed" time="0." timestamp="2026-02-11T17:58:47.614" classname="MemoryLeakTest" />
    <testcase name="StressTestMemory" file="/Users/azumag/work/obs-stabilizer/tests/test_memory_leaks.cpp" line="360" status="run" result="completed" time="6.056" timestamp="2026-02-11T17:58:47.614" classname="MemoryLeakTest" />
    <testcase name="FrameUtilsColorConversionMemory" file="/Users/azumag/work/obs-stabilizer/tests/test_memory_leaks.cpp" line="390" status="run" result="completed" time="0.111" timestamp="2026-02-11T17:58:53.671" classname="MemoryLeakTest" />
    <testcase name="FrameUtilsValidationMemory" file="/Users/azumag/work/obs-stabilizer/tests/test_memory_leaks.cpp" line="409" status="run" result="completed" time="0.017" timestamp="2026-02-11T17:58:53.783" classname="MemoryLeakTest" />
  </testsuite>
  <testsuite name="PerformanceThresholdTest" tests="12" failures="0" disabled="3" skipped="0" errors="0" time="3.5" timestamp="2026-02-11T17:58:53.800">
    <testcase name="CPUUsageWithinThreshold" file="/Users/azumag/work/obs-stabilizer/tests/test_performance_thresholds.cpp" line="302" status="run" result="completed" time="0.074" timestamp="2026-02-11T17:58:53.800" classname="PerformanceThresholdTest" />
    <testcase name="DISABLED_CPUUsageScalesWithResolution" file="/Users/azumag/work/obs-stabilizer/tests/test_performance_thresholds.cpp" line="353" status="notrun" result="suppressed" time="0." timestamp="1970-01-01T09:00:00.000" classname="PerformanceThresholdTest" />
    <testcase name="DISABLED_CPUUsageWithMultipleSources" file="/Users/azumag/work/obs-stabilizer/tests/test_performance_thresholds.cpp" line="407" status="notrun" result="suppressed" time="0." timestamp="1970-01-01T09:00:00.000" classname="PerformanceThresholdTest" />
    <testcase name="ProcessingDelayWithinThreshold_HD_30fps" file="/Users/azumag/work/obs-stabilizer/tests/test_performance_thresholds.cpp" line="460" status="run" result="completed" time="0.432" timestamp="2026-02-11T17:58:53.875" classname="PerformanceThresholdTest" />
    <testcase name="ProcessingDelayWithinThreshold_VGA_30fps" file="/Users/azumag/work/obs-stabilizer/tests/test_performance_thresholds.cpp" line="494" status="run" result="completed" time="0.055" timestamp="2026-02-11T17:58:54.308" classname="PerformanceThresholdTest" />
    <testcase name="ProcessingDelayWithDifferentMotionTypes" file="/Users/azumag/work/obs-stabilizer/tests/test_performance_thresholds.cpp" line="520" status="run" result="completed" time="0.949" timestamp="2026-02-11T17:58:54.363" classname="PerformanceThresholdTest" />
    <testcase name="ProcessingDelayWithDifferentSmoothing" file="/Users/azumag/work/obs-stabilizer/tests/test_performance_thresholds.cpp" line="553" status="run" result="completed" time="0.562" timestamp="2026-02-11T17:58:55.313" classname="PerformanceThresholdTest" />
    <testcase name="ProcessingDelayWithDifferentFeatureCounts" file="/Users/azumag/work/obs-stabilizer/tests/test_performance_thresholds.cpp" line="594" status="run" result="completed" time="0.566" timestamp="2026-02-11T17:58:55.875" classname="PerformanceThresholdTest" />
    <testcase name="DISABLED_ProcessingDelayConsistency" file="/Users/azumag/work/obs-stabilizer/tests/test_performance_thresholds.cpp" line="630" status="notrun" result="suppressed" time="0." timestamp="1970-01-01T09:00:00.000" classname="PerformanceThresholdTest" />
    <testcase name="GamingPresetPerformance" file="/Users/azumag/work/obs-stabilizer/tests/test_performance_thresholds.cpp" line="669" status="run" result="completed" time="0.054" timestamp="2026-02-11T17:58:56.442" classname="PerformanceThresholdTest" />
    <testcase name="StreamingPresetPerformance" file="/Users/azumag/work/obs-stabilizer/tests/test_performance_thresholds.cpp" line="691" status="run" result="completed" time="0.399" timestamp="2026-02-11T17:58:56.496" classname="PerformanceThresholdTest" />
    <testcase name="RecordingPresetPerformance" file="/Users/azumag/work/obs-stabilizer/tests/test_performance_thresholds.cpp" line="713" status="run" result="completed" time="0.404" timestamp="2026-02-11T17:58:56.896" classname="PerformanceThresholdTest" />
  </testsuite>
  <testsuite name="MultiSourceTest" tests="10" failures="0" disabled="1" skipped="0" errors="0" time="2.104" timestamp="2026-02-11T17:58:57.301">
    <testcase name="TwoSources" file="/Users/azumag/work/obs-stabilizer/tests/test_multi_source.cpp" line="145" status="run" result="completed" time="0.055" timestamp="2026-02-11T17:58:57.301" classname="MultiSourceTest" />
    <testcase name="FiveSources" file="/Users/azumag/work/obs-stabilizer/tests/test_multi_source.cpp" line="182" status="run" result="completed" time="0.137" timestamp="2026-02-11T17:58:57.356" classname="MultiSourceTest" />
    <testcase name="TenSources" file="/Users/azumag/work/obs-stabilizer/tests/test_multi_source.cpp" line="222" status="run" result="completed" time="0.164" timestamp="2026-02-11T17:58:57.494" classname="MultiSourceTest" />
    <testcase name="MixedResolutionSources" file="/Users/azumag/work/obs-stabilizer/tests/test_multi_source.cpp" line="267" status="run" result="completed" time="0.203" timestamp="2026-02-11T17:58:57.658" classname="MultiSourceTest" />
    <testcase name="DifferentParametersPerSource" file="/Users/azumag/work/obs-stabilizer/tests/test_multi_source.cpp" line="316" status="run" result="completed" time="0.066" timestamp="2026-02-11T17:58:57.862" classname="MultiSourceTest" />
    <testcase name="DynamicAddRemoveSources" file="/Users/azumag/work/obs-stabilizer/tests/test_multi_source.cpp" line="358" status="run" result="completed" time="0.12" timestamp="2026-02-11T17:58:57.928" classname="MultiSourceTest" />
    <testcase name="MemoryUsageWithMultipleSources" file="/Users/azumag/work/obs-stabilizer/tests/test_multi_source.cpp" line="428" status="run" result="completed" time="0.97" timestamp="2026-02-11T17:58:58.048" classname="MultiSourceTest" />
    <testcase name="DISABLED_RapidStartStopMultipleSources" file="/Users/azumag/work/obs-stabilizer/tests/test_multi_source.cpp" line="481" status="notrun" result="suppressed" time="0." timestamp="1970-01-01T09:00:00.000" classname="MultiSourceTest" />
    <testcase name="LongRunningMultipleSources" file="/Users/azumag/work/obs-stabilizer/tests/test_multi_source.cpp" line="520" status="run" result="completed" time="0.331" timestamp="2026-02-11T17:58:59.019" classname="MultiSourceTest" />
    <testcase name="IsolatedSourceFailure" file="/Users/azumag/work/obs-stabilizer/tests/test_multi_source.cpp" line="563" status="run" result="completed" time="0.054" timestamp="2026-02-11T17:58:59.350" classname="MultiSourceTest" />
  </testsuite>
</testsuites>
