TN:
SF:/Users/azumag/work/obs-stabilizer/src/core/feature_detection.cpp
FNL:0,14,20
FNA:0,55,_ZN16FeatureDetection15FeatureDetectorC1Ev
FNA:0,55,_ZN16FeatureDetection15FeatureDetectorC2Ev
FNL:1,22,23
FNA:1,55,_ZN16FeatureDetection15FeatureDetectorD1Ev
FNA:1,55,_ZN16FeatureDetection15FeatureDetectorD2Ev
FNL:2,25,26
FNA:2,5,_ZNK16FeatureDetection15FeatureDetector12is_availableEv
FNL:3,29,31
FNA:3,15,_ZN16FeatureDetection15FeatureDetector17set_quality_levelEf
FNL:4,33,35
FNA:4,15,_ZN16FeatureDetection15FeatureDetector16set_min_distanceEf
FNL:5,37,39
FNA:5,60,_ZN16FeatureDetection15FeatureDetector14set_block_sizeEi
FNL:6,41,43
FNA:6,60,_ZN16FeatureDetection15FeatureDetector9set_ksizeEi
FNL:7,45,58
FNA:7,95,_ZN16FeatureDetection15FeatureDetector15detect_featuresERKN2cv3MatERNSt3__16vectorINS1_6Point_IfEENS5_9allocatorIS8_EEEE
FNF:8
FNH:8
DA:14,110
DA:15,55
DA:16,55
DA:17,55
DA:18,55
DA:19,55
DA:20,110
DA:22,110
DA:23,110
DA:25,5
DA:26,5
DA:29,15
DA:30,15
DA:31,15
DA:33,15
DA:34,15
DA:35,15
DA:37,60
DA:38,60
DA:39,60
DA:41,60
DA:42,60
DA:43,60
DA:45,95
DA:46,95
DA:47,95
DA:49,190
DA:50,95
DA:51,95
DA:52,95
DA:53,95
DA:55,95
DA:57,95
DA:58,95
LF:34
LH:34
end_of_record
TN:
SF:/Users/azumag/work/obs-stabilizer/src/core/frame_utils.hpp
FNL:0,104,135
FNA:0,7020,_ZN11FRAME_UTILS10Validation15validate_cv_matERKN2cv3MatE
FNL:1,165,185
FNA:1,66200,_ZN11FRAME_UTILS15ColorConversion20convert_to_grayscaleERKN2cv3MatE
FNF:2
FNH:2
DA:104,7020
DA:105,7020
DA:106,15
DA:112,7005
DA:113,0
DA:119,7005
DA:120,7005
DA:122,0
DA:128,7005
DA:129,7005
DA:131,5
DA:134,7000
DA:135,7020
DA:165,66200
DA:166,66200
DA:167,5
DA:170,66195
DA:171,66195
DA:173,66190
DA:174,66190
DA:176,0
DA:177,0
DA:179,5
DA:180,5
DA:182,0
DA:184,66195
DA:185,66200
LF:27
LH:22
end_of_record
TN:
SF:/Users/azumag/work/obs-stabilizer/src/core/logging.hpp
FNL:0,15,22
FNA:0,20,_ZL14core_log_errorPKcz
FNL:1,24,31
FNA:1,59191,_ZL16core_log_warningPKcz
FNL:2,33,40
FNA:2,11907,_ZL13core_log_infoPKcz
FNL:3,42,49
FNA:3,1634,_ZL14core_log_debugPKcz
FNL:4,78,80
FNA:4,0,_ZN17StabilizerLogging13log_exceptionEPKcRKSt9exception
FNL:5,86,88
FNA:5,0,_ZN17StabilizerLogging21log_unknown_exceptionEPKc
FNL:6,95,98
FNA:6,0,_ZN17StabilizerLogging20log_opencv_exceptionEPKcRKN2cv9ExceptionE
FNF:7
FNH:4
DA:15,20
DA:16,20
DA:17,20
DA:18,20
DA:19,20
DA:20,20
DA:21,20
DA:22,20
DA:24,59191
DA:25,59191
DA:26,59191
DA:27,59191
DA:28,59191
DA:29,59191
DA:30,59191
DA:31,59191
DA:33,11907
DA:34,11907
DA:35,11907
DA:36,11907
DA:37,11907
DA:38,11907
DA:39,11907
DA:40,11907
DA:42,1634
DA:43,1634
DA:44,1634
DA:45,1634
DA:46,1634
DA:47,1634
DA:48,1634
DA:49,1634
DA:78,0
DA:79,0
DA:80,0
DA:86,0
DA:87,0
DA:88,0
DA:95,0
DA:96,0
DA:98,0
LF:41
LH:32
end_of_record
TN:
SF:/Users/azumag/work/obs-stabilizer/src/core/parameter_validation.hpp
FNL:0,28,95
FNA:0,1528,_ZN10VALIDATION19validate_parametersERKN14StabilizerCore16StabilizerParamsE
FNF:1
FNH:1
DA:28,1528
DA:31,1528
DA:34,1528
DA:39,1528
DA:44,1528
DA:49,1528
DA:54,1528
DA:59,1528
DA:63,1528
DA:64,5
DA:65,5
DA:68,1528
DA:73,3056
DA:74,1528
DA:75,1528
DA:78,3056
DA:79,1528
DA:80,1528
DA:81,3056
DA:82,1528
DA:83,1528
DA:86,1528
DA:87,0
DA:88,0
DA:91,3056
DA:92,1528
DA:93,1528
DA:95,1528
LF:28
LH:26
end_of_record
TN:
SF:/Users/azumag/work/obs-stabilizer/src/core/stabilizer_core.cpp
FNL:0,180,212
FNA:0,11907,_ZN14StabilizerCore15detect_featuresERKN2cv3MatERNSt3__16vectorINS0_6Point_IfEENS4_9allocatorIS7_EEEE
FNL:1,214,279
FNA:1,57761,_ZN14StabilizerCore14track_featuresERKN2cv3MatES3_RNSt3__16vectorINS0_6Point_IfEENS4_9allocatorIS7_EEEESB_Rf
FNL:2,26,65
FNA:2,1488,_ZN14StabilizerCore10initializeEjjRKNS_16StabilizerParamsE
FNL:3,281,321
FNA:3,0,_ZN14StabilizerCore18estimate_transformERKNSt3__16vectorIN2cv6Point_IfEENS0_9allocatorIS4_EEEERS7_
FNL:4,323,324
FNA:4,0,_ZN14StabilizerCore17smooth_transformsEv
FNL:5,327,351
FNA:5,0,_ZN14StabilizerCore27smooth_transforms_optimizedEv
FNL:6,353,358
FNA:6,59155,_ZN14StabilizerCore14update_metricsERKNSt3__16chrono10time_pointINS1_12steady_clockENS1_8durationIxNS0_5ratioILl1ELl1000000000EEEEEEE
FNL:7,360,378
FNA:7,0,_ZN14StabilizerCore15apply_transformERKN2cv3MatES3_
FNL:8,380,408
FNA:8,35,_ZN14StabilizerCore21detect_content_boundsERKN2cv3MatE
FNL:9,410,479
FNA:9,0,_ZN14StabilizerCore19apply_edge_handlingERKN2cv3MatENS_8EdgeModeE
FNL:10,481,484
FNA:10,720,_ZN14StabilizerCore17update_parametersERKNS_16StabilizerParamsE
FNL:11,486,494
FNA:11,890,_ZN14StabilizerCore5resetEv
FNL:12,496,498
FNA:12,175,_ZNK14StabilizerCore23get_performance_metricsEv
FNL:13,501,503
FNA:13,22,_ZNK14StabilizerCore22get_current_transformsEv
FNL:14,506,508
FNA:14,20,_ZNK14StabilizerCore8is_readyEv
FNL:15,511,513
FNA:15,0,_ZNK14StabilizerCore14get_last_errorEv
FNL:16,516,518
FNA:16,5,_ZNK14StabilizerCore18get_current_paramsEv
FNL:17,521,533
FNA:17,20,_ZN14StabilizerCore17get_preset_gamingEv
FNL:18,536,548
FNA:18,20,_ZN14StabilizerCore20get_preset_streamingEv
FNL:19,551,563
FNA:19,20,_ZN14StabilizerCore20get_preset_recordingEv
FNL:20,566,596
FNA:20,59440,_ZN14StabilizerCore14validate_frameERKN2cv3MatE
FNL:21,67,178
FNA:21,60840,_ZN14StabilizerCore13process_frameERKN2cv3MatE
FNF:22
FNH:16
DA:26,1488
DA:30,1488
DA:37,1488
DA:38,5
DA:39,5
DA:40,5
DA:45,1483
DA:46,0
DA:47,0
DA:49,0
DA:54,1483
DA:56,1483
DA:57,1483
DA:58,1483
DA:59,1483
DA:60,1483
DA:61,1483
DA:62,1483
DA:65,0
DA:67,60840
DA:68,60840
DA:73,60840
DA:74,1420
DA:75,1420
DA:76,1420
DA:80,59420
DA:81,15
DA:82,15
DA:84,15
DA:88,59405
DA:89,250
DA:90,250
DA:95,59155
DA:96,59155
DA:97,0
DA:98,0
DA:99,0
DA:102,59155
DA:103,1394
DA:104,1394
DA:105,1394
DA:106,10
DA:107,10
DA:108,10
DA:110,1384
DA:111,1384
DA:112,1384
DA:113,1384
DA:114,1384
DA:115,1384
DA:118,57761
DA:122,57761
DA:123,57761
DA:124,57761
DA:125,57761
DA:126,57761
DA:128,57761
DA:129,10513
DA:130,10513
DA:131,10513
DA:132,10513
DA:133,57761
DA:134,57761
DA:137,0
DA:139,0
DA:140,0
DA:141,0
DA:142,0
DA:143,0
DA:146,0
DA:147,0
DA:148,0
DA:149,0
DA:151,0
DA:153,0
DA:154,0
DA:156,0
DA:159,0
DA:161,0
DA:163,0
DA:165,59155
DA:166,0
DA:167,0
DA:168,0
DA:169,0
DA:170,0
DA:171,0
DA:172,0
DA:173,0
DA:174,0
DA:175,0
DA:176,0
DA:177,0
DA:178,60840
DA:180,11907
DA:183,11907
DA:188,11907
DA:189,11907
DA:190,11907
DA:193,11907
DA:194,0
DA:195,0
DA:197,11907
DA:199,0
DA:200,0
DA:201,0
DA:202,0
DA:203,0
DA:204,0
DA:205,0
DA:206,0
DA:207,0
DA:208,0
DA:209,0
DA:210,0
DA:211,0
DA:212,11907
DA:214,57761
DA:218,57761
DA:219,0
DA:221,57761
DA:222,70
DA:225,57691
DA:226,57691
DA:227,57691
DA:228,57691
DA:232,57691
DA:233,57691
DA:238,57691
DA:240,57691
DA:241,115382
DA:245,57691
DA:246,57691
DA:247,57691
DA:248,150827
DA:250,93136
DA:251,57671
DA:252,57671
DA:253,57671
DA:254,57671
DA:255,57671
DA:256,93136
DA:257,57691
DA:258,57691
DA:263,57691
DA:264,57691
DA:266,57691
DA:267,0
DA:268,0
DA:269,0
DA:270,0
DA:271,0
DA:272,0
DA:273,0
DA:274,0
DA:275,0
DA:276,0
DA:277,0
DA:278,0
DA:279,57761
DA:281,0
DA:285,0
DA:286,0
DA:288,0
DA:290,0
DA:292,0
DA:296,0
DA:297,0
DA:300,0
DA:301,0
DA:302,0
DA:303,0
DA:304,0
DA:306,0
DA:308,0
DA:309,0
DA:310,0
DA:311,0
DA:312,0
DA:313,0
DA:314,0
DA:315,0
DA:316,0
DA:317,0
DA:318,0
DA:319,0
DA:320,0
DA:321,0
DA:323,0
DA:324,0
DA:327,0
DA:328,0
DA:329,0
DA:332,0
DA:333,0
DA:338,0
DA:339,0
DA:341,0
DA:342,0
DA:343,0
DA:344,0
DA:345,0
DA:347,0
DA:348,0
DA:350,0
DA:351,0
DA:353,59155
DA:354,59155
DA:355,59155
DA:356,59155
DA:357,59155
DA:358,59155
DA:360,0
DA:362,0
DA:363,0
DA:364,0
DA:365,0
DA:366,0
DA:367,0
DA:368,0
DA:369,0
DA:370,0
DA:371,0
DA:372,0
DA:373,0
DA:374,0
DA:375,0
DA:376,0
DA:377,0
DA:378,0
DA:380,35
DA:384,35
DA:385,35
DA:386,0
DA:393,35
DA:394,35
DA:396,35
DA:397,35
DA:400,35
DA:401,5
DA:406,30
DA:407,30
DA:408,35
DA:410,0
DA:412,0
DA:415,0
DA:419,0
DA:422,0
DA:423,0
DA:427,0
DA:428,0
DA:429,0
DA:430,0
DA:432,0
DA:433,0
DA:437,0
DA:440,0
DA:441,0
DA:445,0
DA:446,0
DA:447,0
DA:450,0
DA:451,0
DA:454,0
DA:455,0
DA:456,0
DA:457,0
DA:458,0
DA:460,0
DA:461,0
DA:464,0
DA:466,0
DA:467,0
DA:468,0
DA:469,0
DA:470,0
DA:471,0
DA:472,0
DA:473,0
DA:474,0
DA:475,0
DA:476,0
DA:477,0
DA:478,0
DA:479,0
DA:481,720
DA:483,720
DA:484,720
DA:486,890
DA:488,890
DA:489,890
DA:490,890
DA:491,890
DA:492,890
DA:494,0
DA:496,175
DA:498,175
DA:501,22
DA:503,22
DA:506,20
DA:508,20
DA:511,0
DA:513,0
DA:516,5
DA:518,5
DA:521,20
DA:522,20
DA:523,20
DA:524,20
DA:525,20
DA:526,20
DA:527,20
DA:528,20
DA:529,20
DA:530,20
DA:531,20
DA:532,20
DA:533,20
DA:536,20
DA:537,20
DA:538,20
DA:539,20
DA:540,20
DA:541,20
DA:542,20
DA:543,20
DA:544,20
DA:545,20
DA:546,20
DA:547,20
DA:548,20
DA:551,20
DA:552,20
DA:553,20
DA:554,20
DA:555,20
DA:556,20
DA:557,20
DA:558,20
DA:559,20
DA:560,20
DA:561,20
DA:562,20
DA:563,20
DA:566,59440
DA:567,59440
DA:568,10
DA:570,59430
DA:571,10
DA:573,59420
DA:574,5
DA:580,59415
DA:581,59415
DA:583,5
DA:589,59410
DA:590,59410
DA:592,5
DA:595,59405
DA:596,59440
LF:359
LH:185
end_of_record
TN:
SF:/Users/azumag/work/obs-stabilizer/src/core/stabilizer_core.hpp
FNL:0,29,29
FNA:0,781,_ZN14StabilizerCoreC1Ev
FNA:0,781,_ZN14StabilizerCoreC2Ev
FNA:0,781,_ZN14StabilizerCoreD1Ev
FNA:0,781,_ZN14StabilizerCoreD2Ev
FNL:1,40,66
FNA:1,1341,_ZN14StabilizerCore16StabilizerParamsC1Ev
FNA:1,1341,_ZN14StabilizerCore16StabilizerParamsC2Ev
FNL:2,69,184
FNA:2,781,_ZN14StabilizerCore18PerformanceMetricsC1Ev
FNA:2,781,_ZN14StabilizerCore18PerformanceMetricsC2Ev
FNF:3
FNH:3
DA:29,1562
DA:40,1341
DA:41,1341
DA:42,1341
DA:43,1341
DA:44,1341
DA:45,1341
DA:46,1341
DA:47,1341
DA:48,1341
DA:49,1341
DA:50,1341
DA:53,1341
DA:54,1341
DA:55,1341
DA:58,1341
DA:59,1341
DA:62,1341
DA:63,1341
DA:66,1341
DA:69,781
DA:70,781
DA:71,781
DA:166,781
DA:167,781
DA:168,781
DA:184,781
LF:27
LH:27
end_of_record
