TN:
SF:/Library/Developer/CommandLineTools/SDKs/MacOSX.sdk/usr/include/c++/v1/__algorithm/clamp.h
FNL:0,25,30
FNA:0,1528,_ZNSt3__15clampB8ne200100IdNS_6__lessIvvEEEERKT_S5_S5_S5_T0_
FNA:0,10696,_ZNSt3__15clampB8ne200100IfNS_6__lessIvvEEEERKT_S5_S5_S5_T0_
FNA:0,4584,_ZNSt3__15clampB8ne200100IiNS_6__lessIvvEEEERKT_S5_S5_S5_T0_
FNL:1,35,38
FNA:1,1528,_ZNSt3__15clampB8ne200100IdEERKT_S3_S3_S3_
FNA:1,10696,_ZNSt3__15clampB8ne200100IfEERKT_S3_S3_S3_
FNA:1,4584,_ZNSt3__15clampB8ne200100IiEERKT_S3_S3_S3_
FNF:2
FNH:2
DA:25,16808
DA:30,16808
DA:35,16808
DA:38,16808
LF:4
LH:4
end_of_record
TN:
SF:/Library/Developer/CommandLineTools/SDKs/MacOSX.sdk/usr/include/c++/v1/__algorithm/comp.h
FNL:0,40,41
FNA:0,13396,_ZNKSt3__16__lessIvvEclB8ne200100IddEEbRKT_RKT0_
FNA:0,21422,_ZNKSt3__16__lessIvvEclB8ne200100IffEEbRKT_RKT0_
FNA:0,9383,_ZNKSt3__16__lessIvvEclB8ne200100IiiEEbRKT_RKT0_
FNA:0,248450,_ZNKSt3__16__lessIvvEclB8ne200100ImmEEbRKT_RKT0_
FNF:1
FNH:1
DA:40,292651
DA:41,292651
LF:2
LH:2
end_of_record
TN:
SF:/Library/Developer/CommandLineTools/SDKs/MacOSX.sdk/usr/include/c++/v1/__algorithm/copy.h
FNL:0,101,102
FNA:0,0,_ZNKSt3__111__copy_implclB8ne200100IN2cv6Point_IfEES4_Li0EEENS_4pairIPT_PT0_EES7_S7_S9_
FNA:0,0,_ZNKSt3__111__copy_implclB8ne200100IddLi0EEENS_4pairIPT_PT0_EES4_S4_S6_
FNL:1,108,109
FNA:1,0,_ZNSt3__16__copyB8ne200100INS_11__wrap_iterIPN2cv3MatEEES5_S4_EENS_4pairIT_T1_EES7_T0_S8_
FNA:1,0,_ZNSt3__16__copyB8ne200100IPN2cv6Point_IfEES4_S4_EENS_4pairIT_T1_EES6_T0_S7_
FNA:1,0,_ZNSt3__16__copyB8ne200100IPdS1_S1_EENS_4pairIT_T1_EES3_T0_S4_
FNL:2,114,115
FNA:2,0,_ZNSt3__14copyB8ne200100INS_11__wrap_iterIPN2cv3MatEEES4_EET0_T_S7_S6_
FNA:2,0,_ZNSt3__14copyB8ne200100IPN2cv6Point_IfEES4_EET0_T_S6_S5_
FNA:2,0,_ZNSt3__14copyB8ne200100IPdS1_EET0_T_S3_S2_
FNL:3,38,45
FNA:3,0,_ZNKSt3__111__copy_implclB8ne200100IPN2cv3MatES4_S4_EENS_4pairIT_T1_EES6_T0_S7_
FNF:4
FNH:0
DA:38,0
DA:39,0
DA:40,0
DA:41,0
DA:42,0
DA:45,0
DA:101,0
DA:102,0
DA:108,0
DA:109,0
DA:114,0
DA:115,0
LF:12
LH:0
end_of_record
TN:
SF:/Library/Developer/CommandLineTools/SDKs/MacOSX.sdk/usr/include/c++/v1/__algorithm/copy_move_common.h
FNL:0,61,67
FNA:0,0,_ZNSt3__119__copy_trivial_implB8ne200100IN2cv6Point_IfEES3_EENS_4pairIPT_PT0_EES6_S6_S8_
FNA:0,0,_ZNSt3__119__copy_trivial_implB8ne200100IPN2cv3MatES3_EENS_4pairIPT_PT0_EES6_S6_S8_
FNA:0,0,_ZNSt3__119__copy_trivial_implB8ne200100IddEENS_4pairIPT_PT0_EES3_S3_S5_
FNL:1,71,78
FNA:1,0,_ZNSt3__128__copy_backward_trivial_implB8ne200100IPN2cv3MatES3_EENS_4pairIPT_PT0_EES6_S6_S8_
FNL:2,92,97
FNA:2,0,_ZNSt3__124__copy_move_unwrap_itersB8ne200100INS_11__copy_implENS_11__wrap_iterIPN2cv3MatEEES6_S5_Li0EEENS_4pairIT0_T2_EES8_T1_S9_
FNA:2,0,_ZNSt3__124__copy_move_unwrap_itersB8ne200100INS_11__copy_implEPN2cv6Point_IfEES5_S5_Li0EEENS_4pairIT0_T2_EES7_T1_S8_
FNA:2,0,_ZNSt3__124__copy_move_unwrap_itersB8ne200100INS_11__copy_implEPdS2_S2_Li0EEENS_4pairIT0_T2_EES4_T1_S5_
FNA:2,0,_ZNSt3__124__copy_move_unwrap_itersB8ne200100INS_11__move_implINS_17_ClassicAlgPolicyEEEPPN2cv3MatES7_S7_Li0EEENS_4pairIT0_T2_EES9_T1_SA_
FNA:2,0,_ZNSt3__124__copy_move_unwrap_itersB8ne200100INS_20__move_backward_implINS_17_ClassicAlgPolicyEEEPN2cv3MatES6_S6_Li0EEENS_4pairIT0_T2_EES8_T1_S9_
FNA:2,0,_ZNSt3__124__copy_move_unwrap_itersB8ne200100INS_20__move_backward_implINS_17_ClassicAlgPolicyEEEPPN2cv3MatES7_S7_Li0EEENS_4pairIT0_T2_EES9_T1_SA_
FNF:3
FNH:0
DA:61,0
DA:62,0
DA:64,0
DA:66,0
DA:67,0
DA:71,0
DA:72,0
DA:73,0
DA:75,0
DA:77,0
DA:78,0
DA:92,0
DA:93,0
DA:94,0
DA:95,0
DA:96,0
DA:97,0
LF:17
LH:0
end_of_record
TN:
SF:/Library/Developer/CommandLineTools/SDKs/MacOSX.sdk/usr/include/c++/v1/__algorithm/copy_n.h
FNL:0,51,56
FNA:0,0,_ZNSt3__16copy_nB8ne200100INS_11__wrap_iterIPN2cv3MatEEElS4_Li0EEET1_T_T0_S6_
FNF:1
FNH:0
DA:51,0
DA:54,0
DA:55,0
DA:56,0
LF:4
LH:0
end_of_record
TN:
SF:/Library/Developer/CommandLineTools/SDKs/MacOSX.sdk/usr/include/c++/v1/__algorithm/fill_n.h
FNL:0,81,84
FNA:0,0,_ZNSt3__18__fill_nB8ne200100IPcmcEET_S2_T0_RKT1_
FNL:1,89,90
FNA:1,0,_ZNSt3__16fill_nB8ne200100IPcmcEET_S2_T0_RKT1_
FNF:2
FNH:0
DA:81,0
DA:82,0
DA:83,0
DA:84,0
DA:89,0
DA:90,0
LF:6
LH:0
end_of_record
TN:
SF:/Library/Developer/CommandLineTools/SDKs/MacOSX.sdk/usr/include/c++/v1/__algorithm/iterator_operations.h
FNL:0,103,109
FNA:0,0,_ZNSt3__18_IterOpsINS_17_ClassicAlgPolicyEE25__validate_iter_referenceB8ne200100IRPN2cv3MatEEEvv
FNL:1,117,120
FNA:1,0,_ZNSt3__18_IterOpsINS_17_ClassicAlgPolicyEE11__iter_moveB8ne200100IRPN2cv3MatELi0EEEDTclsr3stdE4movedeclsr3stdE7declvalIRT_EEEEOS8_
FNL:2,143,144
FNA:2,0,_ZNSt3__18_IterOpsINS_17_ClassicAlgPolicyEE4nextB8ne200100IPN2cv3MatEEET_S7_S7_
FNF:3
FNH:0
DA:103,0
DA:109,0
DA:117,0
DA:118,0
DA:120,0
DA:143,0
DA:144,0
LF:7
LH:0
end_of_record
TN:
SF:/Library/Developer/CommandLineTools/SDKs/MacOSX.sdk/usr/include/c++/v1/__algorithm/max.h
FNL:0,29,30
FNA:0,0,_ZNSt3__13maxB8ne200100IdNS_6__lessIvvEEEERKT_S5_S5_T0_
FNA:0,30,_ZNSt3__13maxB8ne200100IfNS_6__lessIvvEEEERKT_S5_S5_T0_
FNA:0,120,_ZNSt3__13maxB8ne200100IiNS_6__lessIvvEEEERKT_S5_S5_T0_
FNA:0,66320,_ZNSt3__13maxB8ne200100ImNS_6__lessIvvEEEERKT_S5_S5_T0_
FNL:1,35,36
FNA:1,0,_ZNSt3__13maxB8ne200100IdEERKT_S3_S3_
FNA:1,30,_ZNSt3__13maxB8ne200100IfEERKT_S3_S3_
FNA:1,120,_ZNSt3__13maxB8ne200100IiEERKT_S3_S3_
FNA:1,66320,_ZNSt3__13maxB8ne200100ImEERKT_S3_S3_
FNF:2
FNH:2
DA:29,66470
DA:30,66470
DA:35,66470
DA:36,66470
LF:4
LH:4
end_of_record
TN:
SF:/Library/Developer/CommandLineTools/SDKs/MacOSX.sdk/usr/include/c++/v1/__algorithm/max_element.h
FNL:0,26,35
FNA:0,80,_ZNSt3__113__max_elementB8ne200100IRNS_6__lessIvvEENS_11__wrap_iterIPKdEEEET0_S8_S8_T_
FNL:1,40,43
FNA:1,80,_ZNSt3__111max_elementB8ne200100INS_11__wrap_iterIPKdEENS_6__lessIvvEEEET_S7_S7_T0_
FNL:2,48,49
FNA:2,80,_ZNSt3__111max_elementB8ne200100INS_11__wrap_iterIPKdEEEET_S5_S5_
FNF:3
FNH:3
DA:26,80
DA:29,80
DA:30,80
DA:31,5250
DA:32,5170
DA:33,196
DA:34,80
DA:35,80
DA:40,80
DA:43,80
DA:48,80
DA:49,80
LF:12
LH:12
end_of_record
TN:
SF:/Library/Developer/CommandLineTools/SDKs/MacOSX.sdk/usr/include/c++/v1/__algorithm/min.h
FNL:0,29,30
FNA:0,0,_ZNSt3__13minB8ne200100IdNS_6__lessIvvEEEERKT_S5_S5_T0_
FNA:0,15,_ZNSt3__13minB8ne200100IfNS_6__lessIvvEEEERKT_S5_S5_T0_
FNA:0,120,_ZNSt3__13minB8ne200100IiNS_6__lessIvvEEEERKT_S5_S5_T0_
FNA:0,182130,_ZNSt3__13minB8ne200100ImNS_6__lessIvvEEEERKT_S5_S5_T0_
FNL:1,35,36
FNA:1,0,_ZNSt3__13minB8ne200100IdEERKT_S3_S3_
FNA:1,15,_ZNSt3__13minB8ne200100IfEERKT_S3_S3_
FNA:1,120,_ZNSt3__13minB8ne200100IiEERKT_S3_S3_
FNA:1,182130,_ZNSt3__13minB8ne200100ImEERKT_S3_S3_
FNF:2
FNH:2
DA:29,182265
DA:30,182265
DA:35,182265
DA:36,182265
LF:4
LH:4
end_of_record
TN:
SF:/Library/Developer/CommandLineTools/SDKs/MacOSX.sdk/usr/include/c++/v1/__algorithm/min_element.h
FNL:0,32,42
FNA:0,80,_ZNSt3__113__min_elementB8ne200100IRNS_6__lessIvvEENS_11__wrap_iterIPKdEES7_NS_10__identityEEET0_S9_T1_T_RT2_
FNL:1,45,48
FNA:1,80,_ZNSt3__113__min_elementB8ne200100IRNS_6__lessIvvEENS_11__wrap_iterIPKdEES7_EET0_S8_T1_T_
FNL:2,52,58
FNA:2,80,_ZNSt3__111min_elementB8ne200100INS_11__wrap_iterIPKdEENS_6__lessIvvEEEET_S7_S7_T0_
FNL:3,63,64
FNA:3,80,_ZNSt3__111min_elementB8ne200100INS_11__wrap_iterIPKdEEEET_S5_S5_
FNF:4
FNH:4
DA:32,80
DA:33,80
DA:34,0
DA:36,80
DA:37,5250
DA:38,5170
DA:39,428
DA:41,80
DA:42,80
DA:45,80
DA:46,80
DA:47,80
DA:48,80
DA:52,80
DA:58,80
DA:63,80
DA:64,80
LF:17
LH:16
end_of_record
TN:
SF:/Library/Developer/CommandLineTools/SDKs/MacOSX.sdk/usr/include/c++/v1/__algorithm/move.h
FNL:0,104,105
FNA:0,0,_ZNKSt3__111__move_implINS_17_ClassicAlgPolicyEEclB8ne200100IPN2cv3MatES6_Li0EEENS_4pairIPT_PT0_EES9_S9_SB_
FNL:1,111,113
FNA:1,0,_ZNSt3__16__moveB8ne200100INS_17_ClassicAlgPolicyEPPN2cv3MatES5_S5_EENS_4pairIT0_T2_EES7_T1_S8_
FNL:2,118,122
FNA:2,0,_ZNSt3__14moveB8ne200100IPPN2cv3MatES4_EET0_T_S6_S5_
FNF:3
FNH:0
DA:104,0
DA:105,0
DA:111,0
DA:112,0
DA:113,0
DA:118,0
DA:122,0
LF:7
LH:0
end_of_record
TN:
SF:/Library/Developer/CommandLineTools/SDKs/MacOSX.sdk/usr/include/c++/v1/__algorithm/move_backward.h
FNL:0,113,114
FNA:0,0,_ZNKSt3__120__move_backward_implINS_17_ClassicAlgPolicyEEclB8ne200100IPN2cv3MatES6_Li0EEENS_4pairIPT_PT0_EES9_S9_SB_
FNL:1,120,126
FNA:1,0,_ZNSt3__115__move_backwardB8ne200100INS_17_ClassicAlgPolicyEPN2cv3MatES4_S4_EENS_4pairIT0_T2_EES6_T1_S7_
FNA:1,0,_ZNSt3__115__move_backwardB8ne200100INS_17_ClassicAlgPolicyEPPN2cv3MatES5_S5_EENS_4pairIT0_T2_EES7_T1_S8_
FNL:2,131,132
FNA:2,0,_ZNSt3__113move_backwardB8ne200100IPN2cv3MatES3_EET0_T_S5_S4_
FNA:2,0,_ZNSt3__113move_backwardB8ne200100IPPN2cv3MatES4_EET0_T_S6_S5_
FNL:3,41,50
FNA:3,0,_ZNKSt3__120__move_backward_implINS_17_ClassicAlgPolicyEEclB8ne200100IPN2cv3MatES6_S6_EENS_4pairIT_T1_EES8_T0_S9_
FNF:4
FNH:0
DA:41,0
DA:42,0
DA:43,0
DA:45,0
DA:46,0
DA:49,0
DA:50,0
DA:113,0
DA:114,0
DA:120,0
DA:125,0
DA:126,0
DA:131,0
DA:132,0
LF:14
LH:0
end_of_record
TN:
SF:/Library/Developer/CommandLineTools/SDKs/MacOSX.sdk/usr/include/c++/v1/__algorithm/unwrap_iter.h
FNL:0,51,52
FNA:0,0,_ZNSt3__118__unwrap_iter_implINS_11__wrap_iterIPN2cv3MatEEELb1EE8__rewrapB8ne200100ES5_S4_
FNA:0,5,_ZNSt3__118__unwrap_iter_implIPN14StabilizerCore16StabilizerParamsELb1EE8__rewrapB8ne200100ES3_S3_
FNA:0,180,_ZNSt3__118__unwrap_iter_implIPN2cv3MatELb1EE8__rewrapB8ne200100ES3_S3_
FNA:0,0,_ZNSt3__118__unwrap_iter_implIPN2cv6Point_IfEELb1EE8__rewrapB8ne200100ES4_S4_
FNA:0,55,_ZNSt3__118__unwrap_iter_implIPNS_12basic_stringIcNS_11char_traitsIcEENS_9allocatorIcEEEELb1EE8__rewrapB8ne200100ES7_S7_
FNA:0,5,_ZNSt3__118__unwrap_iter_implIPNS_4pairIiiEELb1EE8__rewrapB8ne200100ES3_S3_
FNA:0,5,_ZNSt3__118__unwrap_iter_implIPNS_6vectorIN2cv3MatENS_9allocatorIS3_EEEELb1EE8__rewrapB8ne200100ES7_S7_
FNA:0,5,_ZNSt3__118__unwrap_iter_implIPP14StabilizerCoreLb1EE8__rewrapB8ne200100ES3_S3_
FNA:0,0,_ZNSt3__118__unwrap_iter_implIPPN2cv3MatELb1EE8__rewrapB8ne200100ES4_S4_
FNA:0,0,_ZNSt3__118__unwrap_iter_implIPdLb1EE8__rewrapB8ne200100ES1_S1_
FNA:0,10,_ZNSt3__118__unwrap_iter_implIPiLb1EE8__rewrapB8ne200100ES1_S1_
FNL:1,55,56
FNA:1,10,_ZNSt3__118__unwrap_iter_implINS_11__wrap_iterIPN2cv3MatEEELb1EE8__unwrapB8ne200100ES5_
FNA:1,0,_ZNSt3__118__unwrap_iter_implINS_11__wrap_iterIPdEELb1EE8__unwrapB8ne200100ES3_
FNA:1,10,_ZNSt3__118__unwrap_iter_implIPKN14StabilizerCore16StabilizerParamsELb1EE8__unwrapB8ne200100ES4_
FNA:1,110,_ZNSt3__118__unwrap_iter_implIPKNS_12basic_stringIcNS_11char_traitsIcEENS_9allocatorIcEEEELb1EE8__unwrapB8ne200100ES8_
FNA:1,10,_ZNSt3__118__unwrap_iter_implIPKNS_4pairIiiEELb1EE8__unwrapB8ne200100ES4_
FNA:1,10,_ZNSt3__118__unwrap_iter_implIPKNS_6vectorIN2cv3MatENS_9allocatorIS3_EEEELb1EE8__unwrapB8ne200100ES8_
FNA:1,10,_ZNSt3__118__unwrap_iter_implIPKP14StabilizerCoreLb1EE8__unwrapB8ne200100ES4_
FNA:1,20,_ZNSt3__118__unwrap_iter_implIPKiLb1EE8__unwrapB8ne200100ES2_
FNA:1,5,_ZNSt3__118__unwrap_iter_implIPN14StabilizerCore16StabilizerParamsELb1EE8__unwrapB8ne200100ES3_
FNA:1,530,_ZNSt3__118__unwrap_iter_implIPN2cv3MatELb1EE8__unwrapB8ne200100ES3_
FNA:1,0,_ZNSt3__118__unwrap_iter_implIPN2cv6Point_IfEELb1EE8__unwrapB8ne200100ES4_
FNA:1,55,_ZNSt3__118__unwrap_iter_implIPNS_12basic_stringIcNS_11char_traitsIcEENS_9allocatorIcEEEELb1EE8__unwrapB8ne200100ES7_
FNA:1,5,_ZNSt3__118__unwrap_iter_implIPNS_4pairIiiEELb1EE8__unwrapB8ne200100ES3_
FNA:1,5,_ZNSt3__118__unwrap_iter_implIPNS_6vectorIN2cv3MatENS_9allocatorIS3_EEEELb1EE8__unwrapB8ne200100ES7_
FNA:1,5,_ZNSt3__118__unwrap_iter_implIPP14StabilizerCoreLb1EE8__unwrapB8ne200100ES3_
FNA:1,0,_ZNSt3__118__unwrap_iter_implIPPN2cv3MatELb1EE8__unwrapB8ne200100ES4_
FNA:1,0,_ZNSt3__118__unwrap_iter_implIPdLb1EE8__unwrapB8ne200100ES1_
FNA:1,10,_ZNSt3__118__unwrap_iter_implIPiLb1EE8__unwrapB8ne200100ES1_
FNL:2,64,65
FNA:2,10,_ZNSt3__113__unwrap_iterB8ne200100INS_11__wrap_iterIPN2cv3MatEEENS_18__unwrap_iter_implIS5_Lb1EEELi0EEEDTclsrT0_8__unwrapclsr3stdE7declvalIT_EEEES9_
FNA:2,0,_ZNSt3__113__unwrap_iterB8ne200100INS_11__wrap_iterIPdEENS_18__unwrap_iter_implIS3_Lb1EEELi0EEEDTclsrT0_8__unwrapclsr3stdE7declvalIT_EEEES7_
FNA:2,10,_ZNSt3__113__unwrap_iterB8ne200100IPKN14StabilizerCore16StabilizerParamsENS_18__unwrap_iter_implIS4_Lb1EEELi0EEEDTclsrT0_8__unwrapclsr3stdE7declvalIT_EEEES8_
FNA:2,110,_ZNSt3__113__unwrap_iterB8ne200100IPKNS_12basic_stringIcNS_11char_traitsIcEENS_9allocatorIcEEEENS_18__unwrap_iter_implIS8_Lb1EEELi0EEEDTclsrT0_8__unwrapclsr3stdE7declvalIT_EEEESC_
FNA:2,10,_ZNSt3__113__unwrap_iterB8ne200100IPKNS_4pairIiiEENS_18__unwrap_iter_implIS4_Lb1EEELi0EEEDTclsrT0_8__unwrapclsr3stdE7declvalIT_EEEES8_
FNA:2,10,_ZNSt3__113__unwrap_iterB8ne200100IPKNS_6vectorIN2cv3MatENS_9allocatorIS3_EEEENS_18__unwrap_iter_implIS8_Lb1EEELi0EEEDTclsrT0_8__unwrapclsr3stdE7declvalIT_EEEESC_
FNA:2,10,_ZNSt3__113__unwrap_iterB8ne200100IPKP14StabilizerCoreNS_18__unwrap_iter_implIS4_Lb1EEELi0EEEDTclsrT0_8__unwrapclsr3stdE7declvalIT_EEEES8_
FNA:2,20,_ZNSt3__113__unwrap_iterB8ne200100IPKiNS_18__unwrap_iter_implIS2_Lb1EEELi0EEEDTclsrT0_8__unwrapclsr3stdE7declvalIT_EEEES6_
FNA:2,5,_ZNSt3__113__unwrap_iterB8ne200100IPN14StabilizerCore16StabilizerParamsENS_18__unwrap_iter_implIS3_Lb1EEELi0EEEDTclsrT0_8__unwrapclsr3stdE7declvalIT_EEEES7_
FNA:2,530,_ZNSt3__113__unwrap_iterB8ne200100IPN2cv3MatENS_18__unwrap_iter_implIS3_Lb1EEELi0EEEDTclsrT0_8__unwrapclsr3stdE7declvalIT_EEEES7_
FNA:2,0,_ZNSt3__113__unwrap_iterB8ne200100IPN2cv6Point_IfEENS_18__unwrap_iter_implIS4_Lb1EEELi0EEEDTclsrT0_8__unwrapclsr3stdE7declvalIT_EEEES8_
FNA:2,55,_ZNSt3__113__unwrap_iterB8ne200100IPNS_12basic_stringIcNS_11char_traitsIcEENS_9allocatorIcEEEENS_18__unwrap_iter_implIS7_Lb1EEELi0EEEDTclsrT0_8__unwrapclsr3stdE7declvalIT_EEEESB_
FNA:2,5,_ZNSt3__113__unwrap_iterB8ne200100IPNS_4pairIiiEENS_18__unwrap_iter_implIS3_Lb1EEELi0EEEDTclsrT0_8__unwrapclsr3stdE7declvalIT_EEEES7_
FNA:2,5,_ZNSt3__113__unwrap_iterB8ne200100IPNS_6vectorIN2cv3MatENS_9allocatorIS3_EEEENS_18__unwrap_iter_implIS7_Lb1EEELi0EEEDTclsrT0_8__unwrapclsr3stdE7declvalIT_EEEESB_
FNA:2,5,_ZNSt3__113__unwrap_iterB8ne200100IPP14StabilizerCoreNS_18__unwrap_iter_implIS3_Lb1EEELi0EEEDTclsrT0_8__unwrapclsr3stdE7declvalIT_EEEES7_
FNA:2,0,_ZNSt3__113__unwrap_iterB8ne200100IPPN2cv3MatENS_18__unwrap_iter_implIS4_Lb1EEELi0EEEDTclsrT0_8__unwrapclsr3stdE7declvalIT_EEEES8_
FNA:2,0,_ZNSt3__113__unwrap_iterB8ne200100IPdNS_18__unwrap_iter_implIS1_Lb1EEELi0EEEDTclsrT0_8__unwrapclsr3stdE7declvalIT_EEEES5_
FNA:2,10,_ZNSt3__113__unwrap_iterB8ne200100IPiNS_18__unwrap_iter_implIS1_Lb1EEELi0EEEDTclsrT0_8__unwrapclsr3stdE7declvalIT_EEEES5_
FNL:3,77,78
FNA:3,0,_ZNSt3__113__rewrap_iterB8ne200100INS_11__wrap_iterIPN2cv3MatEEES4_NS_18__unwrap_iter_implIS5_Lb1EEEEET_S8_T0_
FNA:3,5,_ZNSt3__113__rewrap_iterB8ne200100IPN14StabilizerCore16StabilizerParamsES3_NS_18__unwrap_iter_implIS3_Lb1EEEEET_S6_T0_
FNA:3,180,_ZNSt3__113__rewrap_iterB8ne200100IPN2cv3MatES3_NS_18__unwrap_iter_implIS3_Lb1EEEEET_S6_T0_
FNA:3,0,_ZNSt3__113__rewrap_iterB8ne200100IPN2cv6Point_IfEES4_NS_18__unwrap_iter_implIS4_Lb1EEEEET_S7_T0_
FNA:3,55,_ZNSt3__113__rewrap_iterB8ne200100IPNS_12basic_stringIcNS_11char_traitsIcEENS_9allocatorIcEEEES7_NS_18__unwrap_iter_implIS7_Lb1EEEEET_SA_T0_
FNA:3,5,_ZNSt3__113__rewrap_iterB8ne200100IPNS_4pairIiiEES3_NS_18__unwrap_iter_implIS3_Lb1EEEEET_S6_T0_
FNA:3,5,_ZNSt3__113__rewrap_iterB8ne200100IPNS_6vectorIN2cv3MatENS_9allocatorIS3_EEEES7_NS_18__unwrap_iter_implIS7_Lb1EEEEET_SA_T0_
FNA:3,5,_ZNSt3__113__rewrap_iterB8ne200100IPP14StabilizerCoreS3_NS_18__unwrap_iter_implIS3_Lb1EEEEET_S6_T0_
FNA:3,0,_ZNSt3__113__rewrap_iterB8ne200100IPPN2cv3MatES4_NS_18__unwrap_iter_implIS4_Lb1EEEEET_S7_T0_
FNA:3,0,_ZNSt3__113__rewrap_iterB8ne200100IPdS1_NS_18__unwrap_iter_implIS1_Lb1EEEEET_S4_T0_
FNA:3,10,_ZNSt3__113__rewrap_iterB8ne200100IPiS1_NS_18__unwrap_iter_implIS1_Lb1EEEEET_S4_T0_
FNF:4
FNH:4
DA:51,265
DA:52,265
DA:55,795
DA:56,795
DA:64,795
DA:65,795
DA:77,265
DA:78,265
LF:8
LH:8
end_of_record
TN:
SF:/Library/Developer/CommandLineTools/SDKs/MacOSX.sdk/usr/include/c++/v1/__algorithm/unwrap_range.h
FNL:0,85,86
FNA:0,5,_ZNSt3__114__unwrap_rangeB8ne200100INS_11__wrap_iterIPN2cv3MatEEES4_EENS_4pairIT0_S7_EET_S9_
FNA:0,0,_ZNSt3__114__unwrap_rangeB8ne200100INS_11__wrap_iterIPdEES2_EENS_4pairIT0_S5_EET_S7_
FNA:0,5,_ZNSt3__114__unwrap_rangeB8ne200100IPKN14StabilizerCore16StabilizerParamsES4_EENS_4pairIT0_S6_EET_S8_
FNA:0,55,_ZNSt3__114__unwrap_rangeB8ne200100IPKNS_12basic_stringIcNS_11char_traitsIcEENS_9allocatorIcEEEES8_EENS_4pairIT0_SA_EET_SC_
FNA:0,5,_ZNSt3__114__unwrap_rangeB8ne200100IPKNS_4pairIiiEES4_EENS1_IT0_S5_EET_S7_
FNA:0,5,_ZNSt3__114__unwrap_rangeB8ne200100IPKNS_6vectorIN2cv3MatENS_9allocatorIS3_EEEES8_EENS_4pairIT0_SA_EET_SC_
FNA:0,5,_ZNSt3__114__unwrap_rangeB8ne200100IPKP14StabilizerCoreS4_EENS_4pairIT0_S6_EET_S8_
FNA:0,10,_ZNSt3__114__unwrap_rangeB8ne200100IPKiS2_EENS_4pairIT0_S4_EET_S6_
FNA:0,175,_ZNSt3__114__unwrap_rangeB8ne200100IPN2cv3MatES3_EENS_4pairIT0_S5_EET_S7_
FNA:0,0,_ZNSt3__114__unwrap_rangeB8ne200100IPN2cv6Point_IfEES4_EENS_4pairIT0_S6_EET_S8_
FNA:0,0,_ZNSt3__114__unwrap_rangeB8ne200100IPPN2cv3MatES4_EENS_4pairIT0_S6_EET_S8_
FNA:0,0,_ZNSt3__114__unwrap_rangeB8ne200100IPdS1_EENS_4pairIT0_S3_EET_S5_
FNL:1,90,91
FNA:1,0,_ZNSt3__114__rewrap_rangeB8ne200100INS_11__wrap_iterIPN2cv3MatEEES4_EET_S6_T0_
FNA:1,0,_ZNSt3__114__rewrap_rangeB8ne200100IPN2cv3MatES3_EET_S4_T0_
FNA:1,0,_ZNSt3__114__rewrap_rangeB8ne200100IPN2cv6Point_IfEES4_EET_S5_T0_
FNA:1,0,_ZNSt3__114__rewrap_rangeB8ne200100IPPN2cv3MatES4_EET_S5_T0_
FNA:1,0,_ZNSt3__114__rewrap_rangeB8ne200100IPdS1_EET_S2_T0_
FNF:2
FNH:1
DA:85,265
DA:86,265
DA:90,0
DA:91,0
LF:4
LH:2
end_of_record
TN:
SF:/Library/Developer/CommandLineTools/SDKs/MacOSX.sdk/usr/include/c++/v1/__chrono/duration.h
FNL:0,105,106
FNA:0,5250,_ZNSt3__16chrono13duration_castB8ne200100INS0_8durationIdNS_5ratioILl1ELl1000EEEEExNS3_ILl1ELl1000000000EEELi0EEET_RKNS2_IT0_T1_EE
FNA:0,59165,_ZNSt3__16chrono13duration_castB8ne200100INS0_8durationIdNS_5ratioILl1ELl1EEEEExNS3_ILl1ELl1000000000EEELi0EEET_RKNS2_IT0_T1_EE
FNA:0,500,_ZNSt3__16chrono13duration_castB8ne200100INS0_8durationIeNS_5ratioILl1ELl1000000EEEEEeNS3_ILl1ELl1EEELi0EEET_RKNS2_IT0_T1_EE
FNA:0,500,_ZNSt3__16chrono13duration_castB8ne200100INS0_8durationIeNS_5ratioILl1ELl1000000EEEEExS4_Li0EEET_RKNS2_IT0_T1_EE
FNA:0,7,_ZNSt3__16chrono13duration_castB8ne200100INS0_8durationIeNS_5ratioILl1ELl1000EEEEEeNS3_ILl1ELl1EEELi0EEET_RKNS2_IT0_T1_EE
FNA:0,7,_ZNSt3__16chrono13duration_castB8ne200100INS0_8durationIeNS_5ratioILl1ELl1000EEEEExS4_Li0EEET_RKNS2_IT0_T1_EE
FNA:0,1000,_ZNSt3__16chrono13duration_castB8ne200100INS0_8durationIxNS_5ratioILl1ELl1000000000EEEEExNS3_ILl1ELl1000000EEELi0EEET_RKNS2_IT0_T1_EE
FNA:0,14,_ZNSt3__16chrono13duration_castB8ne200100INS0_8durationIxNS_5ratioILl1ELl1000000000EEEEExNS3_ILl1ELl1000EEELi0EEET_RKNS2_IT0_T1_EE
FNA:0,10,_ZNSt3__16chrono13duration_castB8ne200100INS0_8durationIxNS_5ratioILl1ELl1000000EEEEExNS3_ILl1ELl1000000000EEELi0EEET_RKNS2_IT0_T1_EE
FNL:1,120,120
FNA:1,597,_ZNSt3__16chrono15duration_valuesIxE4zeroB8ne200100Ev
FNL:2,121,121
FNA:2,0,_ZNSt3__16chrono15duration_valuesIxE3maxB8ne200100Ev
FNL:3,209,209
FNA:3,5250,_ZNSt3__16chrono8durationIdNS_5ratioILl1ELl1000EEEEC1B8ne200100IdLi0EEERKT_
FNA:3,5250,_ZNSt3__16chrono8durationIdNS_5ratioILl1ELl1000EEEEC2B8ne200100IdLi0EEERKT_
FNA:3,59165,_ZNSt3__16chrono8durationIdNS_5ratioILl1ELl1EEEEC1B8ne200100IdLi0EEERKT_
FNA:3,59165,_ZNSt3__16chrono8durationIdNS_5ratioILl1ELl1EEEEC2B8ne200100IdLi0EEERKT_
FNA:3,1000,_ZNSt3__16chrono8durationIeNS_5ratioILl1ELl1000000EEEEC1B8ne200100IeLi0EEERKT_
FNA:3,1000,_ZNSt3__16chrono8durationIeNS_5ratioILl1ELl1000000EEEEC2B8ne200100IeLi0EEERKT_
FNA:3,14,_ZNSt3__16chrono8durationIeNS_5ratioILl1ELl1000EEEEC1B8ne200100IeLi0EEERKT_
FNA:3,14,_ZNSt3__16chrono8durationIeNS_5ratioILl1ELl1000EEEEC2B8ne200100IeLi0EEERKT_
FNA:3,65529,_ZNSt3__16chrono8durationIxNS_5ratioILl1ELl1000000000EEEEC1B8ne200100IxLi0EEERKT_
FNA:3,65529,_ZNSt3__16chrono8durationIxNS_5ratioILl1ELl1000000000EEEEC2B8ne200100IxLi0EEERKT_
FNA:3,500,_ZNSt3__16chrono8durationIxNS_5ratioILl1ELl1000000EEEEC1B8ne200100IiLi0EEERKT_
FNA:3,510,_ZNSt3__16chrono8durationIxNS_5ratioILl1ELl1000000EEEEC1B8ne200100IxLi0EEERKT_
FNA:3,500,_ZNSt3__16chrono8durationIxNS_5ratioILl1ELl1000000EEEEC2B8ne200100IiLi0EEERKT_
FNA:3,510,_ZNSt3__16chrono8durationIxNS_5ratioILl1ELl1000000EEEEC2B8ne200100IxLi0EEERKT_
FNA:3,7,_ZNSt3__16chrono8durationIxNS_5ratioILl1ELl1000EEEEC1B8ne200100IiLi0EEERKT_
FNA:3,7,_ZNSt3__16chrono8durationIxNS_5ratioILl1ELl1000EEEEC1B8ne200100IxLi0EEERKT_
FNA:3,7,_ZNSt3__16chrono8durationIxNS_5ratioILl1ELl1000EEEEC2B8ne200100IiLi0EEERKT_
FNA:3,7,_ZNSt3__16chrono8durationIxNS_5ratioILl1ELl1000EEEEC2B8ne200100IxLi0EEERKT_
FNL:4,218,219
FNA:4,5250,_ZNSt3__16chrono8durationIdNS_5ratioILl1ELl1000EEEEC1B8ne200100IxNS2_ILl1ELl1000000000EEELi0EEERKNS1_IT_T0_EE
FNA:4,5250,_ZNSt3__16chrono8durationIdNS_5ratioILl1ELl1000EEEEC2B8ne200100IxNS2_ILl1ELl1000000000EEELi0EEERKNS1_IT_T0_EE
FNA:4,59165,_ZNSt3__16chrono8durationIdNS_5ratioILl1ELl1EEEEC1B8ne200100IxNS2_ILl1ELl1000000000EEELi0EEERKNS1_IT_T0_EE
FNA:4,59165,_ZNSt3__16chrono8durationIdNS_5ratioILl1ELl1EEEEC2B8ne200100IxNS2_ILl1ELl1000000000EEELi0EEERKNS1_IT_T0_EE
FNA:4,500,_ZNSt3__16chrono8durationIeNS_5ratioILl1ELl1000000EEEEC1B8ne200100IeNS2_ILl1ELl1EEELi0EEERKNS1_IT_T0_EE
FNA:4,500,_ZNSt3__16chrono8durationIeNS_5ratioILl1ELl1000000EEEEC1B8ne200100IxS3_Li0EEERKNS1_IT_T0_EE
FNA:4,500,_ZNSt3__16chrono8durationIeNS_5ratioILl1ELl1000000EEEEC2B8ne200100IeNS2_ILl1ELl1EEELi0EEERKNS1_IT_T0_EE
FNA:4,500,_ZNSt3__16chrono8durationIeNS_5ratioILl1ELl1000000EEEEC2B8ne200100IxS3_Li0EEERKNS1_IT_T0_EE
FNA:4,7,_ZNSt3__16chrono8durationIeNS_5ratioILl1ELl1000EEEEC1B8ne200100IeNS2_ILl1ELl1EEELi0EEERKNS1_IT_T0_EE
FNA:4,7,_ZNSt3__16chrono8durationIeNS_5ratioILl1ELl1000EEEEC1B8ne200100IxS3_Li0EEERKNS1_IT_T0_EE
FNA:4,7,_ZNSt3__16chrono8durationIeNS_5ratioILl1ELl1000EEEEC2B8ne200100IeNS2_ILl1ELl1EEELi0EEERKNS1_IT_T0_EE
FNA:4,7,_ZNSt3__16chrono8durationIeNS_5ratioILl1ELl1000EEEEC2B8ne200100IxS3_Li0EEERKNS1_IT_T0_EE
FNA:4,500,_ZNSt3__16chrono8durationIxNS_5ratioILl1ELl1000000000EEEEC1B8ne200100IxNS2_ILl1ELl1000000EEELi0EEERKNS1_IT_T0_EE
FNA:4,7,_ZNSt3__16chrono8durationIxNS_5ratioILl1ELl1000000000EEEEC1B8ne200100IxNS2_ILl1ELl1000EEELi0EEERKNS1_IT_T0_EE
FNA:4,500,_ZNSt3__16chrono8durationIxNS_5ratioILl1ELl1000000000EEEEC2B8ne200100IxNS2_ILl1ELl1000000EEELi0EEERKNS1_IT_T0_EE
FNA:4,7,_ZNSt3__16chrono8durationIxNS_5ratioILl1ELl1000000000EEEEC2B8ne200100IxNS2_ILl1ELl1000EEELi0EEERKNS1_IT_T0_EE
FNL:5,223,223
FNA:5,10500,_ZNKSt3__16chrono8durationIdNS_5ratioILl1ELl1000EEEE5countB8ne200100Ev
FNA:5,118330,_ZNKSt3__16chrono8durationIdNS_5ratioILl1ELl1EEEE5countB8ne200100Ev
FNA:5,2000,_ZNKSt3__16chrono8durationIeNS_5ratioILl1ELl1000000EEEE5countB8ne200100Ev
FNA:5,28,_ZNKSt3__16chrono8durationIeNS_5ratioILl1ELl1000EEEE5countB8ne200100Ev
FNA:5,507,_ZNKSt3__16chrono8durationIeNS_5ratioILl1ELl1EEEE5countB8ne200100Ev
FNA:5,194796,_ZNKSt3__16chrono8durationIxNS_5ratioILl1ELl1000000000EEEE5countB8ne200100Ev
FNA:5,2510,_ZNKSt3__16chrono8durationIxNS_5ratioILl1ELl1000000EEEE5countB8ne200100Ev
FNA:5,35,_ZNKSt3__16chrono8durationIxNS_5ratioILl1ELl1000EEEE5countB8ne200100Ev
FNL:6,233,235
FNA:6,0,_ZNSt3__16chrono8durationIxNS_5ratioILl1ELl1000000000EEEEppB8ne200100Ev
FNL:7,272,273
FNA:7,90,_ZNSt3__16chrono8durationIxNS_5ratioILl1ELl1000000000EEEE4zeroB8ne200100Ev
FNA:7,500,_ZNSt3__16chrono8durationIxNS_5ratioILl1ELl1000000EEEE4zeroB8ne200100Ev
FNA:7,7,_ZNSt3__16chrono8durationIxNS_5ratioILl1ELl1000EEEE4zeroB8ne200100Ev
FNL:8,278,279
FNA:8,0,_ZNSt3__16chrono8durationIxNS_5ratioILl1ELl1000000000EEEE3maxB8ne200100Ev
FNL:9,334,336
FNA:9,500,_ZNKSt3__16chrono13__duration_ltINS0_8durationIxNS_5ratioILl1ELl1000000000EEEEENS2_IxNS3_ILl1ELl1000000EEEEEEclB8ne200100ERKS5_RKS7_
FNA:9,7,_ZNKSt3__16chrono13__duration_ltINS0_8durationIxNS_5ratioILl1ELl1000000000EEEEENS2_IxNS3_ILl1ELl1000EEEEEEclB8ne200100ERKS5_RKS7_
FNA:9,500,_ZNKSt3__16chrono13__duration_ltINS0_8durationIxNS_5ratioILl1ELl1000000EEEEENS2_IeNS3_ILl1ELl1EEEEEEclB8ne200100ERKS5_RKS7_
FNA:9,7,_ZNKSt3__16chrono13__duration_ltINS0_8durationIxNS_5ratioILl1ELl1000EEEEENS2_IeNS3_ILl1ELl1EEEEEEclB8ne200100ERKS5_RKS7_
FNL:10,342,343
FNA:10,500,_ZNKSt3__16chrono13__duration_ltINS0_8durationIxNS_5ratioILl1ELl1000000EEEEES5_EclB8ne200100ERKS5_S8_
FNA:10,7,_ZNKSt3__16chrono13__duration_ltINS0_8durationIxNS_5ratioILl1ELl1000EEEEES5_EclB8ne200100ERKS5_S8_
FNL:11,349,350
FNA:11,500,_ZNSt3__16chronoltB8ne200100IxNS_5ratioILl1ELl1000000000EEExNS2_ILl1ELl1000000EEEEEbRKNS0_8durationIT_T0_EERKNS5_IT1_T2_EE
FNA:11,7,_ZNSt3__16chronoltB8ne200100IxNS_5ratioILl1ELl1000000000EEExNS2_ILl1ELl1000EEEEEbRKNS0_8durationIT_T0_EERKNS5_IT1_T2_EE
FNA:11,500,_ZNSt3__16chronoltB8ne200100IxNS_5ratioILl1ELl1000000EEEeNS2_ILl1ELl1EEEEEbRKNS0_8durationIT_T0_EERKNS5_IT1_T2_EE
FNA:11,500,_ZNSt3__16chronoltB8ne200100IxNS_5ratioILl1ELl1000000EEExS3_EEbRKNS0_8durationIT_T0_EERKNS4_IT1_T2_EE
FNA:11,7,_ZNSt3__16chronoltB8ne200100IxNS_5ratioILl1ELl1000EEEeNS2_ILl1ELl1EEEEEbRKNS0_8durationIT_T0_EERKNS5_IT1_T2_EE
FNA:11,7,_ZNSt3__16chronoltB8ne200100IxNS_5ratioILl1ELl1000EEExS3_EEbRKNS0_8durationIT_T0_EERKNS4_IT1_T2_EE
FNL:12,357,358
FNA:12,500,_ZNSt3__16chronogtB8ne200100IxNS_5ratioILl1ELl1000000EEExS3_EEbRKNS0_8durationIT_T0_EERKNS4_IT1_T2_EE
FNA:12,7,_ZNSt3__16chronogtB8ne200100IxNS_5ratioILl1ELl1000EEExS3_EEbRKNS0_8durationIT_T0_EERKNS4_IT1_T2_EE
FNL:13,404,406
FNA:13,64425,_ZNSt3__16chronomiB8ne200100IxNS_5ratioILl1ELl1000000000EEExS3_EENS_11common_typeIJNS0_8durationIT_T0_EENS5_IT1_T2_EEEE4typeERKS8_RKSB_
FNL:14,72,73
FNA:14,500,_ZNKSt3__16chrono15__duration_castINS0_8durationIxNS_5ratioILl1ELl1000000EEEEENS2_IeS4_EENS3_ILl1ELl1EEELb1ELb1EEclB8ne200100ERKS5_
FNA:14,7,_ZNKSt3__16chrono15__duration_castINS0_8durationIxNS_5ratioILl1ELl1000EEEEENS2_IeS4_EENS3_ILl1ELl1EEELb1ELb1EEclB8ne200100ERKS5_
FNL:15,79,82
FNA:15,5250,_ZNKSt3__16chrono15__duration_castINS0_8durationIxNS_5ratioILl1ELl1000000000EEEEENS2_IdNS3_ILl1ELl1000EEEEENS3_ILl1ELl1000000EEELb1ELb0EEclB8ne200100ERKS5_
FNA:15,59165,_ZNKSt3__16chrono15__duration_castINS0_8durationIxNS_5ratioILl1ELl1000000000EEEEENS2_IdNS3_ILl1ELl1EEEEES4_Lb1ELb0EEclB8ne200100ERKS5_
FNA:15,10,_ZNKSt3__16chrono15__duration_castINS0_8durationIxNS_5ratioILl1ELl1000000000EEEEENS2_IxNS3_ILl1ELl1000000EEEEENS3_ILl1ELl1000EEELb1ELb0EEclB8ne200100ERKS5_
FNL:16,88,91
FNA:16,500,_ZNKSt3__16chrono15__duration_castINS0_8durationIeNS_5ratioILl1ELl1EEEEENS2_IeNS3_ILl1ELl1000000EEEEENS3_ILl1000000ELl1EEELb0ELb1EEclB8ne200100ERKS5_
FNA:16,7,_ZNKSt3__16chrono15__duration_castINS0_8durationIeNS_5ratioILl1ELl1EEEEENS2_IeNS3_ILl1ELl1000EEEEENS3_ILl1000ELl1EEELb0ELb1EEclB8ne200100ERKS5_
FNA:16,1000,_ZNKSt3__16chrono15__duration_castINS0_8durationIxNS_5ratioILl1ELl1000000EEEEENS2_IxNS3_ILl1ELl1000000000EEEEENS3_ILl1000ELl1EEELb0ELb1EEclB8ne200100ERKS5_
FNA:16,14,_ZNKSt3__16chrono15__duration_castINS0_8durationIxNS_5ratioILl1ELl1000EEEEENS2_IxNS3_ILl1ELl1000000000EEEEENS3_ILl1000000ELl1EEELb0ELb1EEclB8ne200100ERKS5_
FNF:17
FNH:14
DA:72,507
DA:73,507
DA:79,64425
DA:81,64425
DA:82,64425
DA:88,1521
DA:90,1521
DA:91,1521
DA:105,66453
DA:106,66453
DA:120,597
DA:121,0
DA:209,263964
DA:218,131872
DA:219,131872
DA:223,328706
DA:233,0
DA:234,0
DA:235,0
DA:272,597
DA:273,597
DA:278,0
DA:279,0
DA:334,1014
DA:336,1014
DA:342,507
DA:343,507
DA:349,1521
DA:350,1521
DA:357,507
DA:358,507
DA:404,64425
DA:406,64425
LF:33
LH:27
end_of_record
TN:
SF:/Library/Developer/CommandLineTools/SDKs/MacOSX.sdk/usr/include/c++/v1/__chrono/time_point.h
FNL:0,209,210
FNA:0,64425,_ZNSt3__16chronomiB8ne200100INS0_12steady_clockENS0_8durationIxNS_5ratioILl1ELl1000000000EEEEES6_EENS_11common_typeIJT0_T1_EE4typeERKNS0_10time_pointIT_S8_EERKNSC_ISD_S9_EE
FNL:1,47,47
FNA:1,90,_ZNSt3__16chrono10time_pointINS0_12steady_clockENS0_8durationIxNS_5ratioILl1ELl1000000000EEEEEEC1B8ne200100Ev
FNA:1,90,_ZNSt3__16chrono10time_pointINS0_12steady_clockENS0_8durationIxNS_5ratioILl1ELl1000000000EEEEEEC2B8ne200100Ev
FNL:2,57,57
FNA:2,128850,_ZNKSt3__16chrono10time_pointINS0_12steady_clockENS0_8durationIxNS_5ratioILl1ELl1000000000EEEEEE16time_since_epochB8ne200100Ev
FNF:3
FNH:3
DA:47,180
DA:57,128850
DA:209,64425
DA:210,64425
LF:4
LH:4
end_of_record
TN:
SF:/Library/Developer/CommandLineTools/SDKs/MacOSX.sdk/usr/include/c++/v1/__debug_utils/sanitizers.h
FNL:0,53,77
FNA:0,12,_ZNSt3__144__annotate_double_ended_contiguous_containerB8ne200100INS_9allocatorIN2cv3MatEEEEEvPKvS6_S6_S6_S6_S6_
FNF:1
FNH:1
DA:53,12
DA:77,12
LF:2
LH:2
end_of_record
TN:
SF:/Library/Developer/CommandLineTools/SDKs/MacOSX.sdk/usr/include/c++/v1/__functional/identity.h
FNL:0,29,30
FNA:0,10340,_ZNKSt3__110__identityclB8ne200100IRKdEEOT_S5_
FNF:1
FNH:1
DA:29,10340
DA:30,10340
LF:2
LH:2
end_of_record
TN:
SF:/Library/Developer/CommandLineTools/SDKs/MacOSX.sdk/usr/include/c++/v1/__iterator/advance.h
FNL:0,57,59
FNA:0,5,_ZNSt3__19__advanceB8ne200100INS_11__wrap_iterIPN2cv3MatEEEEEvRT_NS_15iterator_traitsIS6_E15difference_typeENS_26random_access_iterator_tagE
FNA:0,0,_ZNSt3__19__advanceB8ne200100IPN2cv6Point_IfEEEEvRT_NS_15iterator_traitsIS5_E15difference_typeENS_26random_access_iterator_tagE
FNL:1,65,72
FNA:1,5,_ZNSt3__17advanceB8ne200100INS_11__wrap_iterIPN2cv3MatEEEllLi0EEEvRT_T0_
FNA:1,0,_ZNSt3__17advanceB8ne200100IPN2cv6Point_IfEEllLi0EEEvRT_T0_
FNF:2
FNH:2
DA:57,5
DA:58,5
DA:59,5
DA:65,5
DA:67,5
DA:71,5
DA:72,5
LF:7
LH:7
end_of_record
TN:
SF:/Library/Developer/CommandLineTools/SDKs/MacOSX.sdk/usr/include/c++/v1/__iterator/distance.h
FNL:0,40,41
FNA:0,20,_ZNSt3__110__distanceB8ne200100INS_11__wrap_iterIPN2cv3MatEEEEENS_15iterator_traitsIT_E15difference_typeES7_S7_NS_26random_access_iterator_tagE
FNA:0,0,_ZNSt3__110__distanceB8ne200100INS_11__wrap_iterIPdEEEENS_15iterator_traitsIT_E15difference_typeES5_S5_NS_26random_access_iterator_tagE
FNA:0,0,_ZNSt3__110__distanceB8ne200100INS_13move_iteratorIPPN2cv3MatEEEEENS_15iterator_traitsIT_E15difference_typeES8_S8_NS_26random_access_iterator_tagE
FNA:0,12,_ZNSt3__110__distanceB8ne200100INS_16__deque_iteratorIN2cv3MatEPKS3_RS4_PKS5_lLl42EEEEENS_15iterator_traitsIT_E15difference_typeESB_SB_NS_26random_access_iterator_tagE
FNA:0,0,_ZNSt3__110__distanceB8ne200100IPN2cv6Point_IfEEEENS_15iterator_traitsIT_E15difference_typeES6_S6_NS_26random_access_iterator_tagE
FNL:1,46,47
FNA:1,20,_ZNSt3__18distanceB8ne200100INS_11__wrap_iterIPN2cv3MatEEEEENS_15iterator_traitsIT_E15difference_typeES7_S7_
FNA:1,0,_ZNSt3__18distanceB8ne200100INS_11__wrap_iterIPdEEEENS_15iterator_traitsIT_E15difference_typeES5_S5_
FNA:1,0,_ZNSt3__18distanceB8ne200100INS_13move_iteratorIPPN2cv3MatEEEEENS_15iterator_traitsIT_E15difference_typeES8_S8_
FNA:1,12,_ZNSt3__18distanceB8ne200100INS_16__deque_iteratorIN2cv3MatEPKS3_RS4_PKS5_lLl42EEEEENS_15iterator_traitsIT_E15difference_typeESB_SB_
FNA:1,0,_ZNSt3__18distanceB8ne200100IPN2cv6Point_IfEEEENS_15iterator_traitsIT_E15difference_typeES6_S6_
FNF:2
FNH:2
DA:40,32
DA:41,32
DA:46,32
DA:47,32
LF:4
LH:4
end_of_record
TN:
SF:/Library/Developer/CommandLineTools/SDKs/MacOSX.sdk/usr/include/c++/v1/__iterator/move_iterator.h
FNL:0,112,112
FNA:0,0,_ZNSt3__113move_iteratorIPPN2cv3MatEEC1B8ne200100ES4_
FNA:0,0,_ZNSt3__113move_iteratorIPPN2cv3MatEEC2B8ne200100ES4_
FNL:1,114,116
FNA:1,0,_ZNSt3__113move_iteratorIPPN2cv3MatEEppB8ne200100Ev
FNL:2,172,172
FNA:2,0,_ZNKSt3__113move_iteratorIPPN2cv3MatEE4baseB8ne200100Ev
FNL:3,174,175
FNA:3,0,_ZNKSt3__113move_iteratorIPPN2cv3MatEEdeB8ne200100Ev
FNL:4,303,304
FNA:4,0,_ZNSt3__1miB8ne200100IPPN2cv3MatES4_EEDTmicldtfp_4baseEcldtfp0_4baseEERKNS_13move_iteratorIT_EERKNS6_IT0_EE
FNF:5
FNH:0
DA:112,0
DA:114,0
DA:115,0
DA:116,0
DA:172,0
DA:174,0
DA:175,0
DA:303,0
DA:304,0
LF:9
LH:0
end_of_record
TN:
SF:/Library/Developer/CommandLineTools/SDKs/MacOSX.sdk/usr/include/c++/v1/__iterator/next.h
FNL:0,29,36
FNA:0,5,_ZNSt3__14nextB8ne200100INS_11__wrap_iterIPN2cv3MatEEELi0EEET_S6_NS_15iterator_traitsIS6_E15difference_typeE
FNA:0,0,_ZNSt3__14nextB8ne200100IPN2cv6Point_IfEELi0EEET_S5_NS_15iterator_traitsIS5_E15difference_typeE
FNF:1
FNH:1
DA:29,5
DA:35,5
DA:36,5
LF:3
LH:3
end_of_record
TN:
SF:/Library/Developer/CommandLineTools/SDKs/MacOSX.sdk/usr/include/c++/v1/__iterator/ostreambuf_iterator.h
FNL:0,56,56
FNA:0,72772,_ZNSt3__119ostreambuf_iteratorIcNS_11char_traitsIcEEEC1B8ne200100ERNS_13basic_ostreamIcS2_EE
FNA:0,72772,_ZNSt3__119ostreambuf_iteratorIcNS_11char_traitsIcEEEC2B8ne200100ERNS_13basic_ostreamIcS2_EE
FNL:1,66,66
FNA:1,72772,_ZNKSt3__119ostreambuf_iteratorIcNS_11char_traitsIcEEE6failedB8ne200100Ev
FNF:2
FNH:2
DA:56,145544
DA:66,72772
LF:2
LH:2
end_of_record
TN:
SF:/Library/Developer/CommandLineTools/SDKs/MacOSX.sdk/usr/include/c++/v1/__iterator/reverse_iterator.h
FNL:0,129,129
FNA:0,0,_ZNKSt3__116reverse_iteratorIPN14StabilizerCore16StabilizerParamsEE4baseB8ne200100Ev
FNA:0,0,_ZNKSt3__116reverse_iteratorIPN2cv3MatEE4baseB8ne200100Ev
FNA:0,0,_ZNKSt3__116reverse_iteratorIPNS_12basic_stringIcNS_11char_traitsIcEENS_9allocatorIcEEEEE4baseB8ne200100Ev
FNA:0,0,_ZNKSt3__116reverse_iteratorIPNS_4pairIiiEEE4baseB8ne200100Ev
FNA:0,0,_ZNKSt3__116reverse_iteratorIPNS_6vectorIN2cv3MatENS_9allocatorIS3_EEEEE4baseB8ne200100Ev
FNA:0,0,_ZNKSt3__116reverse_iteratorIPP14StabilizerCoreE4baseB8ne200100Ev
FNA:0,0,_ZNKSt3__116reverse_iteratorIPiE4baseB8ne200100Ev
FNL:1,130,133
FNA:1,0,_ZNKSt3__116reverse_iteratorIPN14StabilizerCore16StabilizerParamsEEdeB8ne200100Ev
FNA:1,0,_ZNKSt3__116reverse_iteratorIPN2cv3MatEEdeB8ne200100Ev
FNA:1,0,_ZNKSt3__116reverse_iteratorIPNS_12basic_stringIcNS_11char_traitsIcEENS_9allocatorIcEEEEEdeB8ne200100Ev
FNA:1,0,_ZNKSt3__116reverse_iteratorIPNS_4pairIiiEEEdeB8ne200100Ev
FNA:1,0,_ZNKSt3__116reverse_iteratorIPNS_6vectorIN2cv3MatENS_9allocatorIS3_EEEEEdeB8ne200100Ev
FNA:1,0,_ZNKSt3__116reverse_iteratorIPP14StabilizerCoreEdeB8ne200100Ev
FNA:1,0,_ZNKSt3__116reverse_iteratorIPiEdeB8ne200100Ev
FNL:2,148,148
FNA:2,0,_ZNKSt3__116reverse_iteratorIPN14StabilizerCore16StabilizerParamsEEptB8ne200100Ev
FNA:2,0,_ZNKSt3__116reverse_iteratorIPN2cv3MatEEptB8ne200100Ev
FNA:2,0,_ZNKSt3__116reverse_iteratorIPNS_12basic_stringIcNS_11char_traitsIcEENS_9allocatorIcEEEEEptB8ne200100Ev
FNA:2,0,_ZNKSt3__116reverse_iteratorIPNS_4pairIiiEEEptB8ne200100Ev
FNA:2,0,_ZNKSt3__116reverse_iteratorIPNS_6vectorIN2cv3MatENS_9allocatorIS3_EEEEEptB8ne200100Ev
FNA:2,0,_ZNKSt3__116reverse_iteratorIPP14StabilizerCoreEptB8ne200100Ev
FNA:2,0,_ZNKSt3__116reverse_iteratorIPiEptB8ne200100Ev
FNL:3,151,153
FNA:3,0,_ZNSt3__116reverse_iteratorIPN14StabilizerCore16StabilizerParamsEEppB8ne200100Ev
FNA:3,0,_ZNSt3__116reverse_iteratorIPN2cv3MatEEppB8ne200100Ev
FNA:3,0,_ZNSt3__116reverse_iteratorIPNS_12basic_stringIcNS_11char_traitsIcEENS_9allocatorIcEEEEEppB8ne200100Ev
FNA:3,0,_ZNSt3__116reverse_iteratorIPNS_4pairIiiEEEppB8ne200100Ev
FNA:3,0,_ZNSt3__116reverse_iteratorIPNS_6vectorIN2cv3MatENS_9allocatorIS3_EEEEEppB8ne200100Ev
FNA:3,0,_ZNSt3__116reverse_iteratorIPP14StabilizerCoreEppB8ne200100Ev
FNA:3,0,_ZNSt3__116reverse_iteratorIPiEppB8ne200100Ev
FNL:4,232,239
FNA:4,0,_ZNSt3__1neB8ne200100IPN14StabilizerCore16StabilizerParamsES3_EEbRKNS_16reverse_iteratorIT_EERKNS4_IT0_EE
FNA:4,0,_ZNSt3__1neB8ne200100IPN2cv3MatES3_EEbRKNS_16reverse_iteratorIT_EERKNS4_IT0_EE
FNA:4,0,_ZNSt3__1neB8ne200100IPNS_12basic_stringIcNS_11char_traitsIcEENS_9allocatorIcEEEES7_EEbRKNS_16reverse_iteratorIT_EERKNS8_IT0_EE
FNA:4,0,_ZNSt3__1neB8ne200100IPNS_4pairIiiEES3_EEbRKNS_16reverse_iteratorIT_EERKNS4_IT0_EE
FNA:4,0,_ZNSt3__1neB8ne200100IPNS_6vectorIN2cv3MatENS_9allocatorIS3_EEEES7_EEbRKNS_16reverse_iteratorIT_EERKNS8_IT0_EE
FNA:4,0,_ZNSt3__1neB8ne200100IPP14StabilizerCoreS3_EEbRKNS_16reverse_iteratorIT_EERKNS4_IT0_EE
FNA:4,0,_ZNSt3__1neB8ne200100IPiS1_EEbRKNS_16reverse_iteratorIT_EERKNS2_IT0_EE
FNL:5,97,97
FNA:5,0,_ZNSt3__116reverse_iteratorIPN14StabilizerCore16StabilizerParamsEEC1B8ne200100ES3_
FNA:5,0,_ZNSt3__116reverse_iteratorIPN14StabilizerCore16StabilizerParamsEEC2B8ne200100ES3_
FNA:5,0,_ZNSt3__116reverse_iteratorIPN2cv3MatEEC1B8ne200100ES3_
FNA:5,0,_ZNSt3__116reverse_iteratorIPN2cv3MatEEC2B8ne200100ES3_
FNA:5,0,_ZNSt3__116reverse_iteratorIPNS_12basic_stringIcNS_11char_traitsIcEENS_9allocatorIcEEEEEC1B8ne200100ES7_
FNA:5,0,_ZNSt3__116reverse_iteratorIPNS_12basic_stringIcNS_11char_traitsIcEENS_9allocatorIcEEEEEC2B8ne200100ES7_
FNA:5,0,_ZNSt3__116reverse_iteratorIPNS_4pairIiiEEEC1B8ne200100ES3_
FNA:5,0,_ZNSt3__116reverse_iteratorIPNS_4pairIiiEEEC2B8ne200100ES3_
FNA:5,0,_ZNSt3__116reverse_iteratorIPNS_6vectorIN2cv3MatENS_9allocatorIS3_EEEEEC1B8ne200100ES7_
FNA:5,0,_ZNSt3__116reverse_iteratorIPNS_6vectorIN2cv3MatENS_9allocatorIS3_EEEEEC2B8ne200100ES7_
FNA:5,0,_ZNSt3__116reverse_iteratorIPP14StabilizerCoreEC1B8ne200100ES3_
FNA:5,0,_ZNSt3__116reverse_iteratorIPP14StabilizerCoreEC2B8ne200100ES3_
FNA:5,0,_ZNSt3__116reverse_iteratorIPiEC1B8ne200100ES1_
FNA:5,0,_ZNSt3__116reverse_iteratorIPiEC2B8ne200100ES1_
FNF:6
FNH:0
DA:97,0
DA:129,0
DA:130,0
DA:131,0
DA:132,0
DA:133,0
DA:148,0
DA:151,0
DA:152,0
DA:153,0
DA:232,0
DA:239,0
LF:12
LH:0
end_of_record
TN:
SF:/Library/Developer/CommandLineTools/SDKs/MacOSX.sdk/usr/include/c++/v1/__iterator/wrap_iter.h
FNL:0,103,103
FNA:0,28170,_ZNKSt3__111__wrap_iterIPKN2cv3MatEE4baseB8ne200100Ev
FNA:0,42640,_ZNKSt3__111__wrap_iterIPKdE4baseB8ne200100Ev
FNA:0,50,_ZNKSt3__111__wrap_iterIPN14StabilizerCore16StabilizerParamsEE4baseB8ne200100Ev
FNA:0,99214,_ZNKSt3__111__wrap_iterIPN2cv3MatEE4baseB8ne200100Ev
FNA:0,924,_ZNKSt3__111__wrap_iterIPNS_10unique_ptrI14StabilizerCoreNS_14default_deleteIS2_EEEEE4baseB8ne200100Ev
FNA:0,60,_ZNKSt3__111__wrap_iterIPNS_12basic_stringIcNS_11char_traitsIcEENS_9allocatorIcEEEEE4baseB8ne200100Ev
FNA:0,50,_ZNKSt3__111__wrap_iterIPNS_4pairIiiEEE4baseB8ne200100Ev
FNA:0,0,_ZNKSt3__111__wrap_iterIPdE4baseB8ne200100Ev
FNA:0,80,_ZNKSt3__111__wrap_iterIPiE4baseB8ne200100Ev
FNL:1,106,106
FNA:1,550,_ZNSt3__111__wrap_iterIPKN2cv3MatEEC1B8ne200100ES4_
FNA:1,550,_ZNSt3__111__wrap_iterIPKN2cv3MatEEC2B8ne200100ES4_
FNA:1,640,_ZNSt3__111__wrap_iterIPKdEC1B8ne200100ES2_
FNA:1,640,_ZNSt3__111__wrap_iterIPKdEC2B8ne200100ES2_
FNA:1,10,_ZNSt3__111__wrap_iterIPN14StabilizerCore16StabilizerParamsEEC1B8ne200100ES3_
FNA:1,10,_ZNSt3__111__wrap_iterIPN14StabilizerCore16StabilizerParamsEEC2B8ne200100ES3_
FNA:1,2094,_ZNSt3__111__wrap_iterIPN2cv3MatEEC1B8ne200100ES3_
FNA:1,2094,_ZNSt3__111__wrap_iterIPN2cv3MatEEC2B8ne200100ES3_
FNA:1,144,_ZNSt3__111__wrap_iterIPNS_10unique_ptrI14StabilizerCoreNS_14default_deleteIS2_EEEEEC1B8ne200100ES6_
FNA:1,144,_ZNSt3__111__wrap_iterIPNS_10unique_ptrI14StabilizerCoreNS_14default_deleteIS2_EEEEEC2B8ne200100ES6_
FNA:1,10,_ZNSt3__111__wrap_iterIPNS_12basic_stringIcNS_11char_traitsIcEENS_9allocatorIcEEEEEC1B8ne200100ES7_
FNA:1,10,_ZNSt3__111__wrap_iterIPNS_12basic_stringIcNS_11char_traitsIcEENS_9allocatorIcEEEEEC2B8ne200100ES7_
FNA:1,10,_ZNSt3__111__wrap_iterIPNS_4pairIiiEEEC1B8ne200100ES3_
FNA:1,10,_ZNSt3__111__wrap_iterIPNS_4pairIiiEEEC2B8ne200100ES3_
FNA:1,0,_ZNSt3__111__wrap_iterIPdEC1B8ne200100ES1_
FNA:1,0,_ZNSt3__111__wrap_iterIPdEC2B8ne200100ES1_
FNA:1,20,_ZNSt3__111__wrap_iterIPiEC1B8ne200100ES1_
FNA:1,20,_ZNSt3__111__wrap_iterIPiEC2B8ne200100ES1_
FNL:2,124,125
FNA:2,14075,_ZNSt3__1eqB8ne200100IPKN2cv3MatEEEbRKNS_11__wrap_iterIT_EES9_
FNA:2,21320,_ZNSt3__1eqB8ne200100IPKdEEbRKNS_11__wrap_iterIT_EES7_
FNA:2,25,_ZNSt3__1eqB8ne200100IPN14StabilizerCore16StabilizerParamsEEEbRKNS_11__wrap_iterIT_EES8_
FNA:2,49572,_ZNSt3__1eqB8ne200100IPN2cv3MatEEEbRKNS_11__wrap_iterIT_EES8_
FNA:2,462,_ZNSt3__1eqB8ne200100IPNS_10unique_ptrI14StabilizerCoreNS_14default_deleteIS2_EEEEEEbRKNS_11__wrap_iterIT_EESB_
FNA:2,30,_ZNSt3__1eqB8ne200100IPNS_12basic_stringIcNS_11char_traitsIcEENS_9allocatorIcEEEEEEbRKNS_11__wrap_iterIT_EESC_
FNA:2,25,_ZNSt3__1eqB8ne200100IPNS_4pairIiiEEEEbRKNS_11__wrap_iterIT_EES8_
FNA:2,40,_ZNSt3__1eqB8ne200100IPiEEbRKNS_11__wrap_iterIT_EES6_
FNL:3,149,150
FNA:3,14075,_ZNSt3__1neB8ne200100IPKN2cv3MatEEEbRKNS_11__wrap_iterIT_EES9_
FNA:3,21240,_ZNSt3__1neB8ne200100IPKdEEbRKNS_11__wrap_iterIT_EES7_
FNA:3,25,_ZNSt3__1neB8ne200100IPN14StabilizerCore16StabilizerParamsEEEbRKNS_11__wrap_iterIT_EES8_
FNA:3,49572,_ZNSt3__1neB8ne200100IPN2cv3MatEEEbRKNS_11__wrap_iterIT_EES8_
FNA:3,462,_ZNSt3__1neB8ne200100IPNS_10unique_ptrI14StabilizerCoreNS_14default_deleteIS2_EEEEEEbRKNS_11__wrap_iterIT_EESB_
FNA:3,30,_ZNSt3__1neB8ne200100IPNS_12basic_stringIcNS_11char_traitsIcEENS_9allocatorIcEEEEEEbRKNS_11__wrap_iterIT_EESC_
FNA:3,25,_ZNSt3__1neB8ne200100IPNS_4pairIiiEEEEbRKNS_11__wrap_iterIT_EES8_
FNA:3,40,_ZNSt3__1neB8ne200100IPiEEbRKNS_11__wrap_iterIT_EES6_
FNL:4,216,223
FNA:4,20,_ZNSt3__1miB8ne200100IPKN2cv3MatEPS2_EEDTmicldtfp_4baseEcldtfp0_4baseEERKNS_11__wrap_iterIT_EERKNS7_IT0_EE
FNA:4,20,_ZNSt3__1miB8ne200100IPN2cv3MatES3_EEDTmicldtfp_4baseEcldtfp0_4baseEERKNS_11__wrap_iterIT_EERKNS5_IT0_EE
FNA:4,0,_ZNSt3__1miB8ne200100IPdS1_EEDTmicldtfp_4baseEcldtfp0_4baseEERKNS_11__wrap_iterIT_EERKNS3_IT0_EE
FNL:5,244,245
FNA:5,10,_ZNSt3__114pointer_traitsINS_11__wrap_iterIPN2cv3MatEEEE10to_addressB8ne200100ES5_
FNA:5,0,_ZNSt3__114pointer_traitsINS_11__wrap_iterIPdEEE10to_addressB8ne200100ES3_
FNL:6,58,59
FNA:6,20,_ZNSt3__111__wrap_iterIPKN2cv3MatEEC1B8ne200100IPS2_Li0EEERKNS0_IT_EE
FNA:6,20,_ZNSt3__111__wrap_iterIPKN2cv3MatEEC2B8ne200100IPS2_Li0EEERKNS0_IT_EE
FNL:7,60,60
FNA:7,13800,_ZNKSt3__111__wrap_iterIPKN2cv3MatEEdeB8ne200100Ev
FNA:7,31340,_ZNKSt3__111__wrap_iterIPKdEdeB8ne200100Ev
FNA:7,20,_ZNKSt3__111__wrap_iterIPN14StabilizerCore16StabilizerParamsEEdeB8ne200100Ev
FNA:7,48725,_ZNKSt3__111__wrap_iterIPN2cv3MatEEdeB8ne200100Ev
FNA:7,390,_ZNKSt3__111__wrap_iterIPNS_10unique_ptrI14StabilizerCoreNS_14default_deleteIS2_EEEEEdeB8ne200100Ev
FNA:7,25,_ZNKSt3__111__wrap_iterIPNS_12basic_stringIcNS_11char_traitsIcEENS_9allocatorIcEEEEEdeB8ne200100Ev
FNA:7,20,_ZNKSt3__111__wrap_iterIPNS_4pairIiiEEEdeB8ne200100Ev
FNA:7,30,_ZNKSt3__111__wrap_iterIPiEdeB8ne200100Ev
FNL:8,64,66
FNA:8,13800,_ZNSt3__111__wrap_iterIPKN2cv3MatEEppB8ne200100Ev
FNA:8,21000,_ZNSt3__111__wrap_iterIPKdEppB8ne200100Ev
FNA:8,20,_ZNSt3__111__wrap_iterIPN14StabilizerCore16StabilizerParamsEEppB8ne200100Ev
FNA:8,48725,_ZNSt3__111__wrap_iterIPN2cv3MatEEppB8ne200100Ev
FNA:8,390,_ZNSt3__111__wrap_iterIPNS_10unique_ptrI14StabilizerCoreNS_14default_deleteIS2_EEEEEppB8ne200100Ev
FNA:8,25,_ZNSt3__111__wrap_iterIPNS_12basic_stringIcNS_11char_traitsIcEENS_9allocatorIcEEEEEppB8ne200100Ev
FNA:8,20,_ZNSt3__111__wrap_iterIPNS_4pairIiiEEEppB8ne200100Ev
FNA:8,30,_ZNSt3__111__wrap_iterIPiEppB8ne200100Ev
FNL:9,83,86
FNA:9,0,_ZNKSt3__111__wrap_iterIPN2cv3MatEEplB8ne200100El
FNA:9,0,_ZNKSt3__111__wrap_iterIPdEplB8ne200100El
FNL:10,88,90
FNA:10,5,_ZNSt3__111__wrap_iterIPN2cv3MatEEpLB8ne200100El
FNA:10,0,_ZNSt3__111__wrap_iterIPdEpLB8ne200100El
FNF:11
FNH:10
DA:58,40
DA:59,40
DA:60,94350
DA:64,84010
DA:65,84010
DA:66,84010
DA:83,0
DA:84,0
DA:85,0
DA:86,0
DA:88,5
DA:89,5
DA:90,5
DA:103,171188
DA:106,6956
DA:124,85549
DA:125,85549
DA:149,85469
DA:150,85469
DA:216,40
DA:223,40
DA:244,10
DA:245,10
LF:23
LH:19
end_of_record
TN:
SF:/Library/Developer/CommandLineTools/SDKs/MacOSX.sdk/usr/include/c++/v1/__locale
FNL:0,171
FNA:0,72786,_ZNSt3__19use_facetB8ne200100INS_5ctypeIcEEEERKT_RKNS_6localeE
FNL:1,571
FNA:1,72786,_ZNKSt3__15ctypeIcE5widenB8ne200100Ec
FNF:2
FNH:2
DA:171,72786
DA:172,72786
DA:571,72786
LF:3
LH:3
end_of_record
TN:
SF:/Library/Developer/CommandLineTools/SDKs/MacOSX.sdk/usr/include/c++/v1/__locale_dir/pad_and_output.h
FNL:0,44,82
FNA:0,72772,_ZNSt3__116__pad_and_outputB8ne200100IcNS_11char_traitsIcEEEENS_19ostreambuf_iteratorIT_T0_EES6_PKS4_S8_S8_RNS_8ios_baseES4_
FNF:1
FNH:1
DA:44,72772
DA:51,72772
DA:52,0
DA:53,72772
DA:54,72772
DA:55,72772
DA:56,0
DA:58,72772
DA:59,72772
DA:60,72772
DA:61,0
DA:62,0
DA:63,0
DA:65,0
DA:66,72772
DA:67,0
DA:68,0
DA:69,0
DA:70,0
DA:72,0
DA:73,72772
DA:74,72772
DA:75,72772
DA:76,0
DA:77,0
DA:79,72772
DA:80,72772
DA:81,72772
DA:82,72772
LF:29
LH:16
end_of_record
TN:
SF:/Library/Developer/CommandLineTools/SDKs/MacOSX.sdk/usr/include/c++/v1/__memory/allocate_at_least.h
FNL:0,40,41
FNA:0,5,_ZNSt3__119__allocate_at_leastB8ne200100INS_9allocatorIN14StabilizerCore16StabilizerParamsEEEEENS_19__allocation_resultINS_16allocator_traitsIT_E7pointerEEERS7_m
FNA:0,7281,_ZNSt3__119__allocate_at_leastB8ne200100INS_9allocatorIN2cv3MatEEEEENS_19__allocation_resultINS_16allocator_traitsIT_E7pointerEEERS7_m
FNA:0,58400,_ZNSt3__119__allocate_at_leastB8ne200100INS_9allocatorIN2cv6Point_IfEEEEEENS_19__allocation_resultINS_16allocator_traitsIT_E7pointerEEERS8_m
FNA:0,165,_ZNSt3__119__allocate_at_leastB8ne200100INS_9allocatorINS_10unique_ptrI14StabilizerCoreNS_14default_deleteIS3_EEEEEEEENS_19__allocation_resultINS_16allocator_traitsIT_E7pointerEEERSA_m
FNA:0,55,_ZNSt3__119__allocate_at_leastB8ne200100INS_9allocatorINS_12basic_stringIcNS_11char_traitsIcEENS1_IcEEEEEEEENS_19__allocation_resultINS_16allocator_traitsIT_E7pointerEEERSA_m
FNA:0,5,_ZNSt3__119__allocate_at_leastB8ne200100INS_9allocatorINS_4pairIiiEEEEEENS_19__allocation_resultINS_16allocator_traitsIT_E7pointerEEERS7_m
FNA:0,115,_ZNSt3__119__allocate_at_leastB8ne200100INS_9allocatorINS_6vectorIN2cv3MatENS1_IS4_EEEEEEEENS_19__allocation_resultINS_16allocator_traitsIT_E7pointerEEERSA_m
FNA:0,115,_ZNSt3__119__allocate_at_leastB8ne200100INS_9allocatorIP14StabilizerCoreEEEENS_19__allocation_resultINS_16allocator_traitsIT_E7pointerEEERS7_m
FNA:0,553,_ZNSt3__119__allocate_at_leastB8ne200100INS_9allocatorIPN2cv3MatEEEEENS_19__allocation_resultINS_16allocator_traitsIT_E7pointerEEERS8_m
FNA:0,1183,_ZNSt3__119__allocate_at_leastB8ne200100INS_9allocatorIcEEEENS_19__allocation_resultINS_16allocator_traitsIT_E7pointerEEERS5_m
FNA:0,585,_ZNSt3__119__allocate_at_leastB8ne200100INS_9allocatorIdEEEENS_19__allocation_resultINS_16allocator_traitsIT_E7pointerEEERS5_m
FNA:0,57691,_ZNSt3__119__allocate_at_leastB8ne200100INS_9allocatorIfEEEENS_19__allocation_resultINS_16allocator_traitsIT_E7pointerEEERS5_m
FNA:0,57691,_ZNSt3__119__allocate_at_leastB8ne200100INS_9allocatorIhEEEENS_19__allocation_resultINS_16allocator_traitsIT_E7pointerEEERS5_m
FNA:0,10,_ZNSt3__119__allocate_at_leastB8ne200100INS_9allocatorIiEEEENS_19__allocation_resultINS_16allocator_traitsIT_E7pointerEEERS5_m
FNF:1
FNH:1
DA:40,183854
DA:41,183854
LF:2
LH:2
end_of_record
TN:
SF:/Library/Developer/CommandLineTools/SDKs/MacOSX.sdk/usr/include/c++/v1/__memory/allocator.h
FNL:0,116,122
FNA:0,5,_ZNSt3__19allocatorIN14StabilizerCore16StabilizerParamsEE10deallocateB8ne200100EPS2_m
FNA:0,7834,_ZNSt3__19allocatorIN2cv3MatEE10deallocateB8ne200100EPS2_m
FNA:0,58485,_ZNSt3__19allocatorIN2cv6Point_IfEEE10deallocateB8ne200100EPS3_m
FNA:0,30,_ZNSt3__19allocatorIN2cv6Point_IiEEE10deallocateB8ne200100EPS3_m
FNA:0,165,_ZNSt3__19allocatorINS_10unique_ptrI14StabilizerCoreNS_14default_deleteIS2_EEEEE10deallocateB8ne200100EPS5_m
FNA:0,55,_ZNSt3__19allocatorINS_12basic_stringIcNS_11char_traitsIcEENS0_IcEEEEE10deallocateB8ne200100EPS5_m
FNA:0,5,_ZNSt3__19allocatorINS_4pairIiiEEE10deallocateB8ne200100EPS2_m
FNA:0,115,_ZNSt3__19allocatorINS_6vectorIN2cv3MatENS0_IS3_EEEEE10deallocateB8ne200100EPS5_m
FNA:0,115,_ZNSt3__19allocatorIP14StabilizerCoreE10deallocateB8ne200100EPS2_m
FNA:0,553,_ZNSt3__19allocatorIPN2cv3MatEE10deallocateB8ne200100EPS3_m
FNA:0,54,_ZNSt3__19allocatorIcE10deallocateB8ne200100EPcm
FNA:0,585,_ZNSt3__19allocatorIdE10deallocateB8ne200100EPdm
FNA:0,57691,_ZNSt3__19allocatorIfE10deallocateB8ne200100EPfm
FNA:0,57691,_ZNSt3__19allocatorIhE10deallocateB8ne200100EPhm
FNA:0,10,_ZNSt3__19allocatorIiE10deallocateB8ne200100EPim
FNL:1,147,148
FNA:1,10,_ZNKSt3__19allocatorIN14StabilizerCore16StabilizerParamsEE8max_sizeB8ne200100Ev
FNA:1,15115,_ZNKSt3__19allocatorIN2cv3MatEE8max_sizeB8ne200100Ev
FNA:1,116800,_ZNKSt3__19allocatorIN2cv6Point_IfEEE8max_sizeB8ne200100Ev
FNA:1,330,_ZNKSt3__19allocatorINS_10unique_ptrI14StabilizerCoreNS_14default_deleteIS2_EEEEE8max_sizeB8ne200100Ev
FNA:1,110,_ZNKSt3__19allocatorINS_12basic_stringIcNS_11char_traitsIcEENS0_IcEEEEE8max_sizeB8ne200100Ev
FNA:1,10,_ZNKSt3__19allocatorINS_4pairIiiEEE8max_sizeB8ne200100Ev
FNA:1,230,_ZNKSt3__19allocatorINS_6vectorIN2cv3MatENS0_IS3_EEEEE8max_sizeB8ne200100Ev
FNA:1,230,_ZNKSt3__19allocatorIP14StabilizerCoreE8max_sizeB8ne200100Ev
FNA:1,553,_ZNKSt3__19allocatorIPN2cv3MatEE8max_sizeB8ne200100Ev
FNA:1,3278,_ZNKSt3__19allocatorIcE8max_sizeB8ne200100Ev
FNA:1,1170,_ZNKSt3__19allocatorIdE8max_sizeB8ne200100Ev
FNA:1,115382,_ZNKSt3__19allocatorIfE8max_sizeB8ne200100Ev
FNA:1,115382,_ZNKSt3__19allocatorIhE8max_sizeB8ne200100Ev
FNA:1,20,_ZNKSt3__19allocatorIiE8max_sizeB8ne200100Ev
FNL:2,152,154
FNA:2,20,_ZNSt3__19allocatorIN14StabilizerCore16StabilizerParamsEE9constructB8ne200100IS2_JRKS2_EEEvPT_DpOT0_
FNA:2,7012,_ZNSt3__19allocatorIN2cv3MatEE9constructB8ne200100IS2_JRKS2_EEEvPT_DpOT0_
FNA:2,8650,_ZNSt3__19allocatorIN2cv3MatEE9constructB8ne200100IS2_JRS2_EEEvPT_DpOT0_
FNA:2,137946,_ZNSt3__19allocatorIN2cv3MatEE9constructB8ne200100IS2_JS2_EEEvPT_DpOT0_
FNA:2,93136,_ZNSt3__19allocatorIN2cv6Point_IfEEE9constructB8ne200100IS3_JEEEvPT_DpOT0_
FNA:2,250,_ZNSt3__19allocatorINS_10unique_ptrI14StabilizerCoreNS_14default_deleteIS2_EEEEE9constructB8ne200100IS5_JS5_EEEvPT_DpOT0_
FNA:2,275,_ZNSt3__19allocatorINS_12basic_stringIcNS_11char_traitsIcEENS0_IcEEEEE9constructB8ne200100IS5_JRKS5_EEEvPT_DpOT0_
FNA:2,20,_ZNSt3__19allocatorINS_4pairIiiEEE9constructB8ne200100IS2_JRKS2_EEEvPT_DpOT0_
FNA:2,165,_ZNSt3__19allocatorINS_6vectorIN2cv3MatENS0_IS3_EEEEE9constructB8ne200100IS5_JRKS5_EEEvPT_DpOT0_
FNA:2,10,_ZNSt3__19allocatorIP14StabilizerCoreE9constructB8ne200100IS2_JRKS2_EEEvPT_DpOT0_
FNA:2,185,_ZNSt3__19allocatorIP14StabilizerCoreE9constructB8ne200100IS2_JS2_EEEvPT_DpOT0_
FNA:2,0,_ZNSt3__19allocatorIPN2cv3MatEE9constructB8ne200100IS3_JRS3_EEEvPT_DpOT0_
FNA:2,553,_ZNSt3__19allocatorIPN2cv3MatEE9constructB8ne200100IS3_JS3_EEEvPT_DpOT0_
FNA:2,5250,_ZNSt3__19allocatorIdE9constructB8ne200100IdJdEEEvPT_DpOT0_
FNA:2,30,_ZNSt3__19allocatorIiE9constructB8ne200100IiJRKiEEEvPT_DpOT0_
FNL:3,156,156
FNA:3,20,_ZNSt3__19allocatorIN14StabilizerCore16StabilizerParamsEE7destroyB8ne200100EPS2_
FNA:3,153608,_ZNSt3__19allocatorIN2cv3MatEE7destroyB8ne200100EPS2_
FNA:3,131361,_ZNSt3__19allocatorIN2cv6Point_IfEEE7destroyB8ne200100EPS3_
FNA:3,3735120,_ZNSt3__19allocatorIN2cv6Point_IiEEE7destroyB8ne200100EPS3_
FNA:3,250,_ZNSt3__19allocatorINS_10unique_ptrI14StabilizerCoreNS_14default_deleteIS2_EEEEE7destroyB8ne200100EPS5_
FNA:3,275,_ZNSt3__19allocatorINS_12basic_stringIcNS_11char_traitsIcEENS0_IcEEEEE7destroyB8ne200100EPS5_
FNA:3,20,_ZNSt3__19allocatorINS_4pairIiiEEE7destroyB8ne200100EPS2_
FNA:3,165,_ZNSt3__19allocatorINS_6vectorIN2cv3MatENS0_IS3_EEEEE7destroyB8ne200100EPS5_
FNA:3,195,_ZNSt3__19allocatorIP14StabilizerCoreE7destroyB8ne200100EPS2_
FNA:3,553,_ZNSt3__19allocatorIPN2cv3MatEE7destroyB8ne200100EPS3_
FNA:3,5250,_ZNSt3__19allocatorIdE7destroyB8ne200100EPd
FNA:3,93136,_ZNSt3__19allocatorIfE7destroyB8ne200100EPf
FNA:3,93136,_ZNSt3__19allocatorIhE7destroyB8ne200100EPh
FNA:3,30,_ZNSt3__19allocatorIiE7destroyB8ne200100EPi
FNL:4,71,71
FNA:4,5,_ZNSt3__116__non_trivial_ifILb1ENS_9allocatorIN14StabilizerCore16StabilizerParamsEEEEC2B8ne200100Ev
FNA:4,2023,_ZNSt3__116__non_trivial_ifILb1ENS_9allocatorIN2cv3MatEEEEC2B8ne200100Ev
FNA:4,58637,_ZNSt3__116__non_trivial_ifILb1ENS_9allocatorIN2cv6Point_IfEEEEEC2B8ne200100Ev
FNA:4,35,_ZNSt3__116__non_trivial_ifILb1ENS_9allocatorIN2cv6Point_IiEEEEEC2B8ne200100Ev
FNA:4,42,_ZNSt3__116__non_trivial_ifILb1ENS_9allocatorINS_10unique_ptrI14StabilizerCoreNS_14default_deleteIS3_EEEEEEEC2B8ne200100Ev
FNA:4,55,_ZNSt3__116__non_trivial_ifILb1ENS_9allocatorINS_12basic_stringIcNS_11char_traitsIcEENS1_IcEEEEEEEC2B8ne200100Ev
FNA:4,5,_ZNSt3__116__non_trivial_ifILb1ENS_9allocatorINS_4pairIiiEEEEEC2B8ne200100Ev
FNA:4,35,_ZNSt3__116__non_trivial_ifILb1ENS_9allocatorINS_6vectorIN2cv3MatENS1_IS4_EEEEEEEC2B8ne200100Ev
FNA:4,35,_ZNSt3__116__non_trivial_ifILb1ENS_9allocatorIP14StabilizerCoreEEEC2B8ne200100Ev
FNA:4,793,_ZNSt3__116__non_trivial_ifILb1ENS_9allocatorIPN2cv3MatEEEEC2B8ne200100Ev
FNA:4,4275,_ZNSt3__116__non_trivial_ifILb1ENS_9allocatorIcEEEC2B8ne200100Ev
FNA:4,80,_ZNSt3__116__non_trivial_ifILb1ENS_9allocatorIdEEEC2B8ne200100Ev
FNA:4,57691,_ZNSt3__116__non_trivial_ifILb1ENS_9allocatorIfEEEC2B8ne200100Ev
FNA:4,57691,_ZNSt3__116__non_trivial_ifILb1ENS_9allocatorIhEEEC2B8ne200100Ev
FNA:4,10,_ZNSt3__116__non_trivial_ifILb1ENS_9allocatorIiEEEC2B8ne200100Ev
FNL:5,93,93
FNA:5,5,_ZNSt3__19allocatorIN14StabilizerCore16StabilizerParamsEEC1B8ne200100Ev
FNA:5,5,_ZNSt3__19allocatorIN14StabilizerCore16StabilizerParamsEEC2B8ne200100Ev
FNA:5,2011,_ZNSt3__19allocatorIN2cv3MatEEC1B8ne200100Ev
FNA:5,2011,_ZNSt3__19allocatorIN2cv3MatEEC2B8ne200100Ev
FNA:5,58637,_ZNSt3__19allocatorIN2cv6Point_IfEEEC1B8ne200100Ev
FNA:5,58637,_ZNSt3__19allocatorIN2cv6Point_IfEEEC2B8ne200100Ev
FNA:5,35,_ZNSt3__19allocatorIN2cv6Point_IiEEEC1B8ne200100Ev
FNA:5,35,_ZNSt3__19allocatorIN2cv6Point_IiEEEC2B8ne200100Ev
FNA:5,42,_ZNSt3__19allocatorINS_10unique_ptrI14StabilizerCoreNS_14default_deleteIS2_EEEEEC1B8ne200100Ev
FNA:5,42,_ZNSt3__19allocatorINS_10unique_ptrI14StabilizerCoreNS_14default_deleteIS2_EEEEEC2B8ne200100Ev
FNA:5,55,_ZNSt3__19allocatorINS_12basic_stringIcNS_11char_traitsIcEENS0_IcEEEEEC1B8ne200100Ev
FNA:5,55,_ZNSt3__19allocatorINS_12basic_stringIcNS_11char_traitsIcEENS0_IcEEEEEC2B8ne200100Ev
FNA:5,5,_ZNSt3__19allocatorINS_4pairIiiEEEC1B8ne200100Ev
FNA:5,5,_ZNSt3__19allocatorINS_4pairIiiEEEC2B8ne200100Ev
FNA:5,35,_ZNSt3__19allocatorINS_6vectorIN2cv3MatENS0_IS3_EEEEEC1B8ne200100Ev
FNA:5,35,_ZNSt3__19allocatorINS_6vectorIN2cv3MatENS0_IS3_EEEEEC2B8ne200100Ev
FNA:5,35,_ZNSt3__19allocatorIP14StabilizerCoreEC1B8ne200100Ev
FNA:5,35,_ZNSt3__19allocatorIP14StabilizerCoreEC2B8ne200100Ev
FNA:5,781,_ZNSt3__19allocatorIPN2cv3MatEEC1B8ne200100Ev
FNA:5,781,_ZNSt3__19allocatorIPN2cv3MatEEC2B8ne200100Ev
FNA:5,4275,_ZNSt3__19allocatorIcEC1B8ne200100Ev
FNA:5,4275,_ZNSt3__19allocatorIcEC2B8ne200100Ev
FNA:5,80,_ZNSt3__19allocatorIdEC1B8ne200100Ev
FNA:5,80,_ZNSt3__19allocatorIdEC2B8ne200100Ev
FNA:5,57691,_ZNSt3__19allocatorIfEC1B8ne200100Ev
FNA:5,57691,_ZNSt3__19allocatorIfEC2B8ne200100Ev
FNA:5,57691,_ZNSt3__19allocatorIhEC1B8ne200100Ev
FNA:5,57691,_ZNSt3__19allocatorIhEC2B8ne200100Ev
FNA:5,10,_ZNSt3__19allocatorIiEC1B8ne200100Ev
FNA:5,10,_ZNSt3__19allocatorIiEC2B8ne200100Ev
FNL:6,96,96
FNA:6,12,_ZNSt3__19allocatorIN2cv3MatEEC1B8ne200100IPS2_EERKNS0_IT_EE
FNA:6,12,_ZNSt3__19allocatorIN2cv3MatEEC2B8ne200100IPS2_EERKNS0_IT_EE
FNA:6,12,_ZNSt3__19allocatorIPN2cv3MatEEC1B8ne200100IS2_EERKNS0_IT_EE
FNA:6,12,_ZNSt3__19allocatorIPN2cv3MatEEC2B8ne200100IS2_EERKNS0_IT_EE
FNL:7,98,105
FNA:7,5,_ZNSt3__19allocatorIN14StabilizerCore16StabilizerParamsEE8allocateB8ne200100Em
FNA:7,7834,_ZNSt3__19allocatorIN2cv3MatEE8allocateB8ne200100Em
FNA:7,58400,_ZNSt3__19allocatorIN2cv6Point_IfEEE8allocateB8ne200100Em
FNA:7,165,_ZNSt3__19allocatorINS_10unique_ptrI14StabilizerCoreNS_14default_deleteIS2_EEEEE8allocateB8ne200100Em
FNA:7,55,_ZNSt3__19allocatorINS_12basic_stringIcNS_11char_traitsIcEENS0_IcEEEEE8allocateB8ne200100Em
FNA:7,5,_ZNSt3__19allocatorINS_4pairIiiEEE8allocateB8ne200100Em
FNA:7,115,_ZNSt3__19allocatorINS_6vectorIN2cv3MatENS0_IS3_EEEEE8allocateB8ne200100Em
FNA:7,115,_ZNSt3__19allocatorIP14StabilizerCoreE8allocateB8ne200100Em
FNA:7,553,_ZNSt3__19allocatorIPN2cv3MatEE8allocateB8ne200100Em
FNA:7,1183,_ZNSt3__19allocatorIcE8allocateB8ne200100Em
FNA:7,585,_ZNSt3__19allocatorIdE8allocateB8ne200100Em
FNA:7,57691,_ZNSt3__19allocatorIfE8allocateB8ne200100Em
FNA:7,57691,_ZNSt3__19allocatorIhE8allocateB8ne200100Em
FNA:7,10,_ZNSt3__19allocatorIiE8allocateB8ne200100Em
FNF:8
FNH:8
DA:71,181412
DA:93,362776
DA:96,48
DA:98,184407
DA:100,184407
DA:101,0
DA:105,184407
DA:116,183393
DA:120,183393
DA:122,183393
DA:147,368620
DA:148,368620
DA:152,253502
DA:153,253502
DA:154,253502
DA:156,4213119
LF:16
LH:15
end_of_record
TN:
SF:/Library/Developer/CommandLineTools/SDKs/MacOSX.sdk/usr/include/c++/v1/__memory/allocator_destructor.h
FNL:0,34,34
FNA:0,541,_ZNSt3__122__allocator_destructorINS_9allocatorIN2cv3MatEEEEC1B8ne200100ERS4_m
FNA:0,541,_ZNSt3__122__allocator_destructorINS_9allocatorIN2cv3MatEEEEC2B8ne200100ERS4_m
FNL:1,35,35
FNA:1,0,_ZNSt3__122__allocator_destructorINS_9allocatorIN2cv3MatEEEEclB8ne200100EPS3_
FNF:2
FNH:1
DA:34,1082
DA:35,0
LF:2
LH:1
end_of_record
TN:
SF:/Library/Developer/CommandLineTools/SDKs/MacOSX.sdk/usr/include/c++/v1/__memory/allocator_traits.h
FNL:0,269,270
FNA:0,553,_ZNSt3__116allocator_traitsINS_9allocatorIN2cv3MatEEEE8allocateB8ne200100ERS4_m
FNL:1,301,303
FNA:1,5,_ZNSt3__116allocator_traitsINS_9allocatorIN14StabilizerCore16StabilizerParamsEEEE10deallocateB8ne200100ERS4_PS3_m
FNA:1,7834,_ZNSt3__116allocator_traitsINS_9allocatorIN2cv3MatEEEE10deallocateB8ne200100ERS4_PS3_m
FNA:1,58485,_ZNSt3__116allocator_traitsINS_9allocatorIN2cv6Point_IfEEEEE10deallocateB8ne200100ERS5_PS4_m
FNA:1,30,_ZNSt3__116allocator_traitsINS_9allocatorIN2cv6Point_IiEEEEE10deallocateB8ne200100ERS5_PS4_m
FNA:1,165,_ZNSt3__116allocator_traitsINS_9allocatorINS_10unique_ptrI14StabilizerCoreNS_14default_deleteIS3_EEEEEEE10deallocateB8ne200100ERS7_PS6_m
FNA:1,55,_ZNSt3__116allocator_traitsINS_9allocatorINS_12basic_stringIcNS_11char_traitsIcEENS1_IcEEEEEEE10deallocateB8ne200100ERS7_PS6_m
FNA:1,5,_ZNSt3__116allocator_traitsINS_9allocatorINS_4pairIiiEEEEE10deallocateB8ne200100ERS4_PS3_m
FNA:1,115,_ZNSt3__116allocator_traitsINS_9allocatorINS_6vectorIN2cv3MatENS1_IS4_EEEEEEE10deallocateB8ne200100ERS7_PS6_m
FNA:1,115,_ZNSt3__116allocator_traitsINS_9allocatorIP14StabilizerCoreEEE10deallocateB8ne200100ERS4_PS3_m
FNA:1,553,_ZNSt3__116allocator_traitsINS_9allocatorIPN2cv3MatEEEE10deallocateB8ne200100ERS5_PS4_m
FNA:1,54,_ZNSt3__116allocator_traitsINS_9allocatorIcEEE10deallocateB8ne200100ERS2_Pcm
FNA:1,585,_ZNSt3__116allocator_traitsINS_9allocatorIdEEE10deallocateB8ne200100ERS2_Pdm
FNA:1,57691,_ZNSt3__116allocator_traitsINS_9allocatorIfEEE10deallocateB8ne200100ERS2_Pfm
FNA:1,57691,_ZNSt3__116allocator_traitsINS_9allocatorIhEEE10deallocateB8ne200100ERS2_Phm
FNA:1,10,_ZNSt3__116allocator_traitsINS_9allocatorIiEEE10deallocateB8ne200100ERS2_Pim
FNL:2,307,311
FNA:2,20,_ZNSt3__116allocator_traitsINS_9allocatorIN14StabilizerCore16StabilizerParamsEEEE9constructB8ne200100IS3_JRKS3_ELi0EEEvRS4_PT_DpOT0_
FNA:2,7012,_ZNSt3__116allocator_traitsINS_9allocatorIN2cv3MatEEEE9constructB8ne200100IS3_JRKS3_ELi0EEEvRS4_PT_DpOT0_
FNA:2,8650,_ZNSt3__116allocator_traitsINS_9allocatorIN2cv3MatEEEE9constructB8ne200100IS3_JRS3_ELi0EEEvRS4_PT_DpOT0_
FNA:2,137946,_ZNSt3__116allocator_traitsINS_9allocatorIN2cv3MatEEEE9constructB8ne200100IS3_JS3_ELi0EEEvRS4_PT_DpOT0_
FNA:2,93136,_ZNSt3__116allocator_traitsINS_9allocatorIN2cv6Point_IfEEEEE9constructB8ne200100IS4_JELi0EEEvRS5_PT_DpOT0_
FNA:2,250,_ZNSt3__116allocator_traitsINS_9allocatorINS_10unique_ptrI14StabilizerCoreNS_14default_deleteIS3_EEEEEEE9constructB8ne200100IS6_JS6_ELi0EEEvRS7_PT_DpOT0_
FNA:2,275,_ZNSt3__116allocator_traitsINS_9allocatorINS_12basic_stringIcNS_11char_traitsIcEENS1_IcEEEEEEE9constructB8ne200100IS6_JRKS6_ELi0EEEvRS7_PT_DpOT0_
FNA:2,20,_ZNSt3__116allocator_traitsINS_9allocatorINS_4pairIiiEEEEE9constructB8ne200100IS3_JRKS3_ELi0EEEvRS4_PT_DpOT0_
FNA:2,165,_ZNSt3__116allocator_traitsINS_9allocatorINS_6vectorIN2cv3MatENS1_IS4_EEEEEEE9constructB8ne200100IS6_JRKS6_ELi0EEEvRS7_PT_DpOT0_
FNA:2,10,_ZNSt3__116allocator_traitsINS_9allocatorIP14StabilizerCoreEEE9constructB8ne200100IS3_JRKS3_ELi0EEEvRS4_PT_DpOT0_
FNA:2,185,_ZNSt3__116allocator_traitsINS_9allocatorIP14StabilizerCoreEEE9constructB8ne200100IS3_JS3_ELi0EEEvRS4_PT_DpOT0_
FNA:2,0,_ZNSt3__116allocator_traitsINS_9allocatorIPN2cv3MatEEEE9constructB8ne200100IS4_JRS4_ELi0EEEvRS5_PT_DpOT0_
FNA:2,553,_ZNSt3__116allocator_traitsINS_9allocatorIPN2cv3MatEEEE9constructB8ne200100IS4_JS4_ELi0EEEvRS5_PT_DpOT0_
FNA:2,5250,_ZNSt3__116allocator_traitsINS_9allocatorIdEEE9constructB8ne200100IdJdELi0EEEvRS2_PT_DpOT0_
FNA:2,30,_ZNSt3__116allocator_traitsINS_9allocatorIiEEE9constructB8ne200100IiJRKiELi0EEEvRS2_PT_DpOT0_
FNL:3,322,326
FNA:3,20,_ZNSt3__116allocator_traitsINS_9allocatorIN14StabilizerCore16StabilizerParamsEEEE7destroyB8ne200100IS3_Li0EEEvRS4_PT_
FNA:3,153608,_ZNSt3__116allocator_traitsINS_9allocatorIN2cv3MatEEEE7destroyB8ne200100IS3_Li0EEEvRS4_PT_
FNA:3,131361,_ZNSt3__116allocator_traitsINS_9allocatorIN2cv6Point_IfEEEEE7destroyB8ne200100IS4_Li0EEEvRS5_PT_
FNA:3,3735120,_ZNSt3__116allocator_traitsINS_9allocatorIN2cv6Point_IiEEEEE7destroyB8ne200100IS4_Li0EEEvRS5_PT_
FNA:3,250,_ZNSt3__116allocator_traitsINS_9allocatorINS_10unique_ptrI14StabilizerCoreNS_14default_deleteIS3_EEEEEEE7destroyB8ne200100IS6_Li0EEEvRS7_PT_
FNA:3,275,_ZNSt3__116allocator_traitsINS_9allocatorINS_12basic_stringIcNS_11char_traitsIcEENS1_IcEEEEEEE7destroyB8ne200100IS6_Li0EEEvRS7_PT_
FNA:3,20,_ZNSt3__116allocator_traitsINS_9allocatorINS_4pairIiiEEEEE7destroyB8ne200100IS3_Li0EEEvRS4_PT_
FNA:3,165,_ZNSt3__116allocator_traitsINS_9allocatorINS_6vectorIN2cv3MatENS1_IS4_EEEEEEE7destroyB8ne200100IS6_Li0EEEvRS7_PT_
FNA:3,195,_ZNSt3__116allocator_traitsINS_9allocatorIP14StabilizerCoreEEE7destroyB8ne200100IS3_Li0EEEvRS4_PT_
FNA:3,553,_ZNSt3__116allocator_traitsINS_9allocatorIPN2cv3MatEEEE7destroyB8ne200100IS4_Li0EEEvRS5_PT_
FNA:3,5250,_ZNSt3__116allocator_traitsINS_9allocatorIdEEE7destroyB8ne200100IdLi0EEEvRS2_PT_
FNA:3,93136,_ZNSt3__116allocator_traitsINS_9allocatorIfEEE7destroyB8ne200100IfLi0EEEvRS2_PT_
FNA:3,93136,_ZNSt3__116allocator_traitsINS_9allocatorIhEEE7destroyB8ne200100IhLi0EEEvRS2_PT_
FNA:3,30,_ZNSt3__116allocator_traitsINS_9allocatorIiEEE7destroyB8ne200100IiLi0EEEvRS2_PT_
FNL:4,333,335
FNA:4,10,_ZNSt3__116allocator_traitsINS_9allocatorIN14StabilizerCore16StabilizerParamsEEEE8max_sizeB8ne200100IS4_Li0EEEmRKS4_
FNA:4,15115,_ZNSt3__116allocator_traitsINS_9allocatorIN2cv3MatEEEE8max_sizeB8ne200100IS4_Li0EEEmRKS4_
FNA:4,116800,_ZNSt3__116allocator_traitsINS_9allocatorIN2cv6Point_IfEEEEE8max_sizeB8ne200100IS5_Li0EEEmRKS5_
FNA:4,330,_ZNSt3__116allocator_traitsINS_9allocatorINS_10unique_ptrI14StabilizerCoreNS_14default_deleteIS3_EEEEEEE8max_sizeB8ne200100IS7_Li0EEEmRKS7_
FNA:4,110,_ZNSt3__116allocator_traitsINS_9allocatorINS_12basic_stringIcNS_11char_traitsIcEENS1_IcEEEEEEE8max_sizeB8ne200100IS7_Li0EEEmRKS7_
FNA:4,10,_ZNSt3__116allocator_traitsINS_9allocatorINS_4pairIiiEEEEE8max_sizeB8ne200100IS4_Li0EEEmRKS4_
FNA:4,230,_ZNSt3__116allocator_traitsINS_9allocatorINS_6vectorIN2cv3MatENS1_IS4_EEEEEEE8max_sizeB8ne200100IS7_Li0EEEmRKS7_
FNA:4,230,_ZNSt3__116allocator_traitsINS_9allocatorIP14StabilizerCoreEEE8max_sizeB8ne200100IS4_Li0EEEmRKS4_
FNA:4,553,_ZNSt3__116allocator_traitsINS_9allocatorIPN2cv3MatEEEE8max_sizeB8ne200100IS5_Li0EEEmRKS5_
FNA:4,3278,_ZNSt3__116allocator_traitsINS_9allocatorIcEEE8max_sizeB8ne200100IS2_Li0EEEmRKS2_
FNA:4,1170,_ZNSt3__116allocator_traitsINS_9allocatorIdEEE8max_sizeB8ne200100IS2_Li0EEEmRKS2_
FNA:4,115382,_ZNSt3__116allocator_traitsINS_9allocatorIfEEE8max_sizeB8ne200100IS2_Li0EEEmRKS2_
FNA:4,115382,_ZNSt3__116allocator_traitsINS_9allocatorIhEEE8max_sizeB8ne200100IS2_Li0EEEmRKS2_
FNA:4,20,_ZNSt3__116allocator_traitsINS_9allocatorIiEEE8max_sizeB8ne200100IS2_Li0EEEmRKS2_
FNL:5,352,353
FNA:5,187,_ZNSt3__116allocator_traitsINS_9allocatorIN2cv3MatEEEE37select_on_container_copy_constructionB8ne200100IS4_vLi0EEES4_RKS4_
FNA:5,325,_ZNSt3__116allocator_traitsINS_9allocatorIcEEE37select_on_container_copy_constructionB8ne200100IS2_vLi0EEES2_RKS2_
FNF:6
FNH:6
DA:269,553
DA:270,553
DA:301,183393
DA:302,183393
DA:303,183393
DA:307,253502
DA:309,253502
DA:311,253502
DA:322,4213119
DA:324,4213119
DA:326,4213119
DA:333,368620
DA:335,368620
DA:352,512
DA:353,512
LF:15
LH:15
end_of_record
TN:
SF:/Library/Developer/CommandLineTools/SDKs/MacOSX.sdk/usr/include/c++/v1/__memory/pointer_traits.h
FNL:0,172,173
FNA:0,15,_ZNSt3__114pointer_traitsIPKcE10pointer_toB8ne200100ERS1_
FNA:0,937,_ZNSt3__114pointer_traitsIPcE10pointer_toB8ne200100ERc
FNL:1,191,193
FNA:1,10,_ZNSt3__112__to_addressB8ne200100IKN14StabilizerCore16StabilizerParamsEEEPT_S5_
FNA:1,110,_ZNSt3__112__to_addressB8ne200100IKNS_12basic_stringIcNS_11char_traitsIcEENS_9allocatorIcEEEEEEPT_S9_
FNA:1,10,_ZNSt3__112__to_addressB8ne200100IKNS_4pairIiiEEEEPT_S5_
FNA:1,10,_ZNSt3__112__to_addressB8ne200100IKNS_6vectorIN2cv3MatENS_9allocatorIS3_EEEEEEPT_S9_
FNA:1,10,_ZNSt3__112__to_addressB8ne200100IKP14StabilizerCoreEEPT_S5_
FNA:1,15,_ZNSt3__112__to_addressB8ne200100IKcEEPT_S3_
FNA:1,20,_ZNSt3__112__to_addressB8ne200100IKiEEPT_S3_
FNA:1,50,_ZNSt3__112__to_addressB8ne200100IN14StabilizerCore16StabilizerParamsEEEPT_S4_
FNA:1,326543,_ZNSt3__112__to_addressB8ne200100IN2cv3MatEEEPT_S4_
FNA:1,516497,_ZNSt3__112__to_addressB8ne200100IN2cv6Point_IfEEEEPT_S5_
FNA:1,3735120,_ZNSt3__112__to_addressB8ne200100IN2cv6Point_IiEEEEPT_S5_
FNA:1,1325,_ZNSt3__112__to_addressB8ne200100INS_10unique_ptrI14StabilizerCoreNS_14default_deleteIS2_EEEEEEPT_S7_
FNA:1,660,_ZNSt3__112__to_addressB8ne200100INS_12basic_stringIcNS_11char_traitsIcEENS_9allocatorIcEEEEEEPT_S8_
FNA:1,50,_ZNSt3__112__to_addressB8ne200100INS_4pairIiiEEEEPT_S4_
FNA:1,890,_ZNSt3__112__to_addressB8ne200100INS_6vectorIN2cv3MatENS_9allocatorIS3_EEEEEEPT_S8_
FNA:1,950,_ZNSt3__112__to_addressB8ne200100IP14StabilizerCoreEEPT_S4_
FNA:1,1106,_ZNSt3__112__to_addressB8ne200100IPN2cv3MatEEEPT_S5_
FNA:1,2105,_ZNSt3__112__to_addressB8ne200100IcEEPT_S2_
FNA:1,13425,_ZNSt3__112__to_addressB8ne200100IdEEPT_S2_
FNA:1,381591,_ZNSt3__112__to_addressB8ne200100IfEEPT_S2_
FNA:1,381591,_ZNSt3__112__to_addressB8ne200100IhEEPT_S2_
FNA:1,80,_ZNSt3__112__to_addressB8ne200100IiEEPT_S2_
FNL:2,218,219
FNA:2,10,_ZNSt3__112__to_addressB8ne200100INS_11__wrap_iterIPN2cv3MatEEELi0EEEu7__decayIDTclsr19__to_address_helperIT_EE6__callclsr3stdE7declvalIRKS6_EEEEES8_
FNA:2,0,_ZNSt3__112__to_addressB8ne200100INS_11__wrap_iterIPdEELi0EEEu7__decayIDTclsr19__to_address_helperIT_EE6__callclsr3stdE7declvalIRKS4_EEEEES6_
FNA:2,0,_ZNSt3__112__to_addressB8ne200100INS_16reverse_iteratorIPN14StabilizerCore16StabilizerParamsEEELi0EEEu7__decayIDTclsr19__to_address_helperIT_EE6__callclsr3stdE7declvalIRKS6_EEEEES8_
FNA:2,0,_ZNSt3__112__to_addressB8ne200100INS_16reverse_iteratorIPN2cv3MatEEELi0EEEu7__decayIDTclsr19__to_address_helperIT_EE6__callclsr3stdE7declvalIRKS6_EEEEES8_
FNA:2,0,_ZNSt3__112__to_addressB8ne200100INS_16reverse_iteratorIPNS_12basic_stringIcNS_11char_traitsIcEENS_9allocatorIcEEEEEELi0EEEu7__decayIDTclsr19__to_address_helperIT_EE6__callclsr3stdE7declvalIRKSA_EEEEESC_
FNA:2,0,_ZNSt3__112__to_addressB8ne200100INS_16reverse_iteratorIPNS_4pairIiiEEEELi0EEEu7__decayIDTclsr19__to_address_helperIT_EE6__callclsr3stdE7declvalIRKS6_EEEEES8_
FNA:2,0,_ZNSt3__112__to_addressB8ne200100INS_16reverse_iteratorIPNS_6vectorIN2cv3MatENS_9allocatorIS4_EEEEEELi0EEEu7__decayIDTclsr19__to_address_helperIT_EE6__callclsr3stdE7declvalIRKSA_EEEEESC_
FNA:2,0,_ZNSt3__112__to_addressB8ne200100INS_16reverse_iteratorIPP14StabilizerCoreEELi0EEEu7__decayIDTclsr19__to_address_helperIT_EE6__callclsr3stdE7declvalIRKS6_EEEEES8_
FNA:2,0,_ZNSt3__112__to_addressB8ne200100INS_16reverse_iteratorIPiEELi0EEEu7__decayIDTclsr19__to_address_helperIT_EE6__callclsr3stdE7declvalIRKS4_EEEEES6_
FNL:3,226,227
FNA:3,0,_ZNSt3__119__to_address_helperINS_16reverse_iteratorIPN14StabilizerCore16StabilizerParamsEEEvE6__callB8ne200100ERKS5_
FNA:3,0,_ZNSt3__119__to_address_helperINS_16reverse_iteratorIPN2cv3MatEEEvE6__callB8ne200100ERKS5_
FNA:3,0,_ZNSt3__119__to_address_helperINS_16reverse_iteratorIPNS_12basic_stringIcNS_11char_traitsIcEENS_9allocatorIcEEEEEEvE6__callB8ne200100ERKS9_
FNA:3,0,_ZNSt3__119__to_address_helperINS_16reverse_iteratorIPNS_4pairIiiEEEEvE6__callB8ne200100ERKS5_
FNA:3,0,_ZNSt3__119__to_address_helperINS_16reverse_iteratorIPNS_6vectorIN2cv3MatENS_9allocatorIS4_EEEEEEvE6__callB8ne200100ERKS9_
FNA:3,0,_ZNSt3__119__to_address_helperINS_16reverse_iteratorIPP14StabilizerCoreEEvE6__callB8ne200100ERKS5_
FNA:3,0,_ZNSt3__119__to_address_helperINS_16reverse_iteratorIPiEEvE6__callB8ne200100ERKS3_
FNL:4,236,237
FNA:4,10,_ZNSt3__119__to_address_helperINS_11__wrap_iterIPN2cv3MatEEEvE6__callB8ne200100ERKS5_
FNA:4,0,_ZNSt3__119__to_address_helperINS_11__wrap_iterIPdEEvE6__callB8ne200100ERKS3_
FNF:5
FNH:4
DA:172,952
DA:173,952
DA:191,5362168
DA:193,5362168
DA:218,10
DA:219,10
DA:226,0
DA:227,0
DA:236,10
DA:237,10
LF:10
LH:8
end_of_record
TN:
SF:/Library/Developer/CommandLineTools/SDKs/MacOSX.sdk/usr/include/c++/v1/__memory/uninitialized_algorithms.h
FNL:0,517,520
FNA:0,0,_ZNSt3__119__allocator_destroyB8ne200100INS_9allocatorIN14StabilizerCore16StabilizerParamsEEENS_16reverse_iteratorIPS3_EES7_EEvRT_T0_T1_
FNA:0,0,_ZNSt3__119__allocator_destroyB8ne200100INS_9allocatorIN2cv3MatEEENS_16reverse_iteratorIPS3_EES7_EEvRT_T0_T1_
FNA:0,7121,_ZNSt3__119__allocator_destroyB8ne200100INS_9allocatorIN2cv3MatEEEPS3_S5_EEvRT_T0_T1_
FNA:0,0,_ZNSt3__119__allocator_destroyB8ne200100INS_9allocatorINS_12basic_stringIcNS_11char_traitsIcEENS1_IcEEEEEENS_16reverse_iteratorIPS6_EESA_EEvRT_T0_T1_
FNA:0,0,_ZNSt3__119__allocator_destroyB8ne200100INS_9allocatorINS_4pairIiiEEEENS_16reverse_iteratorIPS3_EES7_EEvRT_T0_T1_
FNA:0,0,_ZNSt3__119__allocator_destroyB8ne200100INS_9allocatorINS_6vectorIN2cv3MatENS1_IS4_EEEEEENS_16reverse_iteratorIPS6_EESA_EEvRT_T0_T1_
FNA:0,0,_ZNSt3__119__allocator_destroyB8ne200100INS_9allocatorIP14StabilizerCoreEENS_16reverse_iteratorIPS3_EES7_EEvRT_T0_T1_
FNA:0,0,_ZNSt3__119__allocator_destroyB8ne200100INS_9allocatorIiEENS_16reverse_iteratorIPiEES5_EEvRT_T0_T1_
FNL:1,526,527
FNA:1,5,_ZNSt3__129_AllocatorDestroyRangeReverseINS_9allocatorIN14StabilizerCore16StabilizerParamsEEEPS3_EC1B8ne200100ERS4_RS5_S8_
FNA:1,5,_ZNSt3__129_AllocatorDestroyRangeReverseINS_9allocatorIN14StabilizerCore16StabilizerParamsEEEPS3_EC2B8ne200100ERS4_RS5_S8_
FNA:1,7301,_ZNSt3__129_AllocatorDestroyRangeReverseINS_9allocatorIN2cv3MatEEEPS3_EC1B8ne200100ERS4_RS5_S8_
FNA:1,7301,_ZNSt3__129_AllocatorDestroyRangeReverseINS_9allocatorIN2cv3MatEEEPS3_EC2B8ne200100ERS4_RS5_S8_
FNA:1,55,_ZNSt3__129_AllocatorDestroyRangeReverseINS_9allocatorINS_12basic_stringIcNS_11char_traitsIcEENS1_IcEEEEEEPS6_EC1B8ne200100ERS7_RS8_SB_
FNA:1,55,_ZNSt3__129_AllocatorDestroyRangeReverseINS_9allocatorINS_12basic_stringIcNS_11char_traitsIcEENS1_IcEEEEEEPS6_EC2B8ne200100ERS7_RS8_SB_
FNA:1,5,_ZNSt3__129_AllocatorDestroyRangeReverseINS_9allocatorINS_4pairIiiEEEEPS3_EC1B8ne200100ERS4_RS5_S8_
FNA:1,5,_ZNSt3__129_AllocatorDestroyRangeReverseINS_9allocatorINS_4pairIiiEEEEPS3_EC2B8ne200100ERS4_RS5_S8_
FNA:1,5,_ZNSt3__129_AllocatorDestroyRangeReverseINS_9allocatorINS_6vectorIN2cv3MatENS1_IS4_EEEEEEPS6_EC1B8ne200100ERS7_RS8_SB_
FNA:1,5,_ZNSt3__129_AllocatorDestroyRangeReverseINS_9allocatorINS_6vectorIN2cv3MatENS1_IS4_EEEEEEPS6_EC2B8ne200100ERS7_RS8_SB_
FNA:1,5,_ZNSt3__129_AllocatorDestroyRangeReverseINS_9allocatorIP14StabilizerCoreEEPS3_EC1B8ne200100ERS4_RS5_S8_
FNA:1,5,_ZNSt3__129_AllocatorDestroyRangeReverseINS_9allocatorIP14StabilizerCoreEEPS3_EC2B8ne200100ERS4_RS5_S8_
FNA:1,10,_ZNSt3__129_AllocatorDestroyRangeReverseINS_9allocatorIiEEPiEC1B8ne200100ERS2_RS3_S6_
FNA:1,10,_ZNSt3__129_AllocatorDestroyRangeReverseINS_9allocatorIiEEPiEC2B8ne200100ERS2_RS3_S6_
FNL:2,529,531
FNA:2,0,_ZNKSt3__129_AllocatorDestroyRangeReverseINS_9allocatorIN14StabilizerCore16StabilizerParamsEEEPS3_EclB8ne200100Ev
FNA:2,0,_ZNKSt3__129_AllocatorDestroyRangeReverseINS_9allocatorIN2cv3MatEEEPS3_EclB8ne200100Ev
FNA:2,0,_ZNKSt3__129_AllocatorDestroyRangeReverseINS_9allocatorINS_12basic_stringIcNS_11char_traitsIcEENS1_IcEEEEEEPS6_EclB8ne200100Ev
FNA:2,0,_ZNKSt3__129_AllocatorDestroyRangeReverseINS_9allocatorINS_4pairIiiEEEEPS3_EclB8ne200100Ev
FNA:2,0,_ZNKSt3__129_AllocatorDestroyRangeReverseINS_9allocatorINS_6vectorIN2cv3MatENS1_IS4_EEEEEEPS6_EclB8ne200100Ev
FNA:2,0,_ZNKSt3__129_AllocatorDestroyRangeReverseINS_9allocatorIP14StabilizerCoreEEPS3_EclB8ne200100Ev
FNA:2,0,_ZNKSt3__129_AllocatorDestroyRangeReverseINS_9allocatorIiEEPiEclB8ne200100Ev
FNL:3,545,556
FNA:3,5,_ZNSt3__135__uninitialized_allocator_copy_implB8ne200100INS_9allocatorIN14StabilizerCore16StabilizerParamsEEEPKS3_S6_PS3_EET2_RT_T0_T1_S8_
FNA:3,180,_ZNSt3__135__uninitialized_allocator_copy_implB8ne200100INS_9allocatorIN2cv3MatEEEPS3_S5_S5_EET2_RT_T0_T1_S6_
FNA:3,55,_ZNSt3__135__uninitialized_allocator_copy_implB8ne200100INS_9allocatorINS_12basic_stringIcNS_11char_traitsIcEENS1_IcEEEEEEPKS6_S9_PS6_EET2_RT_T0_T1_SB_
FNA:3,5,_ZNSt3__135__uninitialized_allocator_copy_implB8ne200100INS_9allocatorINS_4pairIiiEEEEPKS3_S6_PS3_EET2_RT_T0_T1_S8_
FNA:3,5,_ZNSt3__135__uninitialized_allocator_copy_implB8ne200100INS_9allocatorINS_6vectorIN2cv3MatENS1_IS4_EEEEEEPKS6_S9_PS6_EET2_RT_T0_T1_SB_
FNA:3,5,_ZNSt3__135__uninitialized_allocator_copy_implB8ne200100INS_9allocatorIP14StabilizerCoreEEPKS3_S6_PS3_EET2_RT_T0_T1_S8_
FNA:3,10,_ZNSt3__135__uninitialized_allocator_copy_implB8ne200100INS_9allocatorIiEEPKiS4_PiEET2_RT_T0_T1_S6_
FNL:4,572,581
FNA:4,0,_ZNSt3__135__uninitialized_allocator_copy_implB8ne200100INS_9allocatorIN2cv6Point_IfEEEES4_S4_Li0EEEPT1_RT_PT0_SB_S7_
FNA:4,0,_ZNSt3__135__uninitialized_allocator_copy_implB8ne200100INS_9allocatorIdEEddLi0EEEPT1_RT_PT0_S8_S4_
FNL:5,587,592
FNA:5,5,_ZNSt3__130__uninitialized_allocator_copyB8ne200100INS_9allocatorIN14StabilizerCore16StabilizerParamsEEEPKS3_S6_PS3_EET2_RT_T0_T1_S8_
FNA:5,5,_ZNSt3__130__uninitialized_allocator_copyB8ne200100INS_9allocatorIN2cv3MatEEENS_11__wrap_iterIPS3_EES7_S6_EET2_RT_T0_T1_S8_
FNA:5,175,_ZNSt3__130__uninitialized_allocator_copyB8ne200100INS_9allocatorIN2cv3MatEEEPS3_S5_S5_EET2_RT_T0_T1_S6_
FNA:5,0,_ZNSt3__130__uninitialized_allocator_copyB8ne200100INS_9allocatorIN2cv6Point_IfEEEEPS4_S6_S6_EET2_RT_T0_T1_S7_
FNA:5,55,_ZNSt3__130__uninitialized_allocator_copyB8ne200100INS_9allocatorINS_12basic_stringIcNS_11char_traitsIcEENS1_IcEEEEEEPKS6_S9_PS6_EET2_RT_T0_T1_SB_
FNA:5,5,_ZNSt3__130__uninitialized_allocator_copyB8ne200100INS_9allocatorINS_4pairIiiEEEEPKS3_S6_PS3_EET2_RT_T0_T1_S8_
FNA:5,5,_ZNSt3__130__uninitialized_allocator_copyB8ne200100INS_9allocatorINS_6vectorIN2cv3MatENS1_IS4_EEEEEEPKS6_S9_PS6_EET2_RT_T0_T1_SB_
FNA:5,5,_ZNSt3__130__uninitialized_allocator_copyB8ne200100INS_9allocatorIP14StabilizerCoreEEPKS3_S6_PS3_EET2_RT_T0_T1_S8_
FNA:5,0,_ZNSt3__130__uninitialized_allocator_copyB8ne200100INS_9allocatorIdEENS_11__wrap_iterIPdEES5_S4_EET2_RT_T0_T1_S6_
FNA:5,10,_ZNSt3__130__uninitialized_allocator_copyB8ne200100INS_9allocatorIiEEPKiS4_PiEET2_RT_T0_T1_S6_
FNL:6,619,649
FNA:6,7121,_ZNSt3__134__uninitialized_allocator_relocateB8ne200100INS_9allocatorIN2cv3MatEEEPS3_EEvRT_T0_S8_S8_
FNA:6,58400,_ZNSt3__134__uninitialized_allocator_relocateB8ne200100INS_9allocatorIN2cv6Point_IfEEEEPS4_EEvRT_T0_S9_S9_
FNA:6,165,_ZNSt3__134__uninitialized_allocator_relocateB8ne200100INS_9allocatorINS_10unique_ptrI14StabilizerCoreNS_14default_deleteIS3_EEEEEEPS6_EEvRT_T0_SB_SB_
FNA:6,110,_ZNSt3__134__uninitialized_allocator_relocateB8ne200100INS_9allocatorINS_6vectorIN2cv3MatENS1_IS4_EEEEEEPS6_EEvRT_T0_SB_SB_
FNA:6,110,_ZNSt3__134__uninitialized_allocator_relocateB8ne200100INS_9allocatorIP14StabilizerCoreEEPS3_EEvRT_T0_S8_S8_
FNA:6,585,_ZNSt3__134__uninitialized_allocator_relocateB8ne200100INS_9allocatorIdEEPdEEvRT_T0_S6_S6_
FNA:6,57691,_ZNSt3__134__uninitialized_allocator_relocateB8ne200100INS_9allocatorIfEEPfEEvRT_T0_S6_S6_
FNA:6,57691,_ZNSt3__134__uninitialized_allocator_relocateB8ne200100INS_9allocatorIhEEPhEEvRT_T0_S6_S6_
FNF:7
FNH:5
DA:517,7121
DA:518,83958
DA:519,76837
DA:520,7121
DA:526,14772
DA:527,14772
DA:529,0
DA:530,0
DA:531,0
DA:545,265
DA:546,265
DA:547,265
DA:548,265
DA:549,9130
DA:550,8865
DA:551,8865
DA:552,8865
DA:554,265
DA:555,265
DA:556,265
DA:572,0
DA:581,0
DA:587,265
DA:588,265
DA:589,530
DA:590,265
DA:591,530
DA:592,265
DA:619,181873
DA:628,7121
DA:629,14242
DA:630,7121
DA:631,7121
DA:632,83958
DA:634,76837
DA:638,76837
DA:639,76837
DA:641,7121
DA:642,7121
DA:643,7121
DA:645,349504
DA:646,174752
DA:647,174752
DA:649,181873
LF:44
LH:39
end_of_record
TN:
SF:/Library/Developer/CommandLineTools/SDKs/MacOSX.sdk/usr/include/c++/v1/__memory/unique_ptr.h
FNL:0,196,196
FNA:0,45,_ZNSt3__110unique_ptrI10CPUTrackerNS_14default_deleteIS1_EEEC1B8ne200100ILb1EvEEv
FNA:0,45,_ZNSt3__110unique_ptrI10CPUTrackerNS_14default_deleteIS1_EEEC2B8ne200100ILb1EvEEv
FNA:0,456,_ZNSt3__110unique_ptrI14StabilizerCoreNS_14default_deleteIS1_EEEC1B8ne200100ILb1EvEEv
FNA:0,456,_ZNSt3__110unique_ptrI14StabilizerCoreNS_14default_deleteIS1_EEEC2B8ne200100ILb1EvEEv
FNA:0,54728,_ZNSt3__110unique_ptrINS_12basic_stringIcNS_11char_traitsIcEENS_9allocatorIcEEEENS_14default_deleteIS6_EEEC1B8ne200100ILb1EvEEv
FNA:0,54728,_ZNSt3__110unique_ptrINS_12basic_stringIcNS_11char_traitsIcEENS_9allocatorIcEEEENS_14default_deleteIS6_EEEC2B8ne200100ILb1EvEEv
FNL:1,202,204
FNA:1,45,_ZNSt3__110unique_ptrI10CPUTrackerNS_14default_deleteIS1_EEEC1B8ne200100ILb1EvEEPS1_
FNA:1,45,_ZNSt3__110unique_ptrI10CPUTrackerNS_14default_deleteIS1_EEEC2B8ne200100ILb1EvEEPS1_
FNA:1,731,_ZNSt3__110unique_ptrI14StabilizerCoreNS_14default_deleteIS1_EEEC1B8ne200100ILb1EvEEPS1_
FNA:1,731,_ZNSt3__110unique_ptrI14StabilizerCoreNS_14default_deleteIS1_EEEC2B8ne200100ILb1EvEEPS1_
FNA:1,0,_ZNSt3__110unique_ptrINS_12basic_stringIcNS_11char_traitsIcEENS_9allocatorIcEEEENS_14default_deleteIS6_EEEC1B8ne200100ILb1EvEEPS6_
FNA:1,0,_ZNSt3__110unique_ptrINS_12basic_stringIcNS_11char_traitsIcEENS_9allocatorIcEEEENS_14default_deleteIS6_EEEC2B8ne200100ILb1EvEEPS6_
FNL:2,212,216
FNA:2,541,_ZNSt3__110unique_ptrIPN2cv3MatENS_22__allocator_destructorINS_9allocatorIS2_EEEEEC1B8ne200100ILb1EvEES3_NS_16__dependent_typeINS_27__unique_ptr_deleter_sfinaeIS7_EEXT_EE20__good_rval_ref_typeE
FNA:2,541,_ZNSt3__110unique_ptrIPN2cv3MatENS_22__allocator_destructorINS_9allocatorIS2_EEEEEC2B8ne200100ILb1EvEES3_NS_16__dependent_typeINS_27__unique_ptr_deleter_sfinaeIS7_EEXT_EE20__good_rval_ref_typeE
FNL:3,221,223
FNA:3,250,_ZNSt3__110unique_ptrI14StabilizerCoreNS_14default_deleteIS1_EEEC1B8ne200100EOS4_
FNA:3,250,_ZNSt3__110unique_ptrI14StabilizerCoreNS_14default_deleteIS1_EEEC2B8ne200100EOS4_
FNL:4,239,242
FNA:4,45,_ZNSt3__110unique_ptrI10CPUTrackerNS_14default_deleteIS1_EEEaSB8ne200100EOS4_
FNA:4,456,_ZNSt3__110unique_ptrI14StabilizerCoreNS_14default_deleteIS1_EEEaSB8ne200100EOS4_
FNA:4,0,_ZNSt3__110unique_ptrINS_12basic_stringIcNS_11char_traitsIcEENS_9allocatorIcEEEENS_14default_deleteIS6_EEEaSB8ne200100EOS9_
FNL:5,269,269
FNA:5,90,_ZNSt3__110unique_ptrI10CPUTrackerNS_14default_deleteIS1_EEED1B8ne200100Ev
FNA:5,90,_ZNSt3__110unique_ptrI10CPUTrackerNS_14default_deleteIS1_EEED2B8ne200100Ev
FNA:5,1437,_ZNSt3__110unique_ptrI14StabilizerCoreNS_14default_deleteIS1_EEED1B8ne200100Ev
FNA:5,1437,_ZNSt3__110unique_ptrI14StabilizerCoreNS_14default_deleteIS1_EEED2B8ne200100Ev
FNA:5,56576,_ZNSt3__110unique_ptrINS_12basic_stringIcNS_11char_traitsIcEENS_9allocatorIcEEEENS_14default_deleteIS6_EEED1B8ne200100Ev
FNA:5,56576,_ZNSt3__110unique_ptrINS_12basic_stringIcNS_11char_traitsIcEENS_9allocatorIcEEEENS_14default_deleteIS6_EEED2B8ne200100Ev
FNA:5,20,_ZNSt3__110unique_ptrINS_18basic_stringstreamIcNS_11char_traitsIcEENS_9allocatorIcEEEENS_14default_deleteIS6_EEED1B8ne200100Ev
FNA:5,20,_ZNSt3__110unique_ptrINS_18basic_stringstreamIcNS_11char_traitsIcEENS_9allocatorIcEEEENS_14default_deleteIS6_EEED2B8ne200100Ev
FNA:5,541,_ZNSt3__110unique_ptrIPN2cv3MatENS_22__allocator_destructorINS_9allocatorIS2_EEEEED1B8ne200100Ev
FNA:5,541,_ZNSt3__110unique_ptrIPN2cv3MatENS_22__allocator_destructorINS_9allocatorIS2_EEEEED2B8ne200100Ev
FNL:6,276,278
FNA:6,20,_ZNKSt3__110unique_ptrINS_18basic_stringstreamIcNS_11char_traitsIcEENS_9allocatorIcEEEENS_14default_deleteIS6_EEEdeB8ne200100Ev
FNL:7,280,280
FNA:7,65,_ZNKSt3__110unique_ptrI10CPUTrackerNS_14default_deleteIS1_EEEptB8ne200100Ev
FNA:7,50065,_ZNKSt3__110unique_ptrI14StabilizerCoreNS_14default_deleteIS1_EEEptB8ne200100Ev
FNA:7,0,_ZNKSt3__110unique_ptrINS_12basic_stringIcNS_11char_traitsIcEENS_9allocatorIcEEEENS_14default_deleteIS6_EEEptB8ne200100Ev
FNL:8,281,281
FNA:8,275,_ZNKSt3__110unique_ptrI14StabilizerCoreNS_14default_deleteIS1_EEE3getB8ne200100Ev
FNA:8,541,_ZNKSt3__110unique_ptrIPN2cv3MatENS_22__allocator_destructorINS_9allocatorIS2_EEEEE3getB8ne200100Ev
FNL:9,282,282
FNA:9,45,_ZNSt3__110unique_ptrI10CPUTrackerNS_14default_deleteIS1_EEE11get_deleterB8ne200100Ev
FNA:9,706,_ZNSt3__110unique_ptrI14StabilizerCoreNS_14default_deleteIS1_EEE11get_deleterB8ne200100Ev
FNA:9,0,_ZNSt3__110unique_ptrINS_12basic_stringIcNS_11char_traitsIcEENS_9allocatorIcEEEENS_14default_deleteIS6_EEE11get_deleterB8ne200100Ev
FNL:10,286,287
[...]
FNL:3,270
FNA:3,0,_ZNSt3__115basic_streambufIcNS_11char_traitsIcEEE4setgB8ne200100EPcS4_S4_
FNL:4,284
FNA:4,0,_ZNSt3__115basic_streambufIcNS_11char_traitsIcEEE5pbumpB8ne200100Ei
FNL:5,288
FNA:5,0,_ZNSt3__115basic_streambufIcNS_11char_traitsIcEEE4setpB8ne200100EPcS4_
FNF:6
FNH:1
DA:149,0
DA:227,72772
DA:228,72772
DA:232,0
DA:270,0
DA:274,0
DA:275,0
DA:276,0
DA:277,0
DA:284,0
DA:288,0
DA:290,0
DA:291,0
DA:292,0
DA:367,0
DA:368,0
DA:369,0
DA:370,0
DA:371,0
DA:372,0
LF:20
LH:2
end_of_record
TN:
SF:/Library/Developer/CommandLineTools/SDKs/MacOSX.sdk/usr/include/c++/v1/string
FNL:0,1006
FNA:0,846,_ZNSt3__112basic_stringIcNS_11char_traitsIcEENS_9allocatorIcEEEC1B8ne200100Ev
FNA:0,846,_ZNSt3__112basic_stringIcNS_11char_traitsIcEENS_9allocatorIcEEEC2B8ne200100Ev
FNL:1,1032
FNA:1,325,_ZNSt3__112basic_stringIcNS_11char_traitsIcEENS_9allocatorIcEEEC1ERKS5_
FNA:1,325,_ZNSt3__112basic_stringIcNS_11char_traitsIcEENS_9allocatorIcEEEC2ERKS5_
FNL:2,1052
FNA:2,1068,_ZNSt3__112basic_stringIcNS_11char_traitsIcEENS_9allocatorIcEEEC1B8ne200100EOS5_
FNA:2,1068,_ZNSt3__112basic_stringIcNS_11char_traitsIcEENS_9allocatorIcEEEC2B8ne200100EOS5_
FNL:3,1061
FNA:3,1068,_ZZNSt3__112basic_stringIcNS_11char_traitsIcEENS_9allocatorIcEEEC1B8ne200100EOS5_ENKUlRS5_E_clES7_
FNL:4,1092
FNA:4,3429,_ZNSt3__112basic_stringIcNS_11char_traitsIcEENS_9allocatorIcEEEC1B8ne200100ILi0EEEPKc
FNA:4,3429,_ZNSt3__112basic_stringIcNS_11char_traitsIcEENS_9allocatorIcEEEC2B8ne200100ILi0EEEPKc
FNL:5,1120
FNA:5,0,_ZNSt3__112basic_stringIcNS_11char_traitsIcEENS_9allocatorIcEEEC1B8ne200100Emc
FNA:5,0,_ZNSt3__112basic_stringIcNS_11char_traitsIcEENS_9allocatorIcEEEC2B8ne200100Emc
FNL:6,1236
FNA:6,5698,_ZNSt3__112basic_stringIcNS_11char_traitsIcEENS_9allocatorIcEEED1Ev
FNA:6,5698,_ZNSt3__112basic_stringIcNS_11char_traitsIcEENS_9allocatorIcEEED2Ev
FNL:7,1260
FNA:7,15,_ZNSt3__112basic_stringIcNS_11char_traitsIcEENS_9allocatorIcEEEaSB8ne200100EOS5_
FNL:8,1269
FNA:8,1430,_ZNSt3__112basic_stringIcNS_11char_traitsIcEENS_9allocatorIcEEEaSB8ne200100EPKc
FNL:9,1310
FNA:9,143455,_ZNKSt3__112basic_stringIcNS_11char_traitsIcEENS_9allocatorIcEEE4sizeB8ne200100Ev
FNL:10,1315
FNA:10,2095,_ZNKSt3__112basic_stringIcNS_11char_traitsIcEENS_9allocatorIcEEE8max_sizeB8ne200100Ev
FNL:11,1325
FNA:11,0,_ZNKSt3__112basic_stringIcNS_11char_traitsIcEENS_9allocatorIcEEE8capacityB8ne200100Ev
FNL:12,1330
FNA:12,0,_ZNSt3__112basic_stringIcNS_11char_traitsIcEENS_9allocatorIcEEE6resizeB8ne200100Em
FNL:13,1373
FNA:13,0,_ZNSt3__112basic_stringIcNS_11char_traitsIcEENS_9allocatorIcEEEpLB8ne200100ERKS5_
FNL:14,1387
FNA:14,0,_ZNSt3__112basic_stringIcNS_11char_traitsIcEENS_9allocatorIcEEEpLB8ne200100EPKc
FNL:15,1402
FNA:15,15,_ZNSt3__112basic_stringIcNS_11char_traitsIcEENS_9allocatorIcEEE6appendB8ne200100ERKS5_
FNL:16,1729
FNA:16,0,_ZNKSt3__112basic_stringIcNS_11char_traitsIcEENS_9allocatorIcEEE5c_strB8ne200100Ev
FNL:17,1730
FNA:17,15,_ZNKSt3__112basic_stringIcNS_11char_traitsIcEENS_9allocatorIcEEE4dataB8ne200100Ev
FNL:18,1734
FNA:18,0,_ZNSt3__112basic_stringIcNS_11char_traitsIcEENS_9allocatorIcEEE4dataB8ne200100Ev
FNL:19,1898
FNA:19,151674,_ZNKSt3__112basic_stringIcNS_11char_traitsIcEENS_9allocatorIcEEE9__is_longB8ne200100Ev
FNL:20,1905
FNA:20,1183,_ZNSt3__112basic_stringIcNS_11char_traitsIcEENS_9allocatorIcEEE16__begin_lifetimeB8ne200100EPcm
FNL:21,1917
FNA:21,145530,_ZNSt3__112basic_stringIcNS_11char_traitsIcEENS_9allocatorIcEEE13__fits_in_ssoB8ne200100Em
FNL:22,1976
FNA:22,937,_ZNSt3__112basic_stringIcNS_11char_traitsIcEENS_9allocatorIcEEE16__set_short_sizeB8ne200100Em
FNL:23,1983
FNA:23,143765,_ZNKSt3__112basic_stringIcNS_11char_traitsIcEENS_9allocatorIcEEE16__get_short_sizeB8ne200100Ev
FNL:24,1988
FNA:24,1183,_ZNSt3__112basic_stringIcNS_11char_traitsIcEENS_9allocatorIcEEE15__set_long_sizeB8ne200100Em
FNL:25,1992
FNA:25,15,_ZNKSt3__112basic_stringIcNS_11char_traitsIcEENS_9allocatorIcEEE15__get_long_sizeB8ne200100Ev
FNL:26,2004
FNA:26,1183,_ZNSt3__112basic_stringIcNS_11char_traitsIcEENS_9allocatorIcEEE14__set_long_capB8ne200100Em
FNL:27,2010
FNA:27,54,_ZNKSt3__112basic_stringIcNS_11char_traitsIcEENS_9allocatorIcEEE14__get_long_capB8ne200100Ev
FNL:28,2015
FNA:28,1183,_ZNSt3__112basic_stringIcNS_11char_traitsIcEENS_9allocatorIcEEE18__set_long_pointerB8ne200100EPc
FNL:29,2019
FNA:29,54,_ZNSt3__112basic_stringIcNS_11char_traitsIcEENS_9allocatorIcEEE18__get_long_pointerB8ne200100Ev
FNL:30,2024
FNA:30,0,_ZNKSt3__112basic_stringIcNS_11char_traitsIcEENS_9allocatorIcEEE18__get_long_pointerB8ne200100Ev
FNL:31,2030
FNA:31,937,_ZNSt3__112basic_stringIcNS_11char_traitsIcEENS_9allocatorIcEEE19__get_short_pointerB8ne200100Ev
FNL:32,2035
FNA:32,15,_ZNKSt3__112basic_stringIcNS_11char_traitsIcEENS_9allocatorIcEEE19__get_short_pointerB8ne200100Ev
FNL:33,2039
FNA:33,0,_ZNSt3__112basic_stringIcNS_11char_traitsIcEENS_9allocatorIcEEE13__get_pointerB8ne200100Ev
FNL:34,2042
FNA:34,15,_ZNKSt3__112basic_stringIcNS_11char_traitsIcEENS_9allocatorIcEEE13__get_pointerB8ne200100Ev
FNL:35,2061
FNA:35,4359,_ZNKSt3__112basic_stringIcNS_11char_traitsIcEENS_9allocatorIcEEE14__annotate_newB8ne200100Em
FNL:36,2069
FNA:36,5713,_ZNKSt3__112basic_stringIcNS_11char_traitsIcEENS_9allocatorIcEEE17__annotate_deleteB8ne200100Ev
FNL:37,2084
FNA:37,0,_ZNKSt3__112basic_stringIcNS_11char_traitsIcEENS_9allocatorIcEEE17__annotate_shrinkB8ne200100Em
FNL:38,2093
FNA:38,1183,_ZNSt3__112basic_stringIcNS_11char_traitsIcEENS_9allocatorIcEEE10__align_itB8ne200100ILm8EEEmm
FNL:39,2097
FNA:39,1183,_ZNSt3__112basic_stringIcNS_11char_traitsIcEENS_9allocatorIcEEE11__recommendB8ne200100Em
FNL:40,2222
FNA:40,15,_ZNSt3__112basic_stringIcNS_11char_traitsIcEENS_9allocatorIcEEE19__move_assign_allocB8ne200100ERS5_
FNL:41,2229
FNA:41,15,_ZNSt3__112basic_stringIcNS_11char_traitsIcEENS_9allocatorIcEEE19__move_assign_allocB8ne200100ERS5_NS_17integral_constantIbLb1EEE
FNL:42,2270
FNA:42,0,_ZNSt3__112basic_stringIcNS_11char_traitsIcEENS_9allocatorIcEEE20__throw_length_errorB8ne200100Ev
FNL:43,2274
FNA:43,0,_ZNSt3__112basic_stringIcNS_11char_traitsIcEENS_9allocatorIcEEE20__throw_out_of_rangeB8ne200100Ev
FNL:44,2368
FNA:44,2016,_ZNSt3__112basic_stringIcNS_11char_traitsIcEENS_9allocatorIcEEE6__initEPKcm
FNL:45,2392
FNA:45,89,_ZNSt3__112basic_stringIcNS_11char_traitsIcEENS_9allocatorIcEEE25__init_copy_ctor_externalEPKcm
FNL:46,2415
FNA:46,0,_ZNSt3__112basic_stringIcNS_11char_traitsIcEENS_9allocatorIcEEE6__initEmc
FNL:47,2726
FNA:47,15,_ZNSt3__112basic_stringIcNS_11char_traitsIcEENS_9allocatorIcEEE13__move_assignB8ne200100ERS5_NS_17integral_constantIbLb1EEE
FNL:48,3520
FNA:48,0,_ZNKSt3__112basic_stringIcNS_11char_traitsIcEENS_9allocatorIcEEE4findB8ne200100EPKcm
FNL:49,3757
FNA:49,0,_ZNKSt3__112basic_stringIcNS_11char_traitsIcEENS_9allocatorIcEEE7compareEmmPKcm
FNL:50,3858
FNA:50,143425,_ZNSt3__1eqB8ne200100IcNS_11char_traitsIcEENS_9allocatorIcEEEEbRKNS_12basic_stringIT_T0_T1_EEPKS6_
FNL:51,4093
FNA:51,15,_ZNSt3__1plB8ne200100IcNS_11char_traitsIcEENS_9allocatorIcEEEENS_12basic_stringIT_T0_T1_EEOS9_SA_
FNL:52,4099
FNA:52,15,_ZNSt3__1plB8ne200100IcNS_11char_traitsIcEENS_9allocatorIcEEEENS_12basic_stringIT_T0_T1_EEPKS6_OS9_
FNL:53,4112
FNA:53,30,_ZNSt3__1plB8ne200100IcNS_11char_traitsIcEENS_9allocatorIcEEEENS_12basic_stringIT_T0_T1_EEOS9_PKS6_
FNF:54
FNH:39
DA:1006,2538
DA:1011,846
DA:1013,846
DA:1014,846
DA:1015,1692
DA:1032,975
DA:1033,650
DA:1034,325
DA:1035,325
DA:1036,325
DA:1037,325
DA:1038,0
DA:1039,650
DA:1052,2136
DA:1061,3204
DA:1062,1068
DA:1063,0
DA:1064,1068
DA:1065,1068
DA:1066,2136
DA:1067,1068
DA:1068,1068
DA:1069,1068
DA:1070,0
DA:1071,2136
DA:1092,6858
DA:1094,3429
DA:1095,6858
DA:1120,0
DA:1236,11396
DA:1237,5698
DA:1238,5698
DA:1239,49
DA:1240,11396
DA:1260,15
DA:1261,15
DA:1262,15
DA:1269,1430
DA:1270,1430
DA:1310,143455
DA:1311,143455
DA:1315,2095
DA:1316,2095
DA:1317,2095
DA:1318,0
DA:1320,2095
DA:1321,2095
DA:1322,2095
DA:1323,2095
DA:1325,0
DA:1326,0
DA:1330,0
DA:1373,0
DA:1374,0
DA:1387,0
DA:1388,0
DA:1402,15
DA:1403,15
DA:1729,0
DA:1730,15
DA:1731,15
DA:1734,0
DA:1735,0
DA:1898,151674
DA:1902,151674
DA:1905,1183
DA:1915,1183
DA:1917,145530
DA:1976,937
DA:1978,937
DA:1979,937
DA:1980,937
DA:1983,143765
DA:1985,143765
DA:1988,1183
DA:1989,1183
DA:1990,1183
DA:1992,15
DA:1994,15
DA:2004,1183
DA:2006,1183
DA:2007,1183
DA:2008,1183
DA:2010,54
DA:2012,54
DA:2015,1183
DA:2016,1183
DA:2017,1183
DA:2019,54
DA:2021,54
DA:2024,0
DA:2026,0
DA:2030,937
DA:2031,937
DA:2035,15
DA:2036,15
DA:2039,0
DA:2040,0
DA:2042,15
DA:2043,15
DA:2061,4359
DA:2067,4359
DA:2069,5713
DA:2074,5713
DA:2084,0
DA:2090,0
DA:2093,1183
DA:2094,1183
DA:2097,1183
DA:2098,1183
DA:2099,0
DA:2101,1183
DA:2102,1183
DA:2103,1183
DA:2104,0
DA:2107,1183
DA:2108,1183
DA:2222,15
DA:2225,15
DA:2226,15
DA:2227,15
DA:2229,15
DA:2231,15
DA:2232,15
DA:2270,0
DA:2271,0
DA:2274,0
DA:2275,0
DA:2368,2016
DA:2371,2016
DA:2372,0
DA:2373,2016
DA:2374,2016
DA:2375,912
DA:2376,912
DA:2377,912
DA:2378,1104
DA:2379,1104
DA:2380,1104
DA:2381,1104
DA:2382,1104
DA:2383,1104
DA:2384,1104
DA:2385,2016
DA:2386,2016
DA:2387,2016
DA:2388,2016
DA:2392,89
DA:2396,89
DA:2397,89
DA:2398,10
DA:2399,10
DA:2400,10
DA:2401,79
DA:2402,0
DA:2403,79
DA:2404,79
DA:2405,79
DA:2406,79
DA:2407,79
DA:2408,79
DA:2409,79
DA:2410,89
DA:2411,89
DA:2412,89
DA:2415,0
DA:2419,0
DA:2420,0
DA:2421,0
DA:2422,0
DA:2423,0
DA:2424,0
DA:2425,0
DA:2426,0
DA:2427,0
DA:2428,0
DA:2429,0
DA:2430,0
DA:2431,0
DA:2432,0
DA:2433,0
DA:2434,0
DA:2435,0
DA:2436,0
DA:2726,15
DA:2733,15
DA:2734,15
DA:2735,5
DA:2743,5
DA:2744,15
DA:2745,15
DA:2747,15
DA:2748,15
DA:2749,15
DA:2750,15
DA:2752,15
DA:2753,0
DA:2757,15
DA:2766,15
DA:2768,0
DA:2769,15
DA:3520,0
DA:3522,0
DA:3523,0
DA:3757,0
DA:3760,0
DA:3761,0
DA:3762,0
DA:3763,0
DA:3764,0
DA:3765,0
DA:3766,0
DA:3767,0
DA:3768,0
DA:3769,0
DA:3770,0
DA:3771,0
DA:3772,0
DA:3858,143425
DA:3863,143425
DA:3864,143425
DA:3865,0
DA:3866,0
DA:3867,0
DA:3868,143425
DA:3869,102250
DA:3870,41175
DA:3871,143425
DA:4093,15
DA:4094,15
DA:4099,15
DA:4100,15
DA:4112,30
DA:4113,30
LF:234
LH:164
end_of_record
TN:
SF:/Library/Developer/CommandLineTools/SDKs/MacOSX.sdk/usr/include/c++/v1/typeinfo
FNL:0,232
FNA:0,0,_ZNSt27__type_info_implementations30__non_unique_arm_rtti_bit_impl21__type_name_to_stringB8ne200100Em
FNL:1,310
FNA:1,0,_ZNKSt9type_info4nameB8ne200100Ev
FNF:2
FNH:0
DA:232,0
DA:233,0
DA:310,0
LF:3
LH:0
end_of_record
TN:
SF:/Users/azumag/work/obs-stabilizer/src/core/feature_detection.cpp
FNL:0,14,20
FNA:0,55,_ZN16FeatureDetection15FeatureDetectorC1Ev
FNA:0,55,_ZN16FeatureDetection15FeatureDetectorC2Ev
FNL:1,22,23
FNA:1,55,_ZN16FeatureDetection15FeatureDetectorD1Ev
FNA:1,55,_ZN16FeatureDetection15FeatureDetectorD2Ev
FNL:2,25,26
FNA:2,5,_ZNK16FeatureDetection15FeatureDetector12is_availableEv
FNL:3,29,31
FNA:3,15,_ZN16FeatureDetection15FeatureDetector17set_quality_levelEf
FNL:4,33,35
FNA:4,15,_ZN16FeatureDetection15FeatureDetector16set_min_distanceEf
FNL:5,37,39
FNA:5,60,_ZN16FeatureDetection15FeatureDetector14set_block_sizeEi
FNL:6,41,43
FNA:6,60,_ZN16FeatureDetection15FeatureDetector9set_ksizeEi
FNL:7,45,58
FNA:7,95,_ZN16FeatureDetection15FeatureDetector15detect_featuresERKN2cv3MatERNSt3__16vectorINS1_6Point_IfEENS5_9allocatorIS8_EEEE
FNF:8
FNH:8
DA:14,110
DA:15,55
DA:16,55
DA:17,55
DA:18,55
DA:19,55
DA:20,110
DA:22,110
DA:23,110
DA:25,5
DA:26,5
DA:29,15
DA:30,15
DA:31,15
DA:33,15
DA:34,15
DA:35,15
DA:37,60
DA:38,60
DA:39,60
DA:41,60
DA:42,60
DA:43,60
DA:45,95
DA:46,95
DA:47,95
DA:49,190
DA:50,95
DA:51,95
DA:52,95
DA:53,95
DA:55,95
DA:57,95
DA:58,95
LF:34
LH:34
end_of_record
TN:
SF:/Users/azumag/work/obs-stabilizer/src/core/frame_utils.hpp
FNL:0,104,135
FNA:0,7020,_ZN11FRAME_UTILS10Validation15validate_cv_matERKN2cv3MatE
FNL:1,165,185
FNA:1,66200,_ZN11FRAME_UTILS15ColorConversion20convert_to_grayscaleERKN2cv3MatE
FNF:2
FNH:2
DA:104,7020
DA:105,7020
DA:106,15
DA:112,7005
DA:113,0
DA:119,7005
DA:120,7005
DA:122,0
DA:128,7005
DA:129,7005
DA:131,5
DA:134,7000
DA:135,7020
DA:165,66200
DA:166,66200
DA:167,5
DA:170,66195
DA:171,66195
DA:173,66190
DA:174,66190
DA:176,0
DA:177,0
DA:179,5
DA:180,5
DA:182,0
DA:184,66195
DA:185,66200
LF:27
LH:22
end_of_record
TN:
SF:/Users/azumag/work/obs-stabilizer/src/core/logging.hpp
FNL:0,15,22
FNA:0,20,_ZL14core_log_errorPKcz
FNL:1,24,31
FNA:1,59191,_ZL16core_log_warningPKcz
FNL:2,33,40
FNA:2,11907,_ZL13core_log_infoPKcz
FNL:3,42,49
FNA:3,1634,_ZL14core_log_debugPKcz
FNL:4,78,80
FNA:4,0,_ZN17StabilizerLogging13log_exceptionEPKcRKSt9exception
FNL:5,86,88
FNA:5,0,_ZN17StabilizerLogging21log_unknown_exceptionEPKc
FNL:6,95,98
FNA:6,0,_ZN17StabilizerLogging20log_opencv_exceptionEPKcRKN2cv9ExceptionE
FNF:7
FNH:4
DA:15,20
DA:16,20
DA:17,20
DA:18,20
DA:19,20
DA:20,20
DA:21,20
DA:22,20
DA:24,59191
DA:25,59191
DA:26,59191
DA:27,59191
DA:28,59191
DA:29,59191
DA:30,59191
DA:31,59191
DA:33,11907
DA:34,11907
DA:35,11907
DA:36,11907
DA:37,11907
DA:38,11907
DA:39,11907
DA:40,11907
DA:42,1634
DA:43,1634
DA:44,1634
DA:45,1634
DA:46,1634
DA:47,1634
DA:48,1634
DA:49,1634
DA:78,0
DA:79,0
DA:80,0
DA:86,0
DA:87,0
DA:88,0
DA:95,0
DA:96,0
DA:98,0
LF:41
LH:32
end_of_record
TN:
SF:/Users/azumag/work/obs-stabilizer/src/core/parameter_validation.hpp
FNL:0,28,95
FNA:0,1528,_ZN10VALIDATION19validate_parametersERKN14StabilizerCore16StabilizerParamsE
FNF:1
FNH:1
DA:28,1528
DA:31,1528
DA:34,1528
DA:39,1528
DA:44,1528
DA:49,1528
DA:54,1528
DA:59,1528
DA:63,1528
DA:64,5
DA:65,5
DA:68,1528
DA:73,3056
DA:74,1528
DA:75,1528
DA:78,3056
DA:79,1528
DA:80,1528
DA:81,3056
DA:82,1528
DA:83,1528
DA:86,1528
DA:87,0
DA:88,0
DA:91,3056
DA:92,1528
DA:93,1528
DA:95,1528
LF:28
LH:26
end_of_record
TN:
SF:/Users/azumag/work/obs-stabilizer/src/core/stabilizer_core.cpp
FNL:0,180,212
FNA:0,11907,_ZN14StabilizerCore15detect_featuresERKN2cv3MatERNSt3__16vectorINS0_6Point_IfEENS4_9allocatorIS7_EEEE
FNL:1,214,279
FNA:1,57761,_ZN14StabilizerCore14track_featuresERKN2cv3MatES3_RNSt3__16vectorINS0_6Point_IfEENS4_9allocatorIS7_EEEESB_Rf
FNL:2,26,65
FNA:2,1488,_ZN14StabilizerCore10initializeEjjRKNS_16StabilizerParamsE
FNL:3,281,321
FNA:3,0,_ZN14StabilizerCore18estimate_transformERKNSt3__16vectorIN2cv6Point_IfEENS0_9allocatorIS4_EEEERS7_
FNL:4,323,324
FNA:4,0,_ZN14StabilizerCore17smooth_transformsEv
FNL:5,327,351
FNA:5,0,_ZN14StabilizerCore27smooth_transforms_optimizedEv
FNL:6,353,358
FNA:6,59155,_ZN14StabilizerCore14update_metricsERKNSt3__16chrono10time_pointINS1_12steady_clockENS1_8durationIxNS0_5ratioILl1ELl1000000000EEEEEEE
FNL:7,360,378
FNA:7,0,_ZN14StabilizerCore15apply_transformERKN2cv3MatES3_
FNL:8,380,408
FNA:8,35,_ZN14StabilizerCore21detect_content_boundsERKN2cv3MatE
FNL:9,410,479
FNA:9,0,_ZN14StabilizerCore19apply_edge_handlingERKN2cv3MatENS_8EdgeModeE
FNL:10,481,484
FNA:10,720,_ZN14StabilizerCore17update_parametersERKNS_16StabilizerParamsE
FNL:11,486,494
FNA:11,890,_ZN14StabilizerCore5resetEv
FNL:12,496,498
FNA:12,175,_ZNK14StabilizerCore23get_performance_metricsEv
FNL:13,501,503
FNA:13,22,_ZNK14StabilizerCore22get_current_transformsEv
FNL:14,506,508
FNA:14,20,_ZNK14StabilizerCore8is_readyEv
FNL:15,511,513
FNA:15,0,_ZNK14StabilizerCore14get_last_errorEv
FNL:16,516,518
FNA:16,5,_ZNK14StabilizerCore18get_current_paramsEv
FNL:17,521,533
FNA:17,20,_ZN14StabilizerCore17get_preset_gamingEv
FNL:18,536,548
FNA:18,20,_ZN14StabilizerCore20get_preset_streamingEv
FNL:19,551,563
FNA:19,20,_ZN14StabilizerCore20get_preset_recordingEv
FNL:20,566,596
FNA:20,59440,_ZN14StabilizerCore14validate_frameERKN2cv3MatE
FNL:21,67,178
FNA:21,60840,_ZN14StabilizerCore13process_frameERKN2cv3MatE
FNF:22
FNH:16
DA:26,1488
DA:30,1488
DA:37,1488
DA:38,5
DA:39,5
DA:40,5
DA:45,1483
DA:46,0
DA:47,0
DA:49,0
DA:54,1483
DA:56,1483
DA:57,1483
DA:58,1483
DA:59,1483
DA:60,1483
DA:61,1483
DA:62,1483
DA:65,0
DA:67,60840
DA:68,60840
DA:73,60840
DA:74,1420
DA:75,1420
DA:76,1420
DA:80,59420
DA:81,15
DA:82,15
DA:84,15
DA:88,59405
DA:89,250
DA:90,250
DA:95,59155
DA:96,59155
DA:97,0
DA:98,0
DA:99,0
DA:102,59155
DA:103,1394
DA:104,1394
DA:105,1394
DA:106,10
DA:107,10
DA:108,10
DA:110,1384
DA:111,1384
DA:112,1384
DA:113,1384
DA:114,1384
DA:115,1384
DA:118,57761
DA:122,57761
DA:123,57761
DA:124,57761
DA:125,57761
DA:126,57761
DA:128,57761
DA:129,10513
DA:130,10513
DA:131,10513
DA:132,10513
DA:133,57761
DA:134,57761
DA:137,0
DA:139,0
DA:140,0
DA:141,0
DA:142,0
DA:143,0
DA:146,0
DA:147,0
DA:148,0
DA:149,0
DA:151,0
DA:153,0
DA:154,0
DA:156,0
DA:159,0
DA:161,0
DA:163,0
DA:165,59155
DA:166,0
DA:167,0
DA:168,0
DA:169,0
DA:170,0
DA:171,0
DA:172,0
DA:173,0
DA:174,0
DA:175,0
DA:176,0
DA:177,0
DA:178,60840
DA:180,11907
DA:183,11907
DA:188,11907
DA:189,11907
DA:190,11907
DA:193,11907
DA:194,0
DA:195,0
DA:197,11907
DA:199,0
DA:200,0
DA:201,0
DA:202,0
DA:203,0
DA:204,0
DA:205,0
DA:206,0
DA:207,0
DA:208,0
DA:209,0
DA:210,0
DA:211,0
DA:212,11907
DA:214,57761
DA:218,57761
DA:219,0
DA:221,57761
DA:222,70
DA:225,57691
DA:226,57691
DA:227,57691
DA:228,57691
DA:232,57691
DA:233,57691
DA:238,57691
DA:240,57691
DA:241,115382
DA:245,57691
DA:246,57691
DA:247,57691
DA:248,150827
DA:250,93136
DA:251,57671
DA:252,57671
DA:253,57671
DA:254,57671
DA:255,57671
DA:256,93136
DA:257,57691
DA:258,57691
DA:263,57691
DA:264,57691
DA:266,57691
DA:267,0
DA:268,0
DA:269,0
DA:270,0
DA:271,0
DA:272,0
DA:273,0
DA:274,0
DA:275,0
DA:276,0
DA:277,0
DA:278,0
DA:279,57761
DA:281,0
DA:285,0
DA:286,0
DA:288,0
DA:290,0
DA:292,0
DA:296,0
DA:297,0
DA:300,0
DA:301,0
DA:302,0
DA:303,0
DA:304,0
DA:306,0
DA:308,0
DA:309,0
DA:310,0
DA:311,0
DA:312,0
DA:313,0
DA:314,0
DA:315,0
DA:316,0
DA:317,0
DA:318,0
DA:319,0
DA:320,0
DA:321,0
DA:323,0
DA:324,0
DA:327,0
DA:328,0
DA:329,0
DA:332,0
DA:333,0
DA:338,0
DA:339,0
DA:341,0
DA:342,0
DA:343,0
DA:344,0
DA:345,0
DA:347,0
DA:348,0
DA:350,0
DA:351,0
DA:353,59155
DA:354,59155
DA:355,59155
DA:356,59155
DA:357,59155
DA:358,59155
DA:360,0
DA:362,0
DA:363,0
DA:364,0
DA:365,0
DA:366,0
DA:367,0
DA:368,0
DA:369,0
DA:370,0
DA:371,0
DA:372,0
DA:373,0
DA:374,0
DA:375,0
DA:376,0
DA:377,0
DA:378,0
DA:380,35
DA:384,35
DA:385,35
DA:386,0
DA:393,35
DA:394,35
DA:396,35
DA:397,35
DA:400,35
DA:401,5
DA:406,30
DA:407,30
DA:408,35
DA:410,0
DA:412,0
DA:415,0
DA:419,0
DA:422,0
DA:423,0
DA:427,0
DA:428,0
DA:429,0
DA:430,0
DA:432,0
DA:433,0
DA:437,0
DA:440,0
DA:441,0
DA:445,0
DA:446,0
DA:447,0
DA:450,0
DA:451,0
DA:454,0
DA:455,0
DA:456,0
DA:457,0
DA:458,0
DA:460,0
DA:461,0
DA:464,0
DA:466,0
DA:467,0
DA:468,0
DA:469,0
DA:470,0
DA:471,0
DA:472,0
DA:473,0
DA:474,0
DA:475,0
DA:476,0
DA:477,0
DA:478,0
DA:479,0
DA:481,720
DA:483,720
DA:484,720
DA:486,890
DA:488,890
DA:489,890
DA:490,890
DA:491,890
DA:492,890
DA:494,0
DA:496,175
DA:498,175
DA:501,22
DA:503,22
DA:506,20
DA:508,20
DA:511,0
DA:513,0
DA:516,5
DA:518,5
DA:521,20
DA:522,20
DA:523,20
DA:524,20
DA:525,20
DA:526,20
DA:527,20
DA:528,20
DA:529,20
DA:530,20
DA:531,20
DA:532,20
DA:533,20
DA:536,20
DA:537,20
DA:538,20
DA:539,20
DA:540,20
DA:541,20
DA:542,20
DA:543,20
DA:544,20
DA:545,20
DA:546,20
DA:547,20
DA:548,20
DA:551,20
DA:552,20
DA:553,20
DA:554,20
DA:555,20
DA:556,20
DA:557,20
DA:558,20
DA:559,20
DA:560,20
DA:561,20
DA:562,20
DA:563,20
DA:566,59440
DA:567,59440
DA:568,10
DA:570,59430
DA:571,10
DA:573,59420
DA:574,5
DA:580,59415
DA:581,59415
DA:583,5
DA:589,59410
DA:590,59410
DA:592,5
DA:595,59405
DA:596,59440
LF:359
LH:185
end_of_record
TN:
SF:/Users/azumag/work/obs-stabilizer/src/core/stabilizer_core.hpp
FNL:0,29,29
FNA:0,781,_ZN14StabilizerCoreC1Ev
FNA:0,781,_ZN14StabilizerCoreC2Ev
FNA:0,781,_ZN14StabilizerCoreD1Ev
FNA:0,781,_ZN14StabilizerCoreD2Ev
FNL:1,40,66
FNA:1,1341,_ZN14StabilizerCore16StabilizerParamsC1Ev
FNA:1,1341,_ZN14StabilizerCore16StabilizerParamsC2Ev
FNL:2,69,184
FNA:2,781,_ZN14StabilizerCore18PerformanceMetricsC1Ev
FNA:2,781,_ZN14StabilizerCore18PerformanceMetricsC2Ev
FNF:3
FNH:3
DA:29,1562
DA:40,1341
DA:41,1341
DA:42,1341
DA:43,1341
DA:44,1341
DA:45,1341
DA:46,1341
DA:47,1341
DA:48,1341
DA:49,1341
DA:50,1341
DA:53,1341
DA:54,1341
DA:55,1341
DA:58,1341
DA:59,1341
DA:62,1341
DA:63,1341
DA:66,1341
DA:69,781
DA:70,781
DA:71,781
DA:166,781
DA:167,781
DA:168,781
DA:184,781
LF:27
LH:27
end_of_record
TN:
SF:/Users/azumag/work/obs-stabilizer/tests/test_basic.cpp
